{"/Users/sth1pal/Documents/Development/JavaScript/nodejs/ts6/dev/hsLibs/node/hsNode/src/cpUtil.ts": {"path":"/Users/sth1pal/Documents/Development/JavaScript/nodejs/ts6/dev/hsLibs/node/hsNode/src/cpUtil.ts","statementMap":{"0":{"start":{"line":1,"column":14},"end":{"line":1,"column":38}},"1":{"start":{"line":30,"column":4},"end":{"line":39,"column":7}},"2":{"start":{"line":31,"column":8},"end":{"line":38,"column":11}},"3":{"start":{"line":32,"column":12},"end":{"line":37,"column":13}},"4":{"start":{"line":34,"column":16},"end":{"line":34,"column":30}},"5":{"start":{"line":36,"column":16},"end":{"line":36,"column":56}},"6":{"start":{"line":42,"column":9},"end":{"line":42,"column":13}}},"fnMap":{"0":{"name":"exec","decl":{"start":{"line":29,"column":0},"end":{"line":29,"column":13}},"loc":{"start":{"line":29,"column":42},"end":{"line":40,"column":1}}},"1":{"name":"(anonymous_1)","decl":{"start":{"line":30,"column":23},"end":{"line":30,"column":24}},"loc":{"start":{"line":30,"column":106},"end":{"line":39,"column":5}}},"2":{"name":"(anonymous_2)","decl":{"start":{"line":31,"column":34},"end":{"line":31,"column":35}},"loc":{"start":{"line":31,"column":81},"end":{"line":38,"column":9}}}},"branchMap":{"0":{"loc":{"start":{"line":32,"column":12},"end":{"line":37,"column":13}},"type":"if","locations":[{"start":{"line":32,"column":12},"end":{"line":37,"column":13}},{"start":{"line":32,"column":12},"end":{"line":37,"column":13}}]}},"s":{"0":2,"1":2,"2":2,"3":2,"4":1,"5":1,"6":2},"f":{"0":2,"1":2,"2":2},"b":{"0":[1,1]}}
,"/Users/sth1pal/Documents/Development/JavaScript/nodejs/ts6/dev/hsLibs/node/hsNode/src/fsUtil.ts": {"path":"/Users/sth1pal/Documents/Development/JavaScript/nodejs/ts6/dev/hsLibs/node/hsNode/src/fsUtil.ts","statementMap":{"0":{"start":{"line":1,"column":12},"end":{"line":1,"column":25}},"1":{"start":{"line":2,"column":0},"end":{"line":2,"column":28}},"2":{"start":{"line":43,"column":1},"end":{"line":53,"column":6}},"3":{"start":{"line":45,"column":19},"end":{"line":53,"column":4}},"4":{"start":{"line":46,"column":3},"end":{"line":52,"column":6}},"5":{"start":{"line":47,"column":4},"end":{"line":51,"column":5}},"6":{"start":{"line":47,"column":14},"end":{"line":47,"column":26}},"7":{"start":{"line":49,"column":5},"end":{"line":49,"column":26}},"8":{"start":{"line":50,"column":5},"end":{"line":50,"column":20}},"9":{"start":{"line":57,"column":1},"end":{"line":67,"column":6}},"10":{"start":{"line":59,"column":19},"end":{"line":67,"column":4}},"11":{"start":{"line":60,"column":3},"end":{"line":66,"column":6}},"12":{"start":{"line":61,"column":4},"end":{"line":65,"column":5}},"13":{"start":{"line":61,"column":14},"end":{"line":61,"column":26}},"14":{"start":{"line":63,"column":5},"end":{"line":63,"column":26}},"15":{"start":{"line":64,"column":5},"end":{"line":64,"column":20}},"16":{"start":{"line":71,"column":16},"end":{"line":71,"column":67}},"17":{"start":{"line":72,"column":4},"end":{"line":72,"column":25}},"18":{"start":{"line":84,"column":1},"end":{"line":87,"column":18}},"19":{"start":{"line":85,"column":2},"end":{"line":85,"column":100}},"20":{"start":{"line":85,"column":57},"end":{"line":85,"column":97}},"21":{"start":{"line":83,"column":0},"end":{"line":88,"column":1}},"22":{"start":{"line":96,"column":1},"end":{"line":98,"column":7}},"23":{"start":{"line":97,"column":8},"end":{"line":97,"column":85}},"24":{"start":{"line":97,"column":42},"end":{"line":97,"column":55}},"25":{"start":{"line":97,"column":69},"end":{"line":97,"column":83}},"26":{"start":{"line":95,"column":0},"end":{"line":99,"column":1}},"27":{"start":{"line":107,"column":1},"end":{"line":109,"column":7}},"28":{"start":{"line":108,"column":8},"end":{"line":108,"column":95}},"29":{"start":{"line":108,"column":42},"end":{"line":108,"column":65}},"30":{"start":{"line":108,"column":79},"end":{"line":108,"column":93}},"31":{"start":{"line":106,"column":0},"end":{"line":110,"column":1}},"32":{"start":{"line":118,"column":1},"end":{"line":120,"column":7}},"33":{"start":{"line":119,"column":8},"end":{"line":119,"column":100}},"34":{"start":{"line":119,"column":42},"end":{"line":119,"column":70}},"35":{"start":{"line":119,"column":84},"end":{"line":119,"column":98}},"36":{"start":{"line":117,"column":0},"end":{"line":121,"column":1}},"37":{"start":{"line":129,"column":1},"end":{"line":131,"column":7}},"38":{"start":{"line":130,"column":8},"end":{"line":130,"column":104}},"39":{"start":{"line":130,"column":43},"end":{"line":130,"column":74}},"40":{"start":{"line":130,"column":88},"end":{"line":130,"column":102}},"41":{"start":{"line":128,"column":0},"end":{"line":132,"column":1}},"42":{"start":{"line":140,"column":1},"end":{"line":151,"column":22}},"43":{"start":{"line":142,"column":19},"end":{"line":150,"column":4}},"44":{"start":{"line":143,"column":3},"end":{"line":149,"column":6}},"45":{"start":{"line":144,"column":4},"end":{"line":148,"column":5}},"46":{"start":{"line":144,"column":14},"end":{"line":144,"column":26}},"47":{"start":{"line":146,"column":5},"end":{"line":146,"column":26}},"48":{"start":{"line":147,"column":5},"end":{"line":147,"column":20}},"49":{"start":{"line":139,"column":0},"end":{"line":152,"column":1}},"50":{"start":{"line":162,"column":1},"end":{"line":169,"column":18}},"51":{"start":{"line":163,"column":17},"end":{"line":163,"column":36}},"52":{"start":{"line":164,"column":2},"end":{"line":167,"column":5}},"53":{"start":{"line":165,"column":12},"end":{"line":166,"column":35}},"54":{"start":{"line":165,"column":23},"end":{"line":165,"column":35}},"55":{"start":{"line":166,"column":19},"end":{"line":166,"column":33}},"56":{"start":{"line":161,"column":0},"end":{"line":170,"column":1}},"57":{"start":{"line":178,"column":1},"end":{"line":179,"column":18}},"58":{"start":{"line":177,"column":0},"end":{"line":180,"column":1}},"59":{"start":{"line":188,"column":4},"end":{"line":190,"column":18}},"60":{"start":{"line":189,"column":21},"end":{"line":189,"column":72}},"61":{"start":{"line":187,"column":0},"end":{"line":191,"column":1}},"62":{"start":{"line":201,"column":1},"end":{"line":205,"column":18}},"63":{"start":{"line":202,"column":21},"end":{"line":202,"column":54}},"64":{"start":{"line":203,"column":5},"end":{"line":203,"column":96}},"65":{"start":{"line":203,"column":59},"end":{"line":203,"column":94}},"66":{"start":{"line":200,"column":0},"end":{"line":206,"column":1}},"67":{"start":{"line":215,"column":1},"end":{"line":221,"column":18}},"68":{"start":{"line":216,"column":16},"end":{"line":216,"column":70}},"69":{"start":{"line":217,"column":8},"end":{"line":217,"column":48}},"70":{"start":{"line":217,"column":35},"end":{"line":217,"column":46}},"71":{"start":{"line":218,"column":8},"end":{"line":218,"column":59}},"72":{"start":{"line":218,"column":41},"end":{"line":218,"column":57}},"73":{"start":{"line":219,"column":8},"end":{"line":219,"column":16}},"74":{"start":{"line":214,"column":0},"end":{"line":222,"column":1}},"75":{"start":{"line":230,"column":1},"end":{"line":231,"column":18}},"76":{"start":{"line":229,"column":0},"end":{"line":232,"column":1}},"77":{"start":{"line":241,"column":4},"end":{"line":244,"column":18}},"78":{"start":{"line":243,"column":15},"end":{"line":243,"column":43}},"79":{"start":{"line":240,"column":0},"end":{"line":245,"column":1}},"80":{"start":{"line":255,"column":1},"end":{"line":260,"column":18}},"81":{"start":{"line":256,"column":21},"end":{"line":256,"column":54}},"82":{"start":{"line":257,"column":8},"end":{"line":257,"column":100}},"83":{"start":{"line":257,"column":63},"end":{"line":257,"column":98}},"84":{"start":{"line":254,"column":0},"end":{"line":261,"column":1}},"85":{"start":{"line":269,"column":1},"end":{"line":272,"column":18}},"86":{"start":{"line":270,"column":8},"end":{"line":270,"column":73}},"87":{"start":{"line":270,"column":39},"end":{"line":270,"column":70}},"88":{"start":{"line":268,"column":0},"end":{"line":273,"column":1}}},"fnMap":{"0":{"name":"stat","decl":{"start":{"line":42,"column":0},"end":{"line":42,"column":13}},"loc":{"start":{"line":42,"column":28},"end":{"line":54,"column":1}}},"1":{"name":"(anonymous_1)","decl":{"start":{"line":45,"column":8},"end":{"line":45,"column":14}},"loc":{"start":{"line":45,"column":19},"end":{"line":53,"column":4}}},"2":{"name":"(anonymous_2)","decl":{"start":{"line":45,"column":31},"end":{"line":45,"column":32}},"loc":{"start":{"line":45,"column":71},"end":{"line":53,"column":3}}},"3":{"name":"(anonymous_3)","decl":{"start":{"line":46,"column":20},"end":{"line":46,"column":21}},"loc":{"start":{"line":46,"column":45},"end":{"line":52,"column":4}}},"4":{"name":"lstat","decl":{"start":{"line":56,"column":0},"end":{"line":56,"column":14}},"loc":{"start":{"line":56,"column":29},"end":{"line":68,"column":1}}},"5":{"name":"(anonymous_5)","decl":{"start":{"line":59,"column":8},"end":{"line":59,"column":14}},"loc":{"start":{"line":59,"column":19},"end":{"line":67,"column":4}}},"6":{"name":"(anonymous_6)","decl":{"start":{"line":59,"column":31},"end":{"line":59,"column":32}},"loc":{"start":{"line":59,"column":51},"end":{"line":67,"column":3}}},"7":{"name":"(anonymous_7)","decl":{"start":{"line":60,"column":21},"end":{"line":60,"column":22}},"loc":{"start":{"line":60,"column":44},"end":{"line":66,"column":4}}},"8":{"name":"error","decl":{"start":{"line":70,"column":0},"end":{"line":70,"column":14}},"loc":{"start":{"line":70,"column":22},"end":{"line":73,"column":1}}},"9":{"name":"realPath","decl":{"start":{"line":83,"column":0},"end":{"line":83,"column":24}},"loc":{"start":{"line":83,"column":39},"end":{"line":88,"column":1}}},"10":{"name":"(anonymous_10)","decl":{"start":{"line":84,"column":20},"end":{"line":84,"column":21}},"loc":{"start":{"line":84,"column":76},"end":{"line":86,"column":5}}},"11":{"name":"(anonymous_11)","decl":{"start":{"line":85,"column":23},"end":{"line":85,"column":24}},"loc":{"start":{"line":85,"column":57},"end":{"line":85,"column":97}}},"12":{"name":"pathExists","decl":{"start":{"line":95,"column":0},"end":{"line":95,"column":26}},"loc":{"start":{"line":95,"column":41},"end":{"line":99,"column":1}}},"13":{"name":"(anonymous_13)","decl":{"start":{"line":96,"column":20},"end":{"line":96,"column":21}},"loc":{"start":{"line":96,"column":32},"end":{"line":98,"column":5}}},"14":{"name":"(anonymous_14)","decl":{"start":{"line":97,"column":27},"end":{"line":97,"column":28}},"loc":{"start":{"line":97,"column":42},"end":{"line":97,"column":55}}},"15":{"name":"(anonymous_15)","decl":{"start":{"line":97,"column":63},"end":{"line":97,"column":65}},"loc":{"start":{"line":97,"column":69},"end":{"line":97,"column":83}}},"16":{"name":"isFile","decl":{"start":{"line":106,"column":0},"end":{"line":106,"column":22}},"loc":{"start":{"line":106,"column":37},"end":{"line":110,"column":1}}},"17":{"name":"(anonymous_17)","decl":{"start":{"line":107,"column":20},"end":{"line":107,"column":21}},"loc":{"start":{"line":107,"column":32},"end":{"line":109,"column":5}}},"18":{"name":"(anonymous_18)","decl":{"start":{"line":108,"column":27},"end":{"line":108,"column":28}},"loc":{"start":{"line":108,"column":42},"end":{"line":108,"column":65}}},"19":{"name":"(anonymous_19)","decl":{"start":{"line":108,"column":73},"end":{"line":108,"column":75}},"loc":{"start":{"line":108,"column":79},"end":{"line":108,"column":93}}},"20":{"name":"isDirectory","decl":{"start":{"line":117,"column":0},"end":{"line":117,"column":27}},"loc":{"start":{"line":117,"column":42},"end":{"line":121,"column":1}}},"21":{"name":"(anonymous_21)","decl":{"start":{"line":118,"column":20},"end":{"line":118,"column":21}},"loc":{"start":{"line":118,"column":32},"end":{"line":120,"column":5}}},"22":{"name":"(anonymous_22)","decl":{"start":{"line":119,"column":27},"end":{"line":119,"column":28}},"loc":{"start":{"line":119,"column":42},"end":{"line":119,"column":70}}},"23":{"name":"(anonymous_23)","decl":{"start":{"line":119,"column":78},"end":{"line":119,"column":80}},"loc":{"start":{"line":119,"column":84},"end":{"line":119,"column":98}}},"24":{"name":"isLink","decl":{"start":{"line":128,"column":0},"end":{"line":128,"column":22}},"loc":{"start":{"line":128,"column":37},"end":{"line":132,"column":1}}},"25":{"name":"(anonymous_25)","decl":{"start":{"line":129,"column":20},"end":{"line":129,"column":21}},"loc":{"start":{"line":129,"column":32},"end":{"line":131,"column":5}}},"26":{"name":"(anonymous_26)","decl":{"start":{"line":130,"column":28},"end":{"line":130,"column":29}},"loc":{"start":{"line":130,"column":43},"end":{"line":130,"column":74}}},"27":{"name":"(anonymous_27)","decl":{"start":{"line":130,"column":82},"end":{"line":130,"column":84}},"loc":{"start":{"line":130,"column":88},"end":{"line":130,"column":102}}},"28":{"name":"readDir","decl":{"start":{"line":139,"column":0},"end":{"line":139,"column":23}},"loc":{"start":{"line":139,"column":38},"end":{"line":152,"column":1}}},"29":{"name":"(anonymous_29)","decl":{"start":{"line":142,"column":8},"end":{"line":142,"column":14}},"loc":{"start":{"line":142,"column":19},"end":{"line":150,"column":4}}},"30":{"name":"(anonymous_30)","decl":{"start":{"line":142,"column":31},"end":{"line":142,"column":32}},"loc":{"start":{"line":142,"column":85},"end":{"line":150,"column":3}}},"31":{"name":"(anonymous_31)","decl":{"start":{"line":143,"column":23},"end":{"line":143,"column":24}},"loc":{"start":{"line":143,"column":46},"end":{"line":149,"column":4}}},"32":{"name":"readFile","decl":{"start":{"line":161,"column":0},"end":{"line":161,"column":24}},"loc":{"start":{"line":161,"column":52},"end":{"line":170,"column":1}}},"33":{"name":"(anonymous_33)","decl":{"start":{"line":162,"column":20},"end":{"line":162,"column":21}},"loc":{"start":{"line":162,"column":73},"end":{"line":168,"column":2}}},"34":{"name":"(anonymous_34)","decl":{"start":{"line":164,"column":33},"end":{"line":164,"column":34}},"loc":{"start":{"line":164,"column":55},"end":{"line":167,"column":3}}},"35":{"name":"readTextFile","decl":{"start":{"line":177,"column":0},"end":{"line":177,"column":28}},"loc":{"start":{"line":177,"column":43},"end":{"line":180,"column":1}}},"36":{"name":"readJsonFile","decl":{"start":{"line":187,"column":0},"end":{"line":187,"column":28}},"loc":{"start":{"line":187,"column":43},"end":{"line":191,"column":1}}},"37":{"name":"(anonymous_37)","decl":{"start":{"line":189,"column":7},"end":{"line":189,"column":8}},"loc":{"start":{"line":189,"column":21},"end":{"line":189,"column":72}}},"38":{"name":"writeFile","decl":{"start":{"line":200,"column":0},"end":{"line":200,"column":25}},"loc":{"start":{"line":200,"column":77},"end":{"line":206,"column":1}}},"39":{"name":"(anonymous_39)","decl":{"start":{"line":201,"column":20},"end":{"line":201,"column":21}},"loc":{"start":{"line":201,"column":40},"end":{"line":204,"column":2}}},"40":{"name":"(anonymous_40)","decl":{"start":{"line":203,"column":46},"end":{"line":203,"column":47}},"loc":{"start":{"line":203,"column":59},"end":{"line":203,"column":94}}},"41":{"name":"writeStream","decl":{"start":{"line":214,"column":0},"end":{"line":214,"column":27}},"loc":{"start":{"line":214,"column":58},"end":{"line":222,"column":1}}},"42":{"name":"(anonymous_42)","decl":{"start":{"line":215,"column":20},"end":{"line":215,"column":21}},"loc":{"start":{"line":215,"column":40},"end":{"line":220,"column":2}}},"43":{"name":"(anonymous_43)","decl":{"start":{"line":217,"column":22},"end":{"line":217,"column":23}},"loc":{"start":{"line":217,"column":35},"end":{"line":217,"column":46}}},"44":{"name":"(anonymous_44)","decl":{"start":{"line":218,"column":35},"end":{"line":218,"column":37}},"loc":{"start":{"line":218,"column":41},"end":{"line":218,"column":57}}},"45":{"name":"writeTextFile","decl":{"start":{"line":229,"column":0},"end":{"line":229,"column":29}},"loc":{"start":{"line":229,"column":60},"end":{"line":232,"column":1}}},"46":{"name":"writeJsonFile","decl":{"start":{"line":240,"column":0},"end":{"line":240,"column":29}},"loc":{"start":{"line":240,"column":53},"end":{"line":245,"column":1}}},"47":{"name":"(anonymous_47)","decl":{"start":{"line":243,"column":7},"end":{"line":243,"column":10}},"loc":{"start":{"line":243,"column":15},"end":{"line":243,"column":43}}},"48":{"name":"appendFile","decl":{"start":{"line":254,"column":0},"end":{"line":254,"column":26}},"loc":{"start":{"line":254,"column":78},"end":{"line":261,"column":1}}},"49":{"name":"(anonymous_49)","decl":{"start":{"line":255,"column":20},"end":{"line":255,"column":21}},"loc":{"start":{"line":255,"column":40},"end":{"line":258,"column":5}}},"50":{"name":"(anonymous_50)","decl":{"start":{"line":257,"column":50},"end":{"line":257,"column":51}},"loc":{"start":{"line":257,"column":63},"end":{"line":257,"column":98}}},"51":{"name":"remove","decl":{"start":{"line":268,"column":0},"end":{"line":268,"column":22}},"loc":{"start":{"line":268,"column":37},"end":{"line":273,"column":1}}},"52":{"name":"(anonymous_52)","decl":{"start":{"line":269,"column":20},"end":{"line":269,"column":21}},"loc":{"start":{"line":269,"column":76},"end":{"line":271,"column":2}}},"53":{"name":"(anonymous_53)","decl":{"start":{"line":270,"column":27},"end":{"line":270,"column":28}},"loc":{"start":{"line":270,"column":39},"end":{"line":270,"column":70}}}},"branchMap":{"0":{"loc":{"start":{"line":47,"column":4},"end":{"line":51,"column":5}},"type":"if","locations":[{"start":{"line":47,"column":4},"end":{"line":51,"column":5}},{"start":{"line":47,"column":4},"end":{"line":51,"column":5}}]},"1":{"loc":{"start":{"line":61,"column":4},"end":{"line":65,"column":5}},"type":"if","locations":[{"start":{"line":61,"column":4},"end":{"line":65,"column":5}},{"start":{"line":61,"column":4},"end":{"line":65,"column":5}}]},"2":{"loc":{"start":{"line":85,"column":62},"end":{"line":85,"column":73}},"type":"cond-expr","locations":[{"start":{"line":85,"column":62},"end":{"line":85,"column":73}},{"start":{"line":85,"column":76},"end":{"line":85,"column":97}}]},"3":{"loc":{"start":{"line":144,"column":4},"end":{"line":148,"column":5}},"type":"if","locations":[{"start":{"line":144,"column":4},"end":{"line":148,"column":5}},{"start":{"line":144,"column":4},"end":{"line":148,"column":5}}]},"4":{"loc":{"start":{"line":161,"column":48},"end":{"line":161,"column":52}},"type":"default-arg","locations":[{"start":{"line":161,"column":48},"end":{"line":161,"column":52}}]},"5":{"loc":{"start":{"line":163,"column":25},"end":{"line":163,"column":31}},"type":"cond-expr","locations":[{"start":{"line":163,"column":25},"end":{"line":163,"column":31}},{"start":{"line":163,"column":34},"end":{"line":163,"column":36}}]},"6":{"loc":{"start":{"line":165,"column":12},"end":{"line":166,"column":35}},"type":"if","locations":[{"start":{"line":165,"column":12},"end":{"line":166,"column":35}},{"start":{"line":165,"column":12},"end":{"line":166,"column":35}}]},"7":{"loc":{"start":{"line":189,"column":49},"end":{"line":189,"column":65}},"type":"cond-expr","locations":[{"start":{"line":189,"column":49},"end":{"line":189,"column":65}},{"start":{"line":189,"column":68},"end":{"line":189,"column":72}}]},"8":{"loc":{"start":{"line":200,"column":73},"end":{"line":200,"column":77}},"type":"default-arg","locations":[{"start":{"line":200,"column":73},"end":{"line":200,"column":77}}]},"9":{"loc":{"start":{"line":202,"column":29},"end":{"line":202,"column":35}},"type":"cond-expr","locations":[{"start":{"line":202,"column":29},"end":{"line":202,"column":35}},{"start":{"line":202,"column":38},"end":{"line":202,"column":54}}]},"10":{"loc":{"start":{"line":203,"column":64},"end":{"line":203,"column":75}},"type":"cond-expr","locations":[{"start":{"line":203,"column":64},"end":{"line":203,"column":75}},{"start":{"line":203,"column":78},"end":{"line":203,"column":94}}]},"11":{"loc":{"start":{"line":254,"column":74},"end":{"line":254,"column":78}},"type":"default-arg","locations":[{"start":{"line":254,"column":74},"end":{"line":254,"column":78}}]},"12":{"loc":{"start":{"line":256,"column":29},"end":{"line":256,"column":35}},"type":"cond-expr","locations":[{"start":{"line":256,"column":29},"end":{"line":256,"column":35}},{"start":{"line":256,"column":38},"end":{"line":256,"column":54}}]},"13":{"loc":{"start":{"line":257,"column":68},"end":{"line":257,"column":79}},"type":"cond-expr","locations":[{"start":{"line":257,"column":68},"end":{"line":257,"column":79}},{"start":{"line":257,"column":82},"end":{"line":257,"column":98}}]},"14":{"loc":{"start":{"line":270,"column":42},"end":{"line":270,"column":51}},"type":"cond-expr","locations":[{"start":{"line":270,"column":42},"end":{"line":270,"column":51}},{"start":{"line":270,"column":54},"end":{"line":270,"column":70}}]}},"s":{"0":2,"1":2,"2":14,"3":9,"4":9,"5":9,"6":0,"7":9,"8":9,"9":3,"10":3,"11":3,"12":3,"13":1,"14":2,"15":2,"16":8,"17":8,"18":19,"19":19,"20":19,"21":2,"22":3,"23":3,"24":1,"25":2,"26":2,"27":7,"28":7,"29":5,"30":2,"31":2,"32":4,"33":4,"34":3,"35":1,"36":2,"37":3,"38":3,"39":2,"40":1,"41":2,"42":2,"43":1,"44":1,"45":1,"46":0,"47":1,"48":1,"49":2,"50":9,"51":9,"52":9,"53":9,"54":1,"55":8,"56":2,"57":2,"58":2,"59":2,"60":2,"61":2,"62":5,"63":5,"64":5,"65":5,"66":2,"67":0,"68":0,"69":0,"70":0,"71":0,"72":0,"73":0,"74":2,"75":4,"76":2,"77":2,"78":2,"79":2,"80":4,"81":4,"82":4,"83":3,"84":2,"85":6,"86":6,"87":5,"88":2},"f":{"0":14,"1":9,"2":9,"3":9,"4":3,"5":3,"6":3,"7":3,"8":8,"9":19,"10":19,"11":19,"12":3,"13":3,"14":1,"15":2,"16":7,"17":7,"18":5,"19":2,"20":4,"21":4,"22":3,"23":1,"24":3,"25":3,"26":2,"27":1,"28":2,"29":1,"30":1,"31":1,"32":9,"33":9,"34":9,"35":2,"36":2,"37":2,"38":5,"39":5,"40":5,"41":0,"42":0,"43":0,"44":0,"45":4,"46":2,"47":2,"48":4,"49":4,"50":3,"51":6,"52":6,"53":5},"b":{"0":[0,9],"1":[1,2],"2":[6,13],"3":[0,1],"4":[0],"5":[4,5],"6":[1,8],"7":[2,0],"8":[0],"9":[4,1],"10":[0,5],"11":[2],"12":[2,2],"13":[0,3],"14":[0,5]}}
,"/Users/sth1pal/Documents/Development/JavaScript/nodejs/ts6/dev/hsLibs/node/hsNode/src/httpUtil.ts": {"path":"/Users/sth1pal/Documents/Development/JavaScript/nodejs/ts6/dev/hsLibs/node/hsNode/src/httpUtil.ts","statementMap":{"0":{"start":{"line":7,"column":15},"end":{"line":7,"column":30}},"1":{"start":{"line":8,"column":0},"end":{"line":8,"column":32}},"2":{"start":{"line":9,"column":0},"end":{"line":9,"column":35}},"3":{"start":{"line":10,"column":0},"end":{"line":10,"column":34}},"4":{"start":{"line":10,"column":48},"end":{"line":10,"column":67}},"5":{"start":{"line":33,"column":4},"end":{"line":33,"column":11}},"6":{"start":{"line":38,"column":8},"end":{"line":38,"column":33}},"7":{"start":{"line":39,"column":8},"end":{"line":39,"column":33}},"8":{"start":{"line":46,"column":18},"end":{"line":46,"column":26}},"9":{"start":{"line":47,"column":22},"end":{"line":47,"column":49}},"10":{"start":{"line":48,"column":8},"end":{"line":48,"column":52}},"11":{"start":{"line":49,"column":17},"end":{"line":49,"column":29}},"12":{"start":{"line":50,"column":8},"end":{"line":50,"column":53}},"13":{"start":{"line":61,"column":8},"end":{"line":66,"column":9}},"14":{"start":{"line":62,"column":29},"end":{"line":62,"column":46}},"15":{"start":{"line":63,"column":12},"end":{"line":63,"column":58}},"16":{"start":{"line":64,"column":12},"end":{"line":64,"column":60}},"17":{"start":{"line":65,"column":12},"end":{"line":65,"column":33}},"18":{"start":{"line":67,"column":8},"end":{"line":67,"column":40}},"19":{"start":{"line":71,"column":8},"end":{"line":71,"column":110}},"20":{"start":{"line":71,"column":53},"end":{"line":71,"column":108}},"21":{"start":{"line":72,"column":8},"end":{"line":72,"column":98}},"22":{"start":{"line":74,"column":28},"end":{"line":74,"column":85}},"23":{"start":{"line":75,"column":18},"end":{"line":75,"column":35}},"24":{"start":{"line":76,"column":19},"end":{"line":76,"column":73}},"25":{"start":{"line":77,"column":8},"end":{"line":77,"column":25}},"26":{"start":{"line":78,"column":18},"end":{"line":78,"column":35}},"27":{"start":{"line":79,"column":8},"end":{"line":79,"column":51}},"28":{"start":{"line":80,"column":8},"end":{"line":80,"column":25}},"29":{"start":{"line":82,"column":27},"end":{"line":82,"column":61}},"30":{"start":{"line":83,"column":19},"end":{"line":83,"column":36}},"31":{"start":{"line":84,"column":8},"end":{"line":84,"column":111}},"32":{"start":{"line":85,"column":8},"end":{"line":85,"column":26}},"33":{"start":{"line":88,"column":29},"end":{"line":96,"column":9}},"34":{"start":{"line":98,"column":8},"end":{"line":98,"column":42}},"35":{"start":{"line":100,"column":8},"end":{"line":103,"column":9}},"36":{"start":{"line":101,"column":12},"end":{"line":101,"column":31}},"37":{"start":{"line":102,"column":12},"end":{"line":102,"column":39}},"38":{"start":{"line":105,"column":8},"end":{"line":105,"column":66}},"39":{"start":{"line":106,"column":8},"end":{"line":106,"column":32}},"40":{"start":{"line":32,"column":0},"end":{"line":108,"column":1}},"41":{"start":{"line":115,"column":20},"end":{"line":115,"column":22}},"42":{"start":{"line":116,"column":4},"end":{"line":118,"column":7}},"43":{"start":{"line":117,"column":8},"end":{"line":117,"column":82}},"44":{"start":{"line":117,"column":57},"end":{"line":117,"column":80}},"45":{"start":{"line":119,"column":4},"end":{"line":119,"column":21}},"46":{"start":{"line":127,"column":16},"end":{"line":127,"column":18}},"47":{"start":{"line":128,"column":4},"end":{"line":133,"column":5}},"48":{"start":{"line":129,"column":8},"end":{"line":132,"column":9}},"49":{"start":{"line":130,"column":24},"end":{"line":130,"column":85}},"50":{"start":{"line":131,"column":12},"end":{"line":131,"column":30}},"51":{"start":{"line":134,"column":4},"end":{"line":134,"column":39}},"52":{"start":{"line":142,"column":4},"end":{"line":142,"column":42}},"53":{"start":{"line":146,"column":4},"end":{"line":146,"column":52}},"54":{"start":{"line":147,"column":19},"end":{"line":147,"column":21}},"55":{"start":{"line":148,"column":4},"end":{"line":151,"column":7}},"56":{"start":{"line":149,"column":19},"end":{"line":149,"column":62}},"57":{"start":{"line":149,"column":53},"end":{"line":149,"column":61}},"58":{"start":{"line":150,"column":8},"end":{"line":150,"column":49}},"59":{"start":{"line":152,"column":4},"end":{"line":152,"column":18}},"60":{"start":{"line":156,"column":19},"end":{"line":161,"column":5}},"61":{"start":{"line":162,"column":19},"end":{"line":162,"column":38}},"62":{"start":{"line":163,"column":4},"end":{"line":163,"column":50}},"63":{"start":{"line":176,"column":15},"end":{"line":176,"column":20}},"64":{"start":{"line":177,"column":4},"end":{"line":177,"column":74}},"65":{"start":{"line":177,"column":60},"end":{"line":177,"column":72}},"66":{"start":{"line":178,"column":4},"end":{"line":196,"column":5}},"67":{"start":{"line":179,"column":19},"end":{"line":179,"column":21}},"68":{"start":{"line":180,"column":8},"end":{"line":180,"column":142}},"69":{"start":{"line":181,"column":20},"end":{"line":187,"column":10}},"70":{"start":{"line":182,"column":29},"end":{"line":182,"column":85}},"71":{"start":{"line":183,"column":12},"end":{"line":183,"column":83}},"72":{"start":{"line":184,"column":12},"end":{"line":184,"column":38}},"73":{"start":{"line":185,"column":12},"end":{"line":185,"column":65}},"74":{"start":{"line":185,"column":47},"end":{"line":185,"column":61}},"75":{"start":{"line":186,"column":12},"end":{"line":186,"column":108}},"76":{"start":{"line":186,"column":34},"end":{"line":186,"column":68}},"77":{"start":{"line":186,"column":69},"end":{"line":186,"column":104}},"78":{"start":{"line":188,"column":8},"end":{"line":188,"column":46}},"79":{"start":{"line":188,"column":35},"end":{"line":188,"column":44}},"80":{"start":{"line":191,"column":8},"end":{"line":191,"column":60}},"81":{"start":{"line":191,"column":38},"end":{"line":191,"column":58}},"82":{"start":{"line":192,"column":8},"end":{"line":192,"column":18}},"83":{"start":{"line":195,"column":8},"end":{"line":195,"column":96}},"84":{"start":{"line":175,"column":0},"end":{"line":197,"column":1}},"85":{"start":{"line":207,"column":4},"end":{"line":224,"column":5}},"86":{"start":{"line":208,"column":24},"end":{"line":208,"column":36}},"87":{"start":{"line":209,"column":8},"end":{"line":220,"column":10}},"88":{"start":{"line":222,"column":8},"end":{"line":222,"column":22}},"89":{"start":{"line":223,"column":8},"end":{"line":223,"column":94}},"90":{"start":{"line":225,"column":4},"end":{"line":225,"column":80}},"91":{"start":{"line":225,"column":28},"end":{"line":225,"column":78}},"92":{"start":{"line":226,"column":4},"end":{"line":226,"column":28}},"93":{"start":{"line":205,"column":0},"end":{"line":227,"column":1}},"94":{"start":{"line":230,"column":17},"end":{"line":230,"column":59}},"95":{"start":{"line":231,"column":4},"end":{"line":231,"column":27}},"96":{"start":{"line":232,"column":4},"end":{"line":232,"column":21}},"97":{"start":{"line":233,"column":4},"end":{"line":239,"column":5}},"98":{"start":{"line":234,"column":8},"end":{"line":238,"column":9}},"99":{"start":{"line":235,"column":24},"end":{"line":235,"column":44}},"100":{"start":{"line":236,"column":12},"end":{"line":236,"column":56}},"101":{"start":{"line":237,"column":12},"end":{"line":237,"column":79}},"102":{"start":{"line":240,"column":4},"end":{"line":240,"column":15}},"103":{"start":{"line":245,"column":4},"end":{"line":265,"column":5}},"104":{"start":{"line":246,"column":22},"end":{"line":246,"column":40}},"105":{"start":{"line":247,"column":8},"end":{"line":264,"column":9}},"106":{"start":{"line":248,"column":12},"end":{"line":248,"column":55}},"107":{"start":{"line":249,"column":12},"end":{"line":249,"column":34}},"108":{"start":{"line":250,"column":12},"end":{"line":250,"column":45}},"109":{"start":{"line":251,"column":24},"end":{"line":251,"column":46}},"110":{"start":{"line":252,"column":23},"end":{"line":252,"column":47}},"111":{"start":{"line":253,"column":12},"end":{"line":260,"column":13}},"112":{"start":{"line":254,"column":30},"end":{"line":254,"column":75}},"113":{"start":{"line":255,"column":16},"end":{"line":255,"column":60}},"114":{"start":{"line":256,"column":16},"end":{"line":256,"column":61}},"115":{"start":{"line":259,"column":16},"end":{"line":259,"column":63}},"116":{"start":{"line":262,"column":12},"end":{"line":262,"column":34}},"117":{"start":{"line":263,"column":12},"end":{"line":263,"column":21}},"118":{"start":{"line":266,"column":4},"end":{"line":266,"column":18}},"119":{"start":{"line":243,"column":0},"end":{"line":267,"column":1}}},"fnMap":{"0":{"name":"(anonymous_0)","decl":{"start":{"line":37,"column":4},"end":{"line":37,"column":15}},"loc":{"start":{"line":37,"column":48},"end":{"line":40,"column":5}}},"1":{"name":"(anonymous_1)","decl":{"start":{"line":45,"column":4},"end":{"line":45,"column":11}},"loc":{"start":{"line":45,"column":12},"end":{"line":51,"column":5}}},"2":{"name":"(anonymous_2)","decl":{"start":{"line":57,"column":4},"end":{"line":57,"column":17}},"loc":{"start":{"line":57,"column":29},"end":{"line":68,"column":5}}},"3":{"name":"(anonymous_3)","decl":{"start":{"line":70,"column":4},"end":{"line":70,"column":17}},"loc":{"start":{"line":70,"column":69},"end":{"line":107,"column":5}}},"4":{"name":"omitNull","decl":{"start":{"line":110,"column":0},"end":{"line":110,"column":17}},"loc":{"start":{"line":110,"column":26},"end":{"line":120,"column":1}}},"5":{"name":"(anonymous_5)","decl":{"start":{"line":116,"column":30},"end":{"line":116,"column":31}},"loc":{"start":{"line":116,"column":43},"end":{"line":118,"column":5}}},"6":{"name":"compileParams","decl":{"start":{"line":126,"column":0},"end":{"line":126,"column":22}},"loc":{"start":{"line":126,"column":33},"end":{"line":135,"column":1}}},"7":{"name":"putDoubleQuotes","decl":{"start":{"line":141,"column":0},"end":{"line":141,"column":24}},"loc":{"start":{"line":141,"column":37},"end":{"line":143,"column":1}}},"8":{"name":"parseDigestResponse","decl":{"start":{"line":145,"column":0},"end":{"line":145,"column":28}},"loc":{"start":{"line":145,"column":48},"end":{"line":153,"column":1}}},"9":{"name":"(anonymous_9)","decl":{"start":{"line":148,"column":36},"end":{"line":148,"column":37}},"loc":{"start":{"line":148,"column":52},"end":{"line":151,"column":5}}},"10":{"name":"(anonymous_10)","decl":{"start":{"line":149,"column":39},"end":{"line":149,"column":40}},"loc":{"start":{"line":149,"column":53},"end":{"line":149,"column":61}}},"11":{"name":"isBinary","decl":{"start":{"line":155,"column":0},"end":{"line":155,"column":17}},"loc":{"start":{"line":155,"column":36},"end":{"line":164,"column":1}}},"12":{"name":"request","decl":{"start":{"line":175,"column":0},"end":{"line":175,"column":23}},"loc":{"start":{"line":175,"column":50},"end":{"line":197,"column":1}}},"13":{"name":"(anonymous_13)","decl":{"start":{"line":178,"column":23},"end":{"line":178,"column":24}},"loc":{"start":{"line":178,"column":85},"end":{"line":193,"column":5}}},"14":{"name":"(anonymous_14)","decl":{"start":{"line":181,"column":42},"end":{"line":181,"column":43}},"loc":{"start":{"line":181,"column":54},"end":{"line":187,"column":9}}},"15":{"name":"(anonymous_15)","decl":{"start":{"line":185,"column":27},"end":{"line":185,"column":28}},"loc":{"start":{"line":185,"column":44},"end":{"line":185,"column":63}}},"16":{"name":"(anonymous_16)","decl":{"start":{"line":186,"column":26},"end":{"line":186,"column":28}},"loc":{"start":{"line":186,"column":31},"end":{"line":186,"column":106}}},"17":{"name":"(anonymous_17)","decl":{"start":{"line":188,"column":24},"end":{"line":188,"column":25}},"loc":{"start":{"line":188,"column":35},"end":{"line":188,"column":44}}},"18":{"name":"(anonymous_18)","decl":{"start":{"line":194,"column":10},"end":{"line":194,"column":11}},"loc":{"start":{"line":195,"column":8},"end":{"line":195,"column":96}}},"19":{"name":"get","decl":{"start":{"line":205,"column":0},"end":{"line":205,"column":19}},"loc":{"start":{"line":205,"column":34},"end":{"line":227,"column":1}}},"20":{"name":"getAttributes","decl":{"start":{"line":229,"column":0},"end":{"line":229,"column":22}},"loc":{"start":{"line":229,"column":45},"end":{"line":241,"column":1}}},"21":{"name":"decodeXmlResult","decl":{"start":{"line":243,"column":0},"end":{"line":243,"column":31}},"loc":{"start":{"line":243,"column":42},"end":{"line":267,"column":1}}}},"branchMap":{"0":{"loc":{"start":{"line":48,"column":35},"end":{"line":48,"column":36}},"type":"cond-expr","locations":[{"start":{"line":48,"column":35},"end":{"line":48,"column":36}},{"start":{"line":48,"column":39},"end":{"line":48,"column":50}}]},"1":{"loc":{"start":{"line":61,"column":8},"end":{"line":66,"column":9}},"type":"if","locations":[{"start":{"line":61,"column":8},"end":{"line":66,"column":9}},{"start":{"line":61,"column":8},"end":{"line":66,"column":9}}]},"2":{"loc":{"start":{"line":71,"column":8},"end":{"line":71,"column":110}},"type":"if","locations":[{"start":{"line":71,"column":8},"end":{"line":71,"column":110}},{"start":{"line":71,"column":8},"end":{"line":71,"column":110}}]},"3":{"loc":{"start":{"line":100,"column":8},"end":{"line":103,"column":9}},"type":"if","locations":[{"start":{"line":100,"column":8},"end":{"line":103,"column":9}},{"start":{"line":100,"column":8},"end":{"line":103,"column":9}}]},"4":{"loc":{"start":{"line":117,"column":8},"end":{"line":117,"column":82}},"type":"if","locations":[{"start":{"line":117,"column":8},"end":{"line":117,"column":82}},{"start":{"line":117,"column":8},"end":{"line":117,"column":82}}]},"5":{"loc":{"start":{"line":117,"column":12},"end":{"line":117,"column":28}},"type":"binary-expr","locations":[{"start":{"line":117,"column":12},"end":{"line":117,"column":28}},{"start":{"line":117,"column":32},"end":{"line":117,"column":53}}]},"6":{"loc":{"start":{"line":129,"column":8},"end":{"line":132,"column":9}},"type":"if","locations":[{"start":{"line":129,"column":8},"end":{"line":132,"column":9}},{"start":{"line":129,"column":8},"end":{"line":132,"column":9}}]},"7":{"loc":{"start":{"line":130,"column":56},"end":{"line":130,"column":72}},"type":"cond-expr","locations":[{"start":{"line":130,"column":56},"end":{"line":130,"column":72}},{"start":{"line":130,"column":75},"end":{"line":130,"column":84}}]},"8":{"loc":{"start":{"line":163,"column":35},"end":{"line":163,"column":40}},"type":"cond-expr","locations":[{"start":{"line":163,"column":35},"end":{"line":163,"column":40}},{"start":{"line":163,"column":43},"end":{"line":163,"column":49}}]},"9":{"loc":{"start":{"line":177,"column":4},"end":{"line":177,"column":74}},"type":"if","locations":[{"start":{"line":177,"column":4},"end":{"line":177,"column":74}},{"start":{"line":177,"column":4},"end":{"line":177,"column":74}}]},"10":{"loc":{"start":{"line":177,"column":8},"end":{"line":177,"column":23}},"type":"binary-expr","locations":[{"start":{"line":177,"column":8},"end":{"line":177,"column":23}},{"start":{"line":177,"column":27},"end":{"line":177,"column":56}}]},"11":{"loc":{"start":{"line":180,"column":43},"end":{"line":180,"column":64}},"type":"cond-expr","locations":[{"start":{"line":180,"column":43},"end":{"line":180,"column":64}},{"start":{"line":180,"column":65},"end":{"line":180,"column":67}}]},"12":{"loc":{"start":{"line":182,"column":68},"end":{"line":182,"column":76}},"type":"cond-expr","locations":[{"start":{"line":182,"column":68},"end":{"line":182,"column":76}},{"start":{"line":182,"column":79},"end":{"line":182,"column":85}}]},"13":{"loc":{"start":{"line":191,"column":8},"end":{"line":191,"column":60}},"type":"if","locations":[{"start":{"line":191,"column":8},"end":{"line":191,"column":60}},{"start":{"line":191,"column":8},"end":{"line":191,"column":60}}]},"14":{"loc":{"start":{"line":195,"column":26},"end":{"line":195,"column":90}},"type":"cond-expr","locations":[{"start":{"line":195,"column":26},"end":{"line":195,"column":90}},{"start":{"line":195,"column":93},"end":{"line":195,"column":96}}]},"15":{"loc":{"start":{"line":207,"column":4},"end":{"line":224,"column":5}},"type":"if","locations":[{"start":{"line":207,"column":4},"end":{"line":224,"column":5}},{"start":{"line":207,"column":4},"end":{"line":224,"column":5}}]},"16":{"loc":{"start":{"line":219,"column":54},"end":{"line":219,"column":92}},"type":"cond-expr","locations":[{"start":{"line":219,"column":54},"end":{"line":219,"column":92}},{"start":{"line":219,"column":95},"end":{"line":219,"column":104}}]},"17":{"loc":{"start":{"line":219,"column":23},"end":{"line":219,"column":35}},"type":"binary-expr","locations":[{"start":{"line":219,"column":23},"end":{"line":219,"column":35}},{"start":{"line":219,"column":39},"end":{"line":219,"column":51}}]},"18":{"loc":{"start":{"line":223,"column":43},"end":{"line":223,"column":81}},"type":"cond-expr","locations":[{"start":{"line":223,"column":43},"end":{"line":223,"column":81}},{"start":{"line":223,"column":84},"end":{"line":223,"column":93}}]},"19":{"loc":{"start":{"line":225,"column":4},"end":{"line":225,"column":80}},"type":"if","locations":[{"start":{"line":225,"column":4},"end":{"line":225,"column":80}},{"start":{"line":225,"column":4},"end":{"line":225,"column":80}}]},"20":{"loc":{"start":{"line":233,"column":4},"end":{"line":239,"column":5}},"type":"if","locations":[{"start":{"line":233,"column":4},"end":{"line":239,"column":5}},{"start":{"line":233,"column":4},"end":{"line":239,"column":5}}]},"21":{"loc":{"start":{"line":236,"column":32},"end":{"line":236,"column":49}},"type":"binary-expr","locations":[{"start":{"line":236,"column":32},"end":{"line":236,"column":49}},{"start":{"line":236,"column":53},"end":{"line":236,"column":55}}]},"22":{"loc":{"start":{"line":247,"column":8},"end":{"line":264,"column":9}},"type":"if","locations":[{"start":{"line":247,"column":8},"end":{"line":264,"column":9}},{"start":{"line":247,"column":8},"end":{"line":264,"column":9}}]},"23":{"loc":{"start":{"line":247,"column":12},"end":{"line":247,"column":15}},"type":"binary-expr","locations":[{"start":{"line":247,"column":12},"end":{"line":247,"column":15}},{"start":{"line":247,"column":19},"end":{"line":247,"column":33}}]},"24":{"loc":{"start":{"line":249,"column":21},"end":{"line":249,"column":27}},"type":"binary-expr","locations":[{"start":{"line":249,"column":21},"end":{"line":249,"column":27}},{"start":{"line":249,"column":31},"end":{"line":249,"column":33}}]},"25":{"loc":{"start":{"line":253,"column":12},"end":{"line":260,"column":13}},"type":"if","locations":[{"start":{"line":253,"column":12},"end":{"line":260,"column":13}},{"start":{"line":253,"column":12},"end":{"line":260,"column":13}}]}},"s":{"0":1,"1":1,"2":1,"3":1,"4":1,"5":0,"6":0,"7":0,"8":0,"9":0,"10":0,"11":0,"12":0,"13":0,"14":0,"15":0,"16":0,"17":0,"18":0,"19":0,"20":0,"21":0,"22":0,"23":0,"24":0,"25":0,"26":0,"27":0,"28":0,"29":0,"30":0,"31":0,"32":0,"33":0,"34":0,"35":0,"36":0,"37":0,"38":0,"39":0,"40":1,"41":0,"42":0,"43":0,"44":0,"45":0,"46":0,"47":0,"48":0,"49":0,"50":0,"51":0,"52":0,"53":0,"54":0,"55":0,"56":0,"57":0,"58":0,"59":0,"60":0,"61":0,"62":0,"63":0,"64":0,"65":0,"66":0,"67":0,"68":0,"69":0,"70":0,"71":0,"72":0,"73":0,"74":0,"75":0,"76":0,"77":0,"78":0,"79":0,"80":0,"81":0,"82":0,"83":0,"84":1,"85":0,"86":0,"87":0,"88":0,"89":0,"90":0,"91":0,"92":0,"93":1,"94":0,"95":0,"96":0,"97":0,"98":0,"99":0,"100":0,"101":0,"102":0,"103":0,"104":0,"105":0,"106":0,"107":0,"108":0,"109":0,"110":0,"111":0,"112":0,"113":0,"114":0,"115":0,"116":0,"117":0,"118":0,"119":1},"f":{"0":0,"1":0,"2":0,"3":0,"4":0,"5":0,"6":0,"7":0,"8":0,"9":0,"10":0,"11":0,"12":0,"13":0,"14":0,"15":0,"16":0,"17":0,"18":0,"19":0,"20":0,"21":0},"b":{"0":[0,0],"1":[0,0],"2":[0,0],"3":[0,0],"4":[0,0],"5":[0,0],"6":[0,0],"7":[0,0],"8":[0,0],"9":[0,0],"10":[0,0],"11":[0,0],"12":[0,0],"13":[0,0],"14":[0,0],"15":[0,0],"16":[0,0],"17":[0,0],"18":[0,0],"19":[0,0],"20":[0,0],"21":[0,0],"22":[0,0],"23":[0,0],"24":[0,0],"25":[0,0]}}
,"/Users/sth1pal/Documents/Development/JavaScript/nodejs/ts6/dev/hsLibs/node/hsNode/src/index.ts": {"path":"/Users/sth1pal/Documents/Development/JavaScript/nodejs/ts6/dev/hsLibs/node/hsNode/src/index.ts","statementMap":{"0":{"start":{"line":1,"column":0},"end":{"line":1,"column":32}},"1":{"start":{"line":1,"column":9},"end":{"line":1,"column":12}},"2":{"start":{"line":3,"column":0},"end":{"line":3,"column":37}},"3":{"start":{"line":4,"column":9},"end":{"line":4,"column":13}},"4":{"start":{"line":6,"column":0},"end":{"line":6,"column":35}},"5":{"start":{"line":7,"column":9},"end":{"line":7,"column":11}},"6":{"start":{"line":9,"column":0},"end":{"line":9,"column":35}},"7":{"start":{"line":10,"column":9},"end":{"line":10,"column":11}}},"fnMap":{},"branchMap":{},"s":{"0":1,"1":1,"2":1,"3":1,"4":1,"5":1,"6":1,"7":1},"f":{},"b":{}}
,"/Users/sth1pal/Documents/Development/JavaScript/nodejs/ts6/dev/hsLibs/node/hsNode/src/log.ts": {"path":"/Users/sth1pal/Documents/Development/JavaScript/nodejs/ts6/dev/hsLibs/node/hsNode/src/log.ts","statementMap":{"0":{"start":{"line":56,"column":0},"end":{"line":56,"column":31}},"1":{"start":{"line":57,"column":0},"end":{"line":57,"column":35}},"2":{"start":{"line":58,"column":0},"end":{"line":58,"column":33}},"3":{"start":{"line":59,"column":0},"end":{"line":59,"column":31}},"4":{"start":{"line":69,"column":22},"end":{"line":69,"column":37}},"5":{"start":{"line":72,"column":22},"end":{"line":72,"column":36}},"6":{"start":{"line":75,"column":22},"end":{"line":75,"column":36}},"7":{"start":{"line":78,"column":22},"end":{"line":78,"column":37}},"8":{"start":{"line":82,"column":16},"end":{"line":87,"column":1}},"9":{"start":{"line":90,"column":23},"end":{"line":90,"column":36}},"10":{"start":{"line":91,"column":0},"end":{"line":91,"column":57}},"11":{"start":{"line":94,"column":22},"end":{"line":94,"column":52}},"12":{"start":{"line":95,"column":22},"end":{"line":95,"column":35}},"13":{"start":{"line":101,"column":14},"end":{"line":101,"column":18}},"14":{"start":{"line":105,"column":12},"end":{"line":105,"column":25}},"15":{"start":{"line":106,"column":4},"end":{"line":106,"column":20}},"16":{"start":{"line":107,"column":4},"end":{"line":107,"column":19}},"17":{"start":{"line":108,"column":4},"end":{"line":108,"column":19}},"18":{"start":{"line":109,"column":4},"end":{"line":109,"column":20}},"19":{"start":{"line":112,"column":8},"end":{"line":112,"column":28}},"20":{"start":{"line":126,"column":8},"end":{"line":134,"column":9}},"21":{"start":{"line":127,"column":12},"end":{"line":133,"column":125}},"22":{"start":{"line":128,"column":31},"end":{"line":128,"column":37}},"23":{"start":{"line":129,"column":16},"end":{"line":129,"column":43}},"24":{"start":{"line":130,"column":26},"end":{"line":130,"column":121}},"25":{"start":{"line":131,"column":16},"end":{"line":131,"column":74}},"26":{"start":{"line":133,"column":19},"end":{"line":133,"column":123}},"27":{"start":{"line":135,"column":8},"end":{"line":135,"column":26}},"28":{"start":{"line":145,"column":40},"end":{"line":145,"column":68}},"29":{"start":{"line":154,"column":36},"end":{"line":154,"column":63}},"30":{"start":{"line":163,"column":36},"end":{"line":163,"column":63}},"31":{"start":{"line":171,"column":37},"end":{"line":171,"column":65}},"32":{"start":{"line":183,"column":8},"end":{"line":184,"column":54}},"33":{"start":{"line":183,"column":31},"end":{"line":183,"column":59}},"34":{"start":{"line":184,"column":13},"end":{"line":184,"column":54}},"35":{"start":{"line":184,"column":31},"end":{"line":184,"column":52}},"36":{"start":{"line":185,"column":8},"end":{"line":185,"column":27}},"37":{"start":{"line":194,"column":8},"end":{"line":194,"column":43}},"38":{"start":{"line":208,"column":8},"end":{"line":237,"column":9}},"39":{"start":{"line":211,"column":12},"end":{"line":211,"column":43}},"40":{"start":{"line":212,"column":12},"end":{"line":212,"column":33}},"41":{"start":{"line":213,"column":15},"end":{"line":237,"column":9}},"42":{"start":{"line":215,"column":15},"end":{"line":237,"column":9}},"43":{"start":{"line":216,"column":24},"end":{"line":216,"column":58}},"44":{"start":{"line":217,"column":12},"end":{"line":229,"column":19}},"45":{"start":{"line":219,"column":20},"end":{"line":222,"column":21}},"46":{"start":{"line":220,"column":24},"end":{"line":220,"column":84}},"47":{"start":{"line":221,"column":24},"end":{"line":221,"column":52}},"48":{"start":{"line":223,"column":20},"end":{"line":223,"column":67}},"49":{"start":{"line":224,"column":20},"end":{"line":224,"column":43}},"50":{"start":{"line":227,"column":20},"end":{"line":227,"column":73}},"51":{"start":{"line":228,"column":20},"end":{"line":228,"column":48}},"52":{"start":{"line":230,"column":15},"end":{"line":237,"column":9}},"53":{"start":{"line":231,"column":12},"end":{"line":231,"column":43}},"54":{"start":{"line":232,"column":12},"end":{"line":232,"column":59}},"55":{"start":{"line":233,"column":12},"end":{"line":233,"column":26}},"56":{"start":{"line":235,"column":12},"end":{"line":235,"column":59}},"57":{"start":{"line":236,"column":12},"end":{"line":236,"column":26}},"58":{"start":{"line":238,"column":8},"end":{"line":238,"column":66}},"59":{"start":{"line":250,"column":22},"end":{"line":250,"column":106}},"60":{"start":{"line":251,"column":19},"end":{"line":251,"column":31}},"61":{"start":{"line":252,"column":8},"end":{"line":268,"column":9}},"62":{"start":{"line":253,"column":28},"end":{"line":253,"column":45}},"63":{"start":{"line":254,"column":23},"end":{"line":254,"column":76}},"64":{"start":{"line":255,"column":29},"end":{"line":255,"column":82}},"65":{"start":{"line":256,"column":31},"end":{"line":256,"column":110}},"66":{"start":{"line":257,"column":12},"end":{"line":257,"column":54}},"67":{"start":{"line":258,"column":12},"end":{"line":258,"column":54}},"68":{"start":{"line":258,"column":29},"end":{"line":258,"column":52}},"69":{"start":{"line":259,"column":12},"end":{"line":267,"column":13}},"70":{"start":{"line":260,"column":33},"end":{"line":260,"column":47}},"71":{"start":{"line":261,"column":16},"end":{"line":266,"column":19}},"72":{"start":{"line":263,"column":20},"end":{"line":263,"column":104}},"73":{"start":{"line":265,"column":20},"end":{"line":265,"column":35}},"74":{"start":{"line":269,"column":8},"end":{"line":269,"column":42}},"75":{"start":{"line":278,"column":32},"end":{"line":278,"column":83}},"76":{"start":{"line":289,"column":21},"end":{"line":289,"column":25}},"77":{"start":{"line":290,"column":8},"end":{"line":290,"column":75}},"78":{"start":{"line":290,"column":43},"end":{"line":290,"column":73}},"79":{"start":{"line":291,"column":8},"end":{"line":291,"column":71}},"80":{"start":{"line":291,"column":43},"end":{"line":291,"column":69}},"81":{"start":{"line":292,"column":8},"end":{"line":292,"column":79}},"82":{"start":{"line":292,"column":43},"end":{"line":292,"column":77}},"83":{"start":{"line":293,"column":8},"end":{"line":293,"column":67}},"84":{"start":{"line":293,"column":43},"end":{"line":293,"column":65}},"85":{"start":{"line":104,"column":0},"end":{"line":295,"column":1}}},"fnMap":{"0":{"name":"(anonymous_0)","decl":{"start":{"line":111,"column":4},"end":{"line":111,"column":15}},"loc":{"start":{"line":111,"column":25},"end":{"line":113,"column":5}}},"1":{"name":"(anonymous_1)","decl":{"start":{"line":125,"column":4},"end":{"line":125,"column":8}},"loc":{"start":{"line":125,"column":26},"end":{"line":136,"column":5}}},"2":{"name":"(anonymous_2)","decl":{"start":{"line":145,"column":4},"end":{"line":145,"column":8}},"loc":{"start":{"line":145,"column":20},"end":{"line":145,"column":70}}},"3":{"name":"(anonymous_3)","decl":{"start":{"line":154,"column":4},"end":{"line":154,"column":7}},"loc":{"start":{"line":154,"column":16},"end":{"line":154,"column":65}}},"4":{"name":"(anonymous_4)","decl":{"start":{"line":163,"column":4},"end":{"line":163,"column":7}},"loc":{"start":{"line":163,"column":16},"end":{"line":163,"column":65}}},"5":{"name":"(anonymous_5)","decl":{"start":{"line":171,"column":4},"end":{"line":171,"column":8}},"loc":{"start":{"line":171,"column":17},"end":{"line":171,"column":67}}},"6":{"name":"(anonymous_6)","decl":{"start":{"line":182,"column":4},"end":{"line":182,"column":14}},"loc":{"start":{"line":182,"column":30},"end":{"line":186,"column":5}}},"7":{"name":"(anonymous_7)","decl":{"start":{"line":193,"column":4},"end":{"line":193,"column":9}},"loc":{"start":{"line":193,"column":17},"end":{"line":195,"column":5}}},"8":{"name":"(anonymous_8)","decl":{"start":{"line":207,"column":4},"end":{"line":207,"column":10}},"loc":{"start":{"line":207,"column":24},"end":{"line":239,"column":5}}},"9":{"name":"(anonymous_9)","decl":{"start":{"line":218,"column":22},"end":{"line":218,"column":27}},"loc":{"start":{"line":218,"column":31},"end":{"line":225,"column":17}}},"10":{"name":"(anonymous_10)","decl":{"start":{"line":226,"column":23},"end":{"line":226,"column":25}},"loc":{"start":{"line":226,"column":28},"end":{"line":229,"column":17}}},"11":{"name":"(anonymous_11)","decl":{"start":{"line":248,"column":4},"end":{"line":248,"column":6}},"loc":{"start":{"line":248,"column":27},"end":{"line":270,"column":5}}},"12":{"name":"(anonymous_12)","decl":{"start":{"line":262,"column":23},"end":{"line":262,"column":24}},"loc":{"start":{"line":262,"column":27},"end":{"line":266,"column":17}}},"13":{"name":"(anonymous_13)","decl":{"start":{"line":278,"column":4},"end":{"line":278,"column":10}},"loc":{"start":{"line":278,"column":28},"end":{"line":278,"column":85}}},"14":{"name":"(anonymous_14)","decl":{"start":{"line":288,"column":4},"end":{"line":288,"column":9}},"loc":{"start":{"line":288,"column":86},"end":{"line":294,"column":5}}}},"branchMap":{"0":{"loc":{"start":{"line":111,"column":23},"end":{"line":111,"column":25}},"type":"default-arg","locations":[{"start":{"line":111,"column":23},"end":{"line":111,"column":25}}]},"1":{"loc":{"start":{"line":126,"column":8},"end":{"line":134,"column":9}},"type":"if","locations":[{"start":{"line":126,"column":8},"end":{"line":134,"column":9}},{"start":{"line":126,"column":8},"end":{"line":134,"column":9}}]},"2":{"loc":{"start":{"line":127,"column":12},"end":{"line":133,"column":125}},"type":"if","locations":[{"start":{"line":127,"column":12},"end":{"line":133,"column":125}},{"start":{"line":127,"column":12},"end":{"line":133,"column":125}}]},"3":{"loc":{"start":{"line":131,"column":55},"end":{"line":131,"column":60}},"type":"cond-expr","locations":[{"start":{"line":131,"column":55},"end":{"line":131,"column":60}},{"start":{"line":131,"column":63},"end":{"line":131,"column":67}}]},"4":{"loc":{"start":{"line":183,"column":8},"end":{"line":184,"column":54}},"type":"if","locations":[{"start":{"line":183,"column":8},"end":{"line":184,"column":54}},{"start":{"line":183,"column":8},"end":{"line":184,"column":54}}]},"5":{"loc":{"start":{"line":184,"column":13},"end":{"line":184,"column":54}},"type":"if","locations":[{"start":{"line":184,"column":13},"end":{"line":184,"column":54}},{"start":{"line":184,"column":13},"end":{"line":184,"column":54}}]},"6":{"loc":{"start":{"line":193,"column":15},"end":{"line":193,"column":17}},"type":"default-arg","locations":[{"start":{"line":193,"column":15},"end":{"line":193,"column":17}}]},"7":{"loc":{"start":{"line":194,"column":28},"end":{"line":194,"column":37}},"type":"cond-expr","locations":[{"start":{"line":194,"column":28},"end":{"line":194,"column":37}},{"start":{"line":194,"column":40},"end":{"line":194,"column":42}}]},"8":{"loc":{"start":{"line":208,"column":8},"end":{"line":237,"column":9}},"type":"if","locations":[{"start":{"line":208,"column":8},"end":{"line":237,"column":9}},{"start":{"line":208,"column":8},"end":{"line":237,"column":9}}]},"9":{"loc":{"start":{"line":213,"column":15},"end":{"line":237,"column":9}},"type":"if","locations":[{"start":{"line":213,"column":15},"end":{"line":237,"column":9}},{"start":{"line":213,"column":15},"end":{"line":237,"column":9}}]},"10":{"loc":{"start":{"line":215,"column":15},"end":{"line":237,"column":9}},"type":"if","locations":[{"start":{"line":215,"column":15},"end":{"line":237,"column":9}},{"start":{"line":215,"column":15},"end":{"line":237,"column":9}}]},"11":{"loc":{"start":{"line":219,"column":20},"end":{"line":222,"column":21}},"type":"if","locations":[{"start":{"line":219,"column":20},"end":{"line":222,"column":21}},{"start":{"line":219,"column":20},"end":{"line":222,"column":21}}]},"12":{"loc":{"start":{"line":230,"column":15},"end":{"line":237,"column":9}},"type":"if","locations":[{"start":{"line":230,"column":15},"end":{"line":237,"column":9}},{"start":{"line":230,"column":15},"end":{"line":237,"column":9}}]},"13":{"loc":{"start":{"line":238,"column":40},"end":{"line":238,"column":54}},"type":"cond-expr","locations":[{"start":{"line":238,"column":40},"end":{"line":238,"column":54}},{"start":{"line":238,"column":55},"end":{"line":238,"column":64}}]},"14":{"loc":{"start":{"line":252,"column":8},"end":{"line":268,"column":9}},"type":"if","locations":[{"start":{"line":252,"column":8},"end":{"line":268,"column":9}},{"start":{"line":252,"column":8},"end":{"line":268,"column":9}}]},"15":{"loc":{"start":{"line":254,"column":50},"end":{"line":254,"column":53}},"type":"cond-expr","locations":[{"start":{"line":254,"column":50},"end":{"line":254,"column":53}},{"start":{"line":254,"column":56},"end":{"line":254,"column":76}}]},"16":{"loc":{"start":{"line":256,"column":32},"end":{"line":256,"column":42}},"type":"binary-expr","locations":[{"start":{"line":256,"column":32},"end":{"line":256,"column":42}},{"start":{"line":256,"column":44},"end":{"line":256,"column":46}}]},"17":{"loc":{"start":{"line":257,"column":33},"end":{"line":257,"column":42}},"type":"cond-expr","locations":[{"start":{"line":257,"column":33},"end":{"line":257,"column":42}},{"start":{"line":257,"column":45},"end":{"line":257,"column":52}}]},"18":{"loc":{"start":{"line":258,"column":12},"end":{"line":258,"column":54}},"type":"if","locations":[{"start":{"line":258,"column":12},"end":{"line":258,"column":54}},{"start":{"line":258,"column":12},"end":{"line":258,"column":54}}]},"19":{"loc":{"start":{"line":259,"column":12},"end":{"line":267,"column":13}},"type":"if","locations":[{"start":{"line":259,"column":12},"end":{"line":267,"column":13}},{"start":{"line":259,"column":12},"end":{"line":267,"column":13}}]},"20":{"loc":{"start":{"line":278,"column":27},"end":{"line":278,"column":28}},"type":"default-arg","locations":[{"start":{"line":278,"column":27},"end":{"line":278,"column":28}}]},"21":{"loc":{"start":{"line":290,"column":8},"end":{"line":290,"column":75}},"type":"if","locations":[{"start":{"line":290,"column":8},"end":{"line":290,"column":75}},{"start":{"line":290,"column":8},"end":{"line":290,"column":75}}]},"22":{"loc":{"start":{"line":291,"column":8},"end":{"line":291,"column":71}},"type":"if","locations":[{"start":{"line":291,"column":8},"end":{"line":291,"column":71}},{"start":{"line":291,"column":8},"end":{"line":291,"column":71}}]},"23":{"loc":{"start":{"line":292,"column":8},"end":{"line":292,"column":79}},"type":"if","locations":[{"start":{"line":292,"column":8},"end":{"line":292,"column":79}},{"start":{"line":292,"column":8},"end":{"line":292,"column":79}}]},"24":{"loc":{"start":{"line":293,"column":8},"end":{"line":293,"column":67}},"type":"if","locations":[{"start":{"line":293,"column":8},"end":{"line":293,"column":67}},{"start":{"line":293,"column":8},"end":{"line":293,"column":67}}]}},"s":{"0":1,"1":1,"2":1,"3":1,"4":1,"5":1,"6":1,"7":1,"8":1,"9":1,"10":1,"11":1,"12":1,"13":1,"14":3,"15":3,"16":3,"17":3,"18":3,"19":3,"20":27,"21":20,"22":19,"23":19,"24":19,"25":19,"26":1,"27":27,"28":2,"29":8,"30":2,"31":1,"32":7,"33":4,"34":3,"35":2,"36":7,"37":3,"38":4,"39":1,"40":1,"41":3,"42":3,"43":1,"44":1,"45":1,"46":1,"47":1,"48":0,"49":0,"50":0,"51":0,"52":2,"53":2,"54":2,"55":2,"56":0,"57":0,"58":3,"59":33,"60":33,"61":33,"62":19,"63":19,"64":19,"65":19,"66":19,"67":19,"68":0,"69":19,"70":2,"71":2,"72":0,"73":0,"74":31,"75":0,"76":1,"77":1,"78":0,"79":1,"80":0,"81":1,"82":1,"83":1,"84":0,"85":1},"f":{"0":3,"1":27,"2":2,"3":8,"4":2,"5":1,"6":7,"7":3,"8":4,"9":1,"10":0,"11":33,"12":0,"13":0,"14":1},"b":{"0":[0],"1":[20,7],"2":[19,1],"3":[13,6],"4":[4,3],"5":[2,1],"6":[0],"7":[3,0],"8":[1,3],"9":[0,3],"10":[1,2],"11":[1,0],"12":[2,0],"13":[2,1],"14":[19,14],"15":[19,0],"16":[19,0],"17":[19,0],"18":[0,19],"19":[2,17],"20":[0],"21":[0,1],"22":[0,1],"23":[1,0],"24":[0,1]}}
}
