TN:
SF:/Users/sth1pal/Documents/Development/JavaScript/nodejs/ts6/dev/hsLibs/node/hsNode/src/cpUtil.ts
FN:29,exec
FN:30,(anonymous_1)
FN:31,(anonymous_2)
FNF:3
FNH:3
FNDA:2,exec
FNDA:2,(anonymous_1)
FNDA:2,(anonymous_2)
DA:1,2
DA:30,2
DA:31,2
DA:32,2
DA:34,1
DA:36,1
DA:42,2
LF:7
LH:7
BRDA:32,0,0,1
BRDA:32,0,1,1
BRF:2
BRH:2
end_of_record
TN:
SF:/Users/sth1pal/Documents/Development/JavaScript/nodejs/ts6/dev/hsLibs/node/hsNode/src/fsUtil.ts
FN:42,stat
FN:45,(anonymous_1)
FN:45,(anonymous_2)
FN:46,(anonymous_3)
FN:56,lstat
FN:59,(anonymous_5)
FN:59,(anonymous_6)
FN:60,(anonymous_7)
FN:70,error
FN:83,realPath
FN:84,(anonymous_10)
FN:85,(anonymous_11)
FN:95,pathExists
FN:96,(anonymous_13)
FN:97,(anonymous_14)
FN:97,(anonymous_15)
FN:106,isFile
FN:107,(anonymous_17)
FN:108,(anonymous_18)
FN:108,(anonymous_19)
FN:117,isDirectory
FN:118,(anonymous_21)
FN:119,(anonymous_22)
FN:119,(anonymous_23)
FN:128,isLink
FN:129,(anonymous_25)
FN:130,(anonymous_26)
FN:130,(anonymous_27)
FN:139,readDir
FN:142,(anonymous_29)
FN:142,(anonymous_30)
FN:143,(anonymous_31)
FN:161,readFile
FN:162,(anonymous_33)
FN:164,(anonymous_34)
FN:177,readTextFile
FN:187,readJsonFile
FN:189,(anonymous_37)
FN:200,writeFile
FN:201,(anonymous_39)
FN:203,(anonymous_40)
FN:214,writeStream
FN:215,(anonymous_42)
FN:217,(anonymous_43)
FN:218,(anonymous_44)
FN:229,writeTextFile
FN:240,writeJsonFile
FN:243,(anonymous_47)
FN:254,appendFile
FN:255,(anonymous_49)
FN:257,(anonymous_50)
FN:268,remove
FN:269,(anonymous_52)
FN:270,(anonymous_53)
FNF:54
FNH:50
FNDA:14,stat
FNDA:9,(anonymous_1)
FNDA:9,(anonymous_2)
FNDA:9,(anonymous_3)
FNDA:3,lstat
FNDA:3,(anonymous_5)
FNDA:3,(anonymous_6)
FNDA:3,(anonymous_7)
FNDA:8,error
FNDA:19,realPath
FNDA:19,(anonymous_10)
FNDA:19,(anonymous_11)
FNDA:3,pathExists
FNDA:3,(anonymous_13)
FNDA:1,(anonymous_14)
FNDA:2,(anonymous_15)
FNDA:7,isFile
FNDA:7,(anonymous_17)
FNDA:5,(anonymous_18)
FNDA:2,(anonymous_19)
FNDA:4,isDirectory
FNDA:4,(anonymous_21)
FNDA:3,(anonymous_22)
FNDA:1,(anonymous_23)
FNDA:3,isLink
FNDA:3,(anonymous_25)
FNDA:2,(anonymous_26)
FNDA:1,(anonymous_27)
FNDA:2,readDir
FNDA:1,(anonymous_29)
FNDA:1,(anonymous_30)
FNDA:1,(anonymous_31)
FNDA:9,readFile
FNDA:9,(anonymous_33)
FNDA:9,(anonymous_34)
FNDA:2,readTextFile
FNDA:2,readJsonFile
FNDA:2,(anonymous_37)
FNDA:5,writeFile
FNDA:5,(anonymous_39)
FNDA:5,(anonymous_40)
FNDA:0,writeStream
FNDA:0,(anonymous_42)
FNDA:0,(anonymous_43)
FNDA:0,(anonymous_44)
FNDA:4,writeTextFile
FNDA:2,writeJsonFile
FNDA:2,(anonymous_47)
FNDA:4,appendFile
FNDA:4,(anonymous_49)
FNDA:3,(anonymous_50)
FNDA:6,remove
FNDA:6,(anonymous_52)
FNDA:5,(anonymous_53)
DA:1,2
DA:2,2
DA:43,14
DA:45,9
DA:46,9
DA:47,9
DA:49,9
DA:50,9
DA:57,3
DA:59,3
DA:60,3
DA:61,3
DA:63,2
DA:64,2
DA:71,8
DA:72,8
DA:83,2
DA:84,19
DA:85,19
DA:95,2
DA:96,3
DA:97,3
DA:106,2
DA:107,7
DA:108,7
DA:117,2
DA:118,4
DA:119,4
DA:128,2
DA:129,3
DA:130,3
DA:139,2
DA:140,2
DA:142,1
DA:143,1
DA:144,1
DA:146,1
DA:147,1
DA:161,2
DA:162,9
DA:163,9
DA:164,9
DA:165,9
DA:166,8
DA:177,2
DA:178,2
DA:187,2
DA:188,2
DA:189,2
DA:200,2
DA:201,5
DA:202,5
DA:203,5
DA:214,2
DA:215,0
DA:216,0
DA:217,0
DA:218,0
DA:219,0
DA:229,2
DA:230,4
DA:240,2
DA:241,2
DA:243,2
DA:254,2
DA:255,4
DA:256,4
DA:257,4
DA:268,2
DA:269,6
DA:270,6
LF:71
LH:66
BRDA:47,0,0,0
BRDA:47,0,1,9
BRDA:61,1,0,1
BRDA:61,1,1,2
BRDA:85,2,0,6
BRDA:85,2,1,13
BRDA:144,3,0,0
BRDA:144,3,1,1
BRDA:161,4,0,0
BRDA:163,5,0,4
BRDA:163,5,1,5
BRDA:165,6,0,1
BRDA:165,6,1,8
BRDA:189,7,0,2
BRDA:189,7,1,0
BRDA:200,8,0,0
BRDA:202,9,0,4
BRDA:202,9,1,1
BRDA:203,10,0,0
BRDA:203,10,1,5
BRDA:254,11,0,2
BRDA:256,12,0,2
BRDA:256,12,1,2
BRDA:257,13,0,0
BRDA:257,13,1,3
BRDA:270,14,0,0
BRDA:270,14,1,5
BRF:27
BRH:19
end_of_record
TN:
SF:/Users/sth1pal/Documents/Development/JavaScript/nodejs/ts6/dev/hsLibs/node/hsNode/src/httpUtil.ts
FN:37,(anonymous_0)
FN:45,(anonymous_1)
FN:57,(anonymous_2)
FN:70,(anonymous_3)
FN:110,omitNull
FN:116,(anonymous_5)
FN:126,compileParams
FN:141,putDoubleQuotes
FN:145,parseDigestResponse
FN:148,(anonymous_9)
FN:149,(anonymous_10)
FN:155,isBinary
FN:175,request
FN:178,(anonymous_13)
FN:181,(anonymous_14)
FN:185,(anonymous_15)
FN:186,(anonymous_16)
FN:188,(anonymous_17)
FN:194,(anonymous_18)
FN:205,get
FN:229,getAttributes
FN:243,decodeXmlResult
FNF:22
FNH:0
FNDA:0,(anonymous_0)
FNDA:0,(anonymous_1)
FNDA:0,(anonymous_2)
FNDA:0,(anonymous_3)
FNDA:0,omitNull
FNDA:0,(anonymous_5)
FNDA:0,compileParams
FNDA:0,putDoubleQuotes
FNDA:0,parseDigestResponse
FNDA:0,(anonymous_9)
FNDA:0,(anonymous_10)
FNDA:0,isBinary
FNDA:0,request
FNDA:0,(anonymous_13)
FNDA:0,(anonymous_14)
FNDA:0,(anonymous_15)
FNDA:0,(anonymous_16)
FNDA:0,(anonymous_17)
FNDA:0,(anonymous_18)
FNDA:0,get
FNDA:0,getAttributes
FNDA:0,decodeXmlResult
DA:7,1
DA:8,1
DA:9,1
DA:10,1
DA:32,1
DA:33,0
DA:38,0
DA:39,0
DA:46,0
DA:47,0
DA:48,0
DA:49,0
DA:50,0
DA:61,0
DA:62,0
DA:63,0
DA:64,0
DA:65,0
DA:67,0
DA:71,0
DA:72,0
DA:74,0
DA:75,0
DA:76,0
DA:77,0
DA:78,0
DA:79,0
DA:80,0
DA:82,0
DA:83,0
DA:84,0
DA:85,0
DA:88,0
DA:98,0
DA:100,0
DA:101,0
DA:102,0
DA:105,0
DA:106,0
DA:115,0
DA:116,0
DA:117,0
DA:119,0
DA:127,0
DA:128,0
DA:129,0
DA:130,0
DA:131,0
DA:134,0
DA:142,0
DA:146,0
DA:147,0
DA:148,0
DA:149,0
DA:150,0
DA:152,0
DA:156,0
DA:162,0
DA:163,0
DA:175,1
DA:176,0
DA:177,0
DA:178,0
DA:179,0
DA:180,0
DA:181,0
DA:182,0
DA:183,0
DA:184,0
DA:185,0
DA:186,0
DA:188,0
DA:191,0
DA:192,0
DA:195,0
DA:205,1
DA:207,0
DA:208,0
DA:209,0
DA:222,0
DA:223,0
DA:225,0
DA:226,0
DA:230,0
DA:231,0
DA:232,0
DA:233,0
DA:234,0
DA:235,0
DA:236,0
DA:237,0
DA:240,0
DA:243,1
DA:245,0
DA:246,0
DA:247,0
DA:248,0
DA:249,0
DA:250,0
DA:251,0
DA:252,0
DA:253,0
DA:254,0
DA:255,0
DA:256,0
DA:259,0
DA:262,0
DA:263,0
DA:266,0
LF:109
LH:8
BRDA:48,0,0,0
BRDA:48,0,1,0
BRDA:61,1,0,0
BRDA:61,1,1,0
BRDA:71,2,0,0
BRDA:71,2,1,0
BRDA:100,3,0,0
BRDA:100,3,1,0
BRDA:117,4,0,0
BRDA:117,4,1,0
BRDA:117,5,0,0
BRDA:117,5,1,0
BRDA:129,6,0,0
BRDA:129,6,1,0
BRDA:130,7,0,0
BRDA:130,7,1,0
BRDA:163,8,0,0
BRDA:163,8,1,0
BRDA:177,9,0,0
BRDA:177,9,1,0
BRDA:177,10,0,0
BRDA:177,10,1,0
BRDA:180,11,0,0
BRDA:180,11,1,0
BRDA:182,12,0,0
BRDA:182,12,1,0
BRDA:191,13,0,0
BRDA:191,13,1,0
BRDA:195,14,0,0
BRDA:195,14,1,0
BRDA:207,15,0,0
BRDA:207,15,1,0
BRDA:219,16,0,0
BRDA:219,16,1,0
BRDA:219,17,0,0
BRDA:219,17,1,0
BRDA:223,18,0,0
BRDA:223,18,1,0
BRDA:225,19,0,0
BRDA:225,19,1,0
BRDA:233,20,0,0
BRDA:233,20,1,0
BRDA:236,21,0,0
BRDA:236,21,1,0
BRDA:247,22,0,0
BRDA:247,22,1,0
BRDA:247,23,0,0
BRDA:247,23,1,0
BRDA:249,24,0,0
BRDA:249,24,1,0
BRDA:253,25,0,0
BRDA:253,25,1,0
BRF:52
BRH:0
end_of_record
TN:
SF:/Users/sth1pal/Documents/Development/JavaScript/nodejs/ts6/dev/hsLibs/node/hsNode/src/index.ts
FNF:0
FNH:0
DA:1,1
DA:3,1
DA:4,1
DA:6,1
DA:7,1
DA:9,1
DA:10,1
LF:7
LH:7
BRF:0
BRH:0
end_of_record
TN:
SF:/Users/sth1pal/Documents/Development/JavaScript/nodejs/ts6/dev/hsLibs/node/hsNode/src/log.ts
FN:111,(anonymous_0)
FN:125,(anonymous_1)
FN:145,(anonymous_2)
FN:154,(anonymous_3)
FN:163,(anonymous_4)
FN:171,(anonymous_5)
FN:182,(anonymous_6)
FN:193,(anonymous_7)
FN:207,(anonymous_8)
FN:218,(anonymous_9)
FN:226,(anonymous_10)
FN:248,(anonymous_11)
FN:262,(anonymous_12)
FN:278,(anonymous_13)
FN:288,(anonymous_14)
FNF:15
FNH:12
FNDA:3,(anonymous_0)
FNDA:27,(anonymous_1)
FNDA:2,(anonymous_2)
FNDA:8,(anonymous_3)
FNDA:2,(anonymous_4)
FNDA:1,(anonymous_5)
FNDA:7,(anonymous_6)
FNDA:3,(anonymous_7)
FNDA:4,(anonymous_8)
FNDA:1,(anonymous_9)
FNDA:0,(anonymous_10)
FNDA:33,(anonymous_11)
FNDA:0,(anonymous_12)
FNDA:0,(anonymous_13)
FNDA:1,(anonymous_14)
DA:56,1
DA:57,1
DA:58,1
DA:59,1
DA:69,1
DA:72,1
DA:75,1
DA:78,1
DA:82,1
DA:90,1
DA:91,1
DA:94,1
DA:95,1
DA:101,1
DA:104,1
DA:105,3
DA:106,3
DA:107,3
DA:108,3
DA:109,3
DA:112,3
DA:126,27
DA:127,20
DA:128,19
DA:129,19
DA:130,19
DA:131,19
DA:133,1
DA:135,27
DA:145,2
DA:154,8
DA:163,2
DA:171,1
DA:183,7
DA:184,3
DA:185,7
DA:194,3
DA:208,4
DA:211,1
DA:212,1
DA:213,3
DA:215,3
DA:216,1
DA:217,1
DA:219,1
DA:220,1
DA:221,1
DA:223,0
DA:224,0
DA:227,0
DA:228,0
DA:230,2
DA:231,2
DA:232,2
DA:233,2
DA:235,0
DA:236,0
DA:238,3
DA:250,33
DA:251,33
DA:252,33
DA:253,19
DA:254,19
DA:255,19
DA:256,19
DA:257,19
DA:258,19
DA:259,19
DA:260,2
DA:261,2
DA:263,0
DA:265,0
DA:269,31
DA:278,0
DA:289,1
DA:290,1
DA:291,1
DA:292,1
DA:293,1
LF:79
LH:70
BRDA:111,0,0,0
BRDA:126,1,0,20
BRDA:126,1,1,7
BRDA:127,2,0,19
BRDA:127,2,1,1
BRDA:131,3,0,13
BRDA:131,3,1,6
BRDA:183,4,0,4
BRDA:183,4,1,3
BRDA:184,5,0,2
BRDA:184,5,1,1
BRDA:193,6,0,0
BRDA:194,7,0,3
BRDA:194,7,1,0
BRDA:208,8,0,1
BRDA:208,8,1,3
BRDA:213,9,0,0
BRDA:213,9,1,3
BRDA:215,10,0,1
BRDA:215,10,1,2
BRDA:219,11,0,1
BRDA:219,11,1,0
BRDA:230,12,0,2
BRDA:230,12,1,0
BRDA:238,13,0,2
BRDA:238,13,1,1
BRDA:252,14,0,19
BRDA:252,14,1,14
BRDA:254,15,0,19
BRDA:254,15,1,0
BRDA:256,16,0,19
BRDA:256,16,1,0
BRDA:257,17,0,19
BRDA:257,17,1,0
BRDA:258,18,0,0
BRDA:258,18,1,19
BRDA:259,19,0,2
BRDA:259,19,1,17
BRDA:278,20,0,0
BRDA:290,21,0,0
BRDA:290,21,1,1
BRDA:291,22,0,0
BRDA:291,22,1,1
BRDA:292,23,0,1
BRDA:292,23,1,0
BRDA:293,24,0,0
BRDA:293,24,1,1
BRF:47
BRH:32
end_of_record
