TN:
SF:/Users/sth1pal/Documents/Development/JavaScript/nodejs/ts6/dev/hsLibs/node/hsNode/src/cpUtil.ts
FN:32,(anonymous_0)
FN:33,(anonymous_1)
FN:34,(anonymous_2)
FNF:3
FNH:3
FNDA:3,(anonymous_0)
FNDA:3,(anonymous_1)
FNDA:3,(anonymous_2)
DA:17,2
DA:19,2
DA:33,3
DA:34,3
DA:35,3
LF:5
LH:5
BRDA:35,0,0,1
BRDA:35,0,1,2
BRF:2
BRH:2
end_of_record
TN:
SF:/Users/sth1pal/Documents/Development/JavaScript/nodejs/ts6/dev/hsLibs/node/hsNode/src/fsUtil.ts
FN:66,stat
FN:68,(anonymous_8)
FN:69,(anonymous_9)
FN:84,lstat
FN:86,(anonymous_12)
FN:87,(anonymous_13)
FN:91,error
FN:104,realPath
FN:105,(anonymous_16)
FN:106,(anonymous_17)
FN:116,pathExists
FN:130,isFile
FN:143,isDirectory
FN:156,isLink
FN:172,mkdirs
FN:178,(anonymous_27)
FN:180,(anonymous_28)
FN:180,(anonymous_29)
FN:181,(anonymous_30)
FN:181,(anonymous_31)
FN:185,(anonymous_32)
FN:197,(anonymous_33)
FN:198,(anonymous_34)
FN:214,readDir
FN:216,(anonymous_37)
FN:217,(anonymous_38)
FN:235,readFile
FN:236,(anonymous_40)
FN:238,(anonymous_41)
FN:249,readTextFile
FN:259,readJsonFile
FN:274,writeFile
FN:277,(anonymous_48)
FN:278,(anonymous_49)
FN:289,writeStream
FN:290,(anonymous_52)
FN:292,(anonymous_53)
FN:293,(anonymous_54)
FN:303,writeTextFile
FN:314,writeJsonFile
FN:317,(anonymous_59)
FN:317,(anonymous_60)
FN:328,appendFile
FN:329,(anonymous_63)
FN:331,(anonymous_64)
FN:342,remove
FN:344,(anonymous_67)
FN:345,(anonymous_68)
FN:346,(anonymous_69)
FNF:49
FNH:48
FNDA:55,stat
FNDA:39,(anonymous_8)
FNDA:39,(anonymous_9)
FNDA:5,lstat
FNDA:5,(anonymous_12)
FNDA:5,(anonymous_13)
FNDA:19,error
FNDA:103,realPath
FNDA:103,(anonymous_16)
FNDA:103,(anonymous_17)
FNDA:3,pathExists
FNDA:12,isFile
FNDA:40,isDirectory
FNDA:5,isLink
FNDA:13,mkdirs
FNDA:20,(anonymous_27)
FNDA:20,(anonymous_28)
FNDA:20,(anonymous_29)
FNDA:20,(anonymous_30)
FNDA:20,(anonymous_31)
FNDA:9,(anonymous_32)
FNDA:12,(anonymous_33)
FNDA:20,(anonymous_34)
FNDA:2,readDir
FNDA:1,(anonymous_37)
FNDA:1,(anonymous_38)
FNDA:13,readFile
FNDA:13,(anonymous_40)
FNDA:13,(anonymous_41)
FNDA:3,readTextFile
FNDA:2,readJsonFile
FNDA:7,writeFile
FNDA:7,(anonymous_48)
FNDA:7,(anonymous_49)
FNDA:1,writeStream
FNDA:1,(anonymous_52)
FNDA:0,(anonymous_53)
FNDA:1,(anonymous_54)
FNDA:5,writeTextFile
FNDA:2,writeJsonFile
FNDA:2,(anonymous_59)
FNDA:2,(anonymous_60)
FNDA:47,appendFile
FNDA:47,(anonymous_63)
FNDA:47,(anonymous_64)
FNDA:13,remove
FNDA:13,(anonymous_67)
FNDA:5,(anonymous_68)
FNDA:8,(anonymous_69)
DA:17,4
DA:18,4
DA:19,4
DA:67,55
DA:68,39
DA:69,39
DA:70,39
DA:71,0
DA:72,0
DA:74,39
DA:85,5
DA:86,5
DA:87,5
DA:92,19
DA:93,19
DA:104,4
DA:105,103
DA:106,103
DA:116,4
DA:117,3
DA:118,3
DA:119,1
DA:121,2
DA:130,4
DA:131,12
DA:132,12
DA:134,3
DA:143,4
DA:144,40
DA:145,40
DA:147,11
DA:156,4
DA:157,5
DA:158,5
DA:160,2
DA:172,4
DA:173,13
DA:174,13
DA:175,12
DA:176,12
DA:178,20
DA:180,20
DA:181,20
DA:182,20
DA:183,11
DA:185,9
DA:186,9
DA:187,2
DA:188,2
DA:190,0
DA:197,12
DA:198,12
DA:199,20
DA:200,0
DA:202,12
DA:205,1
DA:214,4
DA:215,2
DA:216,1
DA:217,1
DA:218,1
DA:220,1
DA:221,1
DA:235,4
DA:236,13
DA:237,13
DA:238,13
DA:239,13
DA:249,4
DA:250,3
DA:251,0
DA:259,4
DA:260,2
DA:261,2
DA:262,2
DA:264,0
DA:274,4
DA:275,7
DA:276,7
DA:277,7
DA:278,7
DA:279,7
DA:289,4
DA:290,1
DA:291,1
DA:292,1
DA:293,1
DA:294,1
DA:303,4
DA:304,5
DA:314,4
DA:315,2
DA:317,2
DA:328,4
DA:329,47
DA:330,47
DA:331,47
DA:342,4
DA:343,13
DA:344,13
DA:345,13
DA:346,8
LF:102
LH:96
BRDA:70,0,0,0
BRDA:70,0,1,39
BRDA:87,1,0,2
BRDA:87,1,1,3
BRDA:106,2,0,17
BRDA:106,2,1,86
BRDA:174,3,0,12
BRDA:174,3,1,1
BRDA:182,4,0,11
BRDA:182,4,1,9
BRDA:186,5,0,7
BRDA:186,5,1,2
BRDA:187,6,0,2
BRDA:187,6,1,0
BRDA:199,7,0,20
BRDA:199,7,1,0
BRDA:218,8,0,0
BRDA:218,8,1,1
BRDA:235,9,0,2
BRDA:237,10,0,7
BRDA:237,10,1,6
BRDA:239,11,0,1
BRDA:239,11,1,12
BRDA:262,12,0,2
BRDA:262,12,1,0
BRDA:274,13,0,1
BRDA:275,14,0,6
BRDA:275,14,1,1
BRDA:279,15,0,0
BRDA:279,15,1,7
BRDA:328,16,0,44
BRDA:330,17,0,44
BRDA:330,17,1,3
BRDA:331,18,0,1
BRDA:331,18,1,46
BRDA:345,19,0,5
BRDA:345,19,1,8
BRDA:345,20,0,0
BRDA:345,20,1,5
BRDA:346,21,0,0
BRDA:346,21,1,8
BRF:41
BRH:33
end_of_record
TN:
SF:/Users/sth1pal/Documents/Development/JavaScript/nodejs/ts6/dev/hsLibs/node/hsNode/src/httpUtil.ts
FN:29,xml2json
FN:64,request
FN:99,(anonymous_8)
FN:103,(anonymous_9)
FN:110,(anonymous_11)
FN:123,(anonymous_13)
FN:169,(anonymous_15)
FN:177,(anonymous_16)
FN:189,(anonymous_17)
FN:208,(anonymous_18)
FN:249,omitNull
FN:255,(anonymous_20)
FN:265,compileParams
FN:280,putDoubleQuotes
FN:284,parseDigestResponse
FN:287,(anonymous_24)
FN:288,(anonymous_25)
FN:294,isBinary
FN:305,getAttributes
FN:309,(anonymous_28)
FN:321,requestOptions
FN:328,(anonymous_30)
FN:331,(anonymous_31)
FN:335,(anonymous_32)
FN:336,(anonymous_33)
FN:338,(anonymous_34)
FN:344,(anonymous_35)
FNF:27
FNH:26
FNDA:4,xml2json
FNDA:5,request
FNDA:2,(anonymous_8)
FNDA:1,(anonymous_9)
FNDA:1,(anonymous_11)
FNDA:2,(anonymous_13)
FNDA:1,(anonymous_15)
FNDA:1,(anonymous_16)
FNDA:1,(anonymous_17)
FNDA:1,(anonymous_18)
FNDA:1,omitNull
FNDA:7,(anonymous_20)
FNDA:1,compileParams
FNDA:9,putDoubleQuotes
FNDA:1,parseDigestResponse
FNDA:3,(anonymous_24)
FNDA:6,(anonymous_25)
FNDA:6,isBinary
FNDA:4,getAttributes
FNDA:8,(anonymous_28)
FNDA:6,requestOptions
FNDA:6,(anonymous_30)
FNDA:6,(anonymous_31)
FNDA:6,(anonymous_32)
FNDA:6,(anonymous_33)
FNDA:0,(anonymous_34)
FNDA:6,(anonymous_35)
DA:19,3
DA:20,3
DA:21,3
DA:29,3
DA:31,4
DA:32,5
DA:33,5
DA:34,4
DA:35,4
DA:36,4
DA:37,4
DA:38,4
DA:39,4
DA:40,3
DA:41,3
DA:42,3
DA:43,3
DA:46,1
DA:49,1
DA:50,1
DA:53,4
DA:64,3
DA:65,5
DA:75,5
DA:76,5
DA:93,3
DA:99,2
DA:104,1
DA:105,1
DA:106,1
DA:107,1
DA:111,1
DA:112,1
DA:124,2
DA:125,2
DA:126,2
DA:164,3
DA:165,1
DA:170,1
DA:171,1
DA:178,1
DA:179,1
DA:180,1
DA:181,1
DA:182,1
DA:193,1
DA:194,1
DA:195,1
DA:196,1
DA:197,1
DA:199,1
DA:209,1
DA:211,1
DA:212,1
DA:213,1
DA:214,1
DA:215,1
DA:216,1
DA:217,1
DA:219,1
DA:220,1
DA:221,1
DA:222,1
DA:225,1
DA:235,1
DA:237,1
DA:238,1
DA:239,1
DA:242,1
DA:243,1
DA:254,1
DA:255,1
DA:256,7
DA:258,1
DA:266,1
DA:267,1
DA:268,9
DA:269,9
DA:270,9
DA:273,1
DA:281,9
DA:285,1
DA:286,1
DA:287,1
DA:288,6
DA:289,3
DA:291,1
DA:295,6
DA:301,6
DA:302,6
DA:306,4
DA:307,4
DA:308,4
DA:309,4
DA:310,8
DA:311,7
DA:312,7
DA:313,7
DA:314,3
DA:318,4
DA:322,6
DA:326,6
DA:327,6
DA:328,6
DA:329,6
DA:330,6
DA:331,6
DA:332,6
DA:333,6
DA:334,6
DA:335,6
DA:336,6
DA:338,6
DA:341,6
DA:342,6
DA:345,6
DA:346,1
DA:348,5
LF:118
LH:118
BRDA:33,0,0,4
BRDA:33,0,1,1
BRDA:33,1,0,5
BRDA:33,1,1,4
BRDA:35,2,0,4
BRDA:35,2,1,3
BRDA:39,3,0,3
BRDA:39,3,1,1
BRDA:66,4,0,0
BRDA:66,4,1,5
BRDA:72,5,0,5
BRDA:72,5,1,2
BRDA:75,6,0,1
BRDA:75,6,1,4
BRDA:123,7,0,2
BRDA:127,8,0,1
BRDA:127,8,1,1
BRDA:126,9,0,2
BRDA:126,9,1,1
BRDA:180,10,0,0
BRDA:180,10,1,1
BRDA:193,11,0,1
BRDA:193,11,1,0
BRDA:237,12,0,1
BRDA:237,12,1,0
BRDA:256,13,0,7
BRDA:256,13,1,0
BRDA:256,14,0,7
BRDA:256,14,1,7
BRDA:268,15,0,9
BRDA:268,15,1,0
BRDA:269,16,0,7
BRDA:269,16,1,2
BRDA:302,17,0,0
BRDA:302,17,1,6
BRDA:310,18,0,7
BRDA:310,18,1,1
BRDA:312,19,0,7
BRDA:312,19,1,4
BRDA:313,20,0,3
BRDA:313,20,1,4
BRDA:326,21,0,6
BRDA:326,21,1,6
BRDA:330,22,0,1
BRDA:330,22,1,5
BRDA:332,23,0,0
BRDA:332,23,1,6
BRDA:341,24,0,0
BRDA:341,24,1,6
BRDA:345,25,0,1
BRDA:345,25,1,5
BRDA:345,26,0,6
BRDA:345,26,1,1
BRF:53
BRH:44
end_of_record
TN:
SF:/Users/sth1pal/Documents/Development/JavaScript/nodejs/ts6/dev/hsLibs/node/hsNode/src/index.ts
FNF:0
FNH:0
DA:2,2
DA:3,2
DA:5,2
DA:10,2
DA:12,2
DA:13,2
LF:6
LH:6
BRF:0
BRH:0
end_of_record
TN:
SF:/Users/sth1pal/Documents/Development/JavaScript/nodejs/ts6/dev/hsLibs/node/hsNode/src/log.ts
FN:31,node_pathExists
FN:36,node_logToFile
FNF:2
FNH:2
FNDA:1,node_pathExists
FNDA:44,node_logToFile
DA:23,4
DA:24,4
DA:25,4
DA:26,4
DA:28,4
DA:29,4
DA:32,1
DA:33,1
DA:37,44
LF:9
LH:9
BRF:0
BRH:0
end_of_record
