TN:
SF:/Users/sth1pal/Documents/Development/JavaScript/nodejs/ts6/dev/hsLibs/node/hsNode/src/cpUtil.ts
FN:32,(anonymous_0)
FN:33,(anonymous_1)
FN:34,(anonymous_2)
FNF:3
FNH:3
FNDA:3,(anonymous_0)
FNDA:3,(anonymous_1)
FNDA:3,(anonymous_2)
DA:17,2
DA:19,2
DA:33,3
DA:34,3
DA:35,3
LF:5
LH:5
BRDA:35,0,0,1
BRDA:35,0,1,2
BRF:2
BRH:2
end_of_record
TN:
SF:/Users/sth1pal/Documents/Development/JavaScript/nodejs/ts6/dev/hsLibs/node/hsNode/src/fsUtil.ts
FN:61,stat
FN:64,(anonymous_1)
FN:64,(anonymous_2)
FN:65,(anonymous_3)
FN:75,lstat
FN:78,(anonymous_5)
FN:78,(anonymous_6)
FN:79,(anonymous_7)
FN:89,error
FN:102,realPath
FN:103,(anonymous_10)
FN:104,(anonymous_11)
FN:114,pathExists
FN:115,(anonymous_13)
FN:116,(anonymous_14)
FN:116,(anonymous_15)
FN:125,isFile
FN:126,(anonymous_17)
FN:127,(anonymous_18)
FN:127,(anonymous_19)
FN:136,isDirectory
FN:137,(anonymous_21)
FN:138,(anonymous_22)
FN:138,(anonymous_23)
FN:147,isLink
FN:148,(anonymous_25)
FN:149,(anonymous_26)
FN:149,(anonymous_27)
FN:161,mkdirs
FN:167,(anonymous_29)
FN:169,(anonymous_30)
FN:169,(anonymous_31)
FN:170,(anonymous_32)
FN:170,(anonymous_33)
FN:176,(anonymous_34)
FN:189,(anonymous_35)
FN:190,(anonymous_36)
FN:206,readDir
FN:209,(anonymous_38)
FN:209,(anonymous_39)
FN:210,(anonymous_40)
FN:228,readFile
FN:229,(anonymous_42)
FN:231,(anonymous_43)
FN:244,readTextFile
FN:254,readJsonFile
FN:256,(anonymous_46)
FN:267,writeFile
FN:268,(anonymous_48)
FN:271,(anonymous_49)
FN:271,(anonymous_50)
FN:273,(anonymous_51)
FN:284,writeStream
FN:285,(anonymous_53)
FN:287,(anonymous_54)
FN:288,(anonymous_55)
FN:299,writeTextFile
FN:310,writeJsonFile
FN:313,(anonymous_58)
FN:324,appendFile
FN:325,(anonymous_60)
FN:327,(anonymous_61)
FN:338,remove
FN:339,(anonymous_63)
FN:340,(anonymous_64)
FN:341,(anonymous_65)
FN:342,(anonymous_66)
FNF:67
FNH:65
FNDA:55,stat
FNDA:39,(anonymous_1)
FNDA:39,(anonymous_2)
FNDA:39,(anonymous_3)
FNDA:5,lstat
FNDA:5,(anonymous_5)
FNDA:5,(anonymous_6)
FNDA:5,(anonymous_7)
FNDA:20,error
FNDA:103,realPath
FNDA:103,(anonymous_10)
FNDA:103,(anonymous_11)
FNDA:3,pathExists
FNDA:3,(anonymous_13)
FNDA:1,(anonymous_14)
FNDA:2,(anonymous_15)
FNDA:12,isFile
FNDA:12,(anonymous_17)
FNDA:9,(anonymous_18)
FNDA:3,(anonymous_19)
FNDA:40,isDirectory
FNDA:40,(anonymous_21)
FNDA:29,(anonymous_22)
FNDA:11,(anonymous_23)
FNDA:5,isLink
FNDA:5,(anonymous_25)
FNDA:3,(anonymous_26)
FNDA:2,(anonymous_27)
FNDA:13,mkdirs
FNDA:20,(anonymous_29)
FNDA:20,(anonymous_30)
FNDA:20,(anonymous_31)
FNDA:20,(anonymous_32)
FNDA:20,(anonymous_33)
FNDA:9,(anonymous_34)
FNDA:12,(anonymous_35)
FNDA:20,(anonymous_36)
FNDA:2,readDir
FNDA:1,(anonymous_38)
FNDA:1,(anonymous_39)
FNDA:1,(anonymous_40)
FNDA:13,readFile
FNDA:13,(anonymous_42)
FNDA:13,(anonymous_43)
FNDA:3,readTextFile
FNDA:2,readJsonFile
FNDA:2,(anonymous_46)
FNDA:7,writeFile
FNDA:7,(anonymous_48)
FNDA:7,(anonymous_49)
FNDA:7,(anonymous_50)
FNDA:0,(anonymous_51)
FNDA:1,writeStream
FNDA:1,(anonymous_53)
FNDA:0,(anonymous_54)
FNDA:1,(anonymous_55)
FNDA:5,writeTextFile
FNDA:2,writeJsonFile
FNDA:2,(anonymous_58)
FNDA:47,appendFile
FNDA:47,(anonymous_60)
FNDA:47,(anonymous_61)
FNDA:13,remove
FNDA:13,(anonymous_63)
FNDA:13,(anonymous_64)
FNDA:5,(anonymous_65)
FNDA:8,(anonymous_66)
DA:17,4
DA:18,4
DA:19,4
DA:20,4
DA:62,55
DA:64,39
DA:65,39
DA:66,39
DA:68,39
DA:69,39
DA:76,5
DA:78,5
DA:79,5
DA:80,5
DA:82,3
DA:83,3
DA:90,20
DA:91,20
DA:102,4
DA:103,103
DA:104,103
DA:114,4
DA:115,3
DA:116,3
DA:125,4
DA:126,12
DA:127,12
DA:136,4
DA:137,40
DA:138,40
DA:147,4
DA:148,5
DA:149,5
DA:161,4
DA:162,13
DA:163,13
DA:164,12
DA:165,12
DA:167,20
DA:169,20
DA:170,20
DA:171,20
DA:172,11
DA:173,11
DA:175,9
DA:176,9
DA:177,9
DA:178,2
DA:179,2
DA:180,2
DA:182,0
DA:189,12
DA:190,12
DA:191,20
DA:192,0
DA:194,12
DA:197,1
DA:206,4
DA:207,2
DA:209,1
DA:210,1
DA:211,1
DA:213,1
DA:214,1
DA:228,4
DA:229,13
DA:230,13
DA:231,13
DA:232,13
DA:233,12
DA:244,4
DA:245,3
DA:254,4
DA:255,2
DA:256,2
DA:267,4
DA:268,7
DA:269,7
DA:270,7
DA:271,7
DA:272,7
DA:273,0
DA:284,4
DA:285,1
DA:286,1
DA:287,1
DA:288,1
DA:289,1
DA:299,4
DA:300,5
DA:310,4
DA:311,2
DA:313,2
DA:324,4
DA:325,47
DA:326,47
DA:327,47
DA:338,4
DA:339,13
DA:340,13
DA:341,13
DA:342,8
LF:102
LH:99
BRDA:66,0,0,0
BRDA:66,0,1,39
BRDA:80,1,0,2
BRDA:80,1,1,3
BRDA:104,2,0,17
BRDA:104,2,1,86
BRDA:163,3,0,12
BRDA:163,3,1,1
BRDA:171,4,0,11
BRDA:171,4,1,9
BRDA:177,5,0,7
BRDA:177,5,1,2
BRDA:178,6,0,2
BRDA:178,6,1,0
BRDA:191,7,0,20
BRDA:191,7,1,0
BRDA:211,8,0,0
BRDA:211,8,1,1
BRDA:228,9,0,2
BRDA:230,10,0,7
BRDA:230,10,1,6
BRDA:232,11,0,1
BRDA:232,11,1,12
BRDA:256,12,0,2
BRDA:256,12,1,0
BRDA:267,13,0,1
BRDA:269,14,0,6
BRDA:269,14,1,1
BRDA:272,15,0,0
BRDA:272,15,1,7
BRDA:324,16,0,44
BRDA:326,17,0,44
BRDA:326,17,1,3
BRDA:327,18,0,1
BRDA:327,18,1,46
BRDA:341,19,0,5
BRDA:341,19,1,8
BRDA:341,20,0,0
BRDA:341,20,1,5
BRDA:342,21,0,0
BRDA:342,21,1,8
BRF:41
BRH:33
end_of_record
TN:
SF:/Users/sth1pal/Documents/Development/JavaScript/nodejs/ts6/dev/hsLibs/node/hsNode/src/httpUtil.ts
FN:31,xml2json
FN:66,request
FN:101,(anonymous_8)
FN:105,(anonymous_9)
FN:112,(anonymous_11)
FN:125,(anonymous_13)
FN:171,(anonymous_15)
FN:179,(anonymous_16)
FN:191,(anonymous_17)
FN:210,(anonymous_18)
FN:251,omitNull
FN:257,(anonymous_20)
FN:267,compileParams
FN:282,putDoubleQuotes
FN:286,parseDigestResponse
FN:289,(anonymous_24)
FN:290,(anonymous_25)
FN:296,isBinary
FN:307,getAttributes
FN:311,(anonymous_28)
FN:323,requestOptions
FN:330,(anonymous_30)
FN:333,(anonymous_31)
FN:337,(anonymous_32)
FN:338,(anonymous_33)
FN:340,(anonymous_34)
FN:346,(anonymous_35)
FNF:27
FNH:26
FNDA:4,xml2json
FNDA:5,request
FNDA:2,(anonymous_8)
FNDA:1,(anonymous_9)
FNDA:1,(anonymous_11)
FNDA:2,(anonymous_13)
FNDA:1,(anonymous_15)
FNDA:1,(anonymous_16)
FNDA:1,(anonymous_17)
FNDA:1,(anonymous_18)
FNDA:1,omitNull
FNDA:7,(anonymous_20)
FNDA:1,compileParams
FNDA:9,putDoubleQuotes
FNDA:1,parseDigestResponse
FNDA:3,(anonymous_24)
FNDA:6,(anonymous_25)
FNDA:6,isBinary
FNDA:4,getAttributes
FNDA:8,(anonymous_28)
FNDA:6,requestOptions
FNDA:6,(anonymous_30)
FNDA:6,(anonymous_31)
FNDA:6,(anonymous_32)
FNDA:6,(anonymous_33)
FNDA:0,(anonymous_34)
FNDA:6,(anonymous_35)
DA:20,3
DA:21,3
DA:22,3
DA:31,3
DA:33,4
DA:34,5
DA:35,5
DA:36,4
DA:37,4
DA:38,4
DA:39,4
DA:40,4
DA:41,4
DA:42,3
DA:43,3
DA:44,3
DA:45,3
DA:48,1
DA:51,1
DA:52,1
DA:55,4
DA:66,3
DA:67,5
DA:77,5
DA:78,5
DA:95,3
DA:101,2
DA:106,1
DA:107,1
DA:108,1
DA:109,1
DA:113,1
DA:114,1
DA:126,2
DA:127,2
DA:128,2
DA:166,3
DA:167,1
DA:172,1
DA:173,1
DA:180,1
DA:181,1
DA:182,1
DA:183,1
DA:184,1
DA:195,1
DA:196,1
DA:197,1
DA:198,1
DA:199,1
DA:201,1
DA:211,1
DA:213,1
DA:214,1
DA:215,1
DA:216,1
DA:217,1
DA:218,1
DA:219,1
DA:221,1
DA:222,1
DA:223,1
DA:224,1
DA:227,1
DA:237,1
DA:239,1
DA:240,1
DA:241,1
DA:244,1
DA:245,1
DA:256,1
DA:257,1
DA:258,7
DA:260,1
DA:268,1
DA:269,1
DA:270,9
DA:271,9
DA:272,9
DA:275,1
DA:283,9
DA:287,1
DA:288,1
DA:289,1
DA:290,6
DA:291,3
DA:293,1
DA:297,6
DA:303,6
DA:304,6
DA:308,4
DA:309,4
DA:310,4
DA:311,4
DA:312,8
DA:313,7
DA:314,7
DA:315,7
DA:316,3
DA:320,4
DA:324,6
DA:328,6
DA:329,6
DA:330,6
DA:331,6
DA:332,6
DA:333,6
DA:334,6
DA:335,6
DA:336,6
DA:337,6
DA:338,6
DA:340,6
DA:343,6
DA:344,6
DA:347,6
DA:348,1
DA:350,5
LF:118
LH:118
BRDA:35,0,0,4
BRDA:35,0,1,1
BRDA:35,1,0,5
BRDA:35,1,1,4
BRDA:37,2,0,4
BRDA:37,2,1,3
BRDA:41,3,0,3
BRDA:41,3,1,1
BRDA:68,4,0,0
BRDA:68,4,1,5
BRDA:74,5,0,5
BRDA:74,5,1,2
BRDA:77,6,0,1
BRDA:77,6,1,4
BRDA:125,7,0,2
BRDA:129,8,0,1
BRDA:129,8,1,1
BRDA:128,9,0,2
BRDA:128,9,1,1
BRDA:182,10,0,0
BRDA:182,10,1,1
BRDA:195,11,0,1
BRDA:195,11,1,0
BRDA:239,12,0,1
BRDA:239,12,1,0
BRDA:258,13,0,7
BRDA:258,13,1,0
BRDA:258,14,0,7
BRDA:258,14,1,7
BRDA:270,15,0,9
BRDA:270,15,1,0
BRDA:271,16,0,7
BRDA:271,16,1,2
BRDA:304,17,0,0
BRDA:304,17,1,6
BRDA:312,18,0,7
BRDA:312,18,1,1
BRDA:314,19,0,7
BRDA:314,19,1,4
BRDA:315,20,0,3
BRDA:315,20,1,4
BRDA:328,21,0,6
BRDA:328,21,1,6
BRDA:332,22,0,1
BRDA:332,22,1,5
BRDA:334,23,0,0
BRDA:334,23,1,6
BRDA:343,24,0,0
BRDA:343,24,1,6
BRDA:347,25,0,1
BRDA:347,25,1,5
BRDA:347,26,0,6
BRDA:347,26,1,1
BRF:53
BRH:44
end_of_record
TN:
SF:/Users/sth1pal/Documents/Development/JavaScript/nodejs/ts6/dev/hsLibs/node/hsNode/src/index.ts
FNF:0
FNH:0
DA:2,2
DA:3,2
DA:5,2
DA:10,2
DA:12,2
DA:13,2
LF:6
LH:6
BRF:0
BRH:0
end_of_record
TN:
SF:/Users/sth1pal/Documents/Development/JavaScript/nodejs/ts6/dev/hsLibs/node/hsNode/src/log.ts
FN:31,node_pathExists
FN:36,node_logToFile
FNF:2
FNH:2
FNDA:1,node_pathExists
FNDA:44,node_logToFile
DA:23,4
DA:24,4
DA:25,4
DA:26,4
DA:28,4
DA:29,4
DA:32,1
DA:33,1
DA:37,44
LF:9
LH:9
BRF:0
BRH:0
end_of_record
