{"/Users/sth1pal/Documents/Development/JavaScript/nodejs/ts6/dev/hsLibs/node/hsNode/src/cpUtil.ts": {"path":"/Users/sth1pal/Documents/Development/JavaScript/nodejs/ts6/dev/hsLibs/node/hsNode/src/cpUtil.ts","statementMap":{"0":{"start":{"line":1,"column":11},"end":{"line":1,"column":35}},"1":{"start":{"line":12,"column":13},"end":{"line":31,"column":2}},"2":{"start":{"line":26,"column":8},"end":{"line":30,"column":9}},"3":{"start":{"line":27,"column":12},"end":{"line":29,"column":14}},"4":{"start":{"line":28,"column":16},"end":{"line":28,"column":79}}},"fnMap":{"0":{"name":"(anonymous_0)","decl":{"start":{"line":25,"column":10},"end":{"line":25,"column":11}},"loc":{"start":{"line":26,"column":8},"end":{"line":30,"column":9}}},"1":{"name":"(anonymous_1)","decl":{"start":{"line":26,"column":20},"end":{"line":26,"column":21}},"loc":{"start":{"line":27,"column":12},"end":{"line":29,"column":14}}},"2":{"name":"(anonymous_2)","decl":{"start":{"line":27,"column":38},"end":{"line":27,"column":39}},"loc":{"start":{"line":27,"column":85},"end":{"line":29,"column":13}}}},"branchMap":{"0":{"loc":{"start":{"line":28,"column":23},"end":{"line":28,"column":36}},"type":"cond-expr","locations":[{"start":{"line":28,"column":23},"end":{"line":28,"column":36}},{"start":{"line":28,"column":39},"end":{"line":28,"column":78}}]}},"s":{"0":2,"1":2,"2":3,"3":3,"4":3},"f":{"0":3,"1":3,"2":3},"b":{"0":[1,2]}}
,"/Users/sth1pal/Documents/Development/JavaScript/nodejs/ts6/dev/hsLibs/node/hsNode/src/fsUtil.ts": {"path":"/Users/sth1pal/Documents/Development/JavaScript/nodejs/ts6/dev/hsLibs/node/hsNode/src/fsUtil.ts","statementMap":{"0":{"start":{"line":1,"column":11},"end":{"line":1,"column":24}},"1":{"start":{"line":2,"column":0},"end":{"line":2,"column":35}},"2":{"start":{"line":3,"column":0},"end":{"line":3,"column":37}},"3":{"start":{"line":4,"column":0},"end":{"line":4,"column":37}},"4":{"start":{"line":4,"column":52},"end":{"line":4,"column":66}},"5":{"start":{"line":46,"column":1},"end":{"line":56,"column":6}},"6":{"start":{"line":48,"column":19},"end":{"line":56,"column":4}},"7":{"start":{"line":49,"column":3},"end":{"line":55,"column":6}},"8":{"start":{"line":50,"column":4},"end":{"line":54,"column":5}},"9":{"start":{"line":50,"column":14},"end":{"line":50,"column":26}},"10":{"start":{"line":52,"column":5},"end":{"line":52,"column":26}},"11":{"start":{"line":53,"column":5},"end":{"line":53,"column":20}},"12":{"start":{"line":60,"column":1},"end":{"line":70,"column":6}},"13":{"start":{"line":62,"column":19},"end":{"line":70,"column":4}},"14":{"start":{"line":63,"column":3},"end":{"line":69,"column":6}},"15":{"start":{"line":64,"column":4},"end":{"line":68,"column":5}},"16":{"start":{"line":64,"column":14},"end":{"line":64,"column":26}},"17":{"start":{"line":66,"column":5},"end":{"line":66,"column":26}},"18":{"start":{"line":67,"column":5},"end":{"line":67,"column":20}},"19":{"start":{"line":74,"column":16},"end":{"line":74,"column":67}},"20":{"start":{"line":75,"column":4},"end":{"line":75,"column":25}},"21":{"start":{"line":87,"column":1},"end":{"line":90,"column":18}},"22":{"start":{"line":88,"column":2},"end":{"line":88,"column":100}},"23":{"start":{"line":88,"column":57},"end":{"line":88,"column":97}},"24":{"start":{"line":86,"column":0},"end":{"line":91,"column":1}},"25":{"start":{"line":99,"column":1},"end":{"line":101,"column":7}},"26":{"start":{"line":100,"column":8},"end":{"line":100,"column":85}},"27":{"start":{"line":100,"column":42},"end":{"line":100,"column":55}},"28":{"start":{"line":100,"column":69},"end":{"line":100,"column":83}},"29":{"start":{"line":98,"column":0},"end":{"line":102,"column":1}},"30":{"start":{"line":110,"column":1},"end":{"line":112,"column":7}},"31":{"start":{"line":111,"column":8},"end":{"line":111,"column":95}},"32":{"start":{"line":111,"column":42},"end":{"line":111,"column":65}},"33":{"start":{"line":111,"column":79},"end":{"line":111,"column":93}},"34":{"start":{"line":109,"column":0},"end":{"line":113,"column":1}},"35":{"start":{"line":121,"column":1},"end":{"line":123,"column":7}},"36":{"start":{"line":122,"column":8},"end":{"line":122,"column":100}},"37":{"start":{"line":122,"column":42},"end":{"line":122,"column":70}},"38":{"start":{"line":122,"column":84},"end":{"line":122,"column":98}},"39":{"start":{"line":120,"column":0},"end":{"line":124,"column":1}},"40":{"start":{"line":132,"column":1},"end":{"line":134,"column":7}},"41":{"start":{"line":133,"column":8},"end":{"line":133,"column":104}},"42":{"start":{"line":133,"column":43},"end":{"line":133,"column":74}},"43":{"start":{"line":133,"column":88},"end":{"line":133,"column":102}},"44":{"start":{"line":131,"column":0},"end":{"line":135,"column":1}},"45":{"start":{"line":146,"column":14},"end":{"line":146,"column":65}},"46":{"start":{"line":147,"column":4},"end":{"line":182,"column":5}},"47":{"start":{"line":148,"column":18},"end":{"line":148,"column":50}},"48":{"start":{"line":149,"column":19},"end":{"line":149,"column":31}},"49":{"start":{"line":151,"column":8},"end":{"line":151,"column":70}},"50":{"start":{"line":151,"column":36},"end":{"line":151,"column":68}},"51":{"start":{"line":153,"column":22},"end":{"line":171,"column":9}},"52":{"start":{"line":153,"column":38},"end":{"line":170,"column":15}},"53":{"start":{"line":153,"column":44},"end":{"line":170,"column":15}},"54":{"start":{"line":154,"column":30},"end":{"line":170,"column":14}},"55":{"start":{"line":155,"column":16},"end":{"line":169,"column":17}},"56":{"start":{"line":156,"column":20},"end":{"line":156,"column":54}},"57":{"start":{"line":157,"column":20},"end":{"line":157,"column":34}},"58":{"start":{"line":159,"column":20},"end":{"line":159,"column":56}},"59":{"start":{"line":160,"column":20},"end":{"line":168,"column":23}},"60":{"start":{"line":161,"column":24},"end":{"line":167,"column":25}},"61":{"start":{"line":161,"column":35},"end":{"line":161,"column":49}},"62":{"start":{"line":162,"column":29},"end":{"line":167,"column":25}},"63":{"start":{"line":163,"column":28},"end":{"line":163,"column":82}},"64":{"start":{"line":164,"column":28},"end":{"line":164,"column":42}},"65":{"start":{"line":166,"column":28},"end":{"line":166,"column":40}},"66":{"start":{"line":173,"column":8},"end":{"line":179,"column":11}},"67":{"start":{"line":174,"column":12},"end":{"line":177,"column":15}},"68":{"start":{"line":175,"column":16},"end":{"line":175,"column":39}},"69":{"start":{"line":175,"column":25},"end":{"line":175,"column":37}},"70":{"start":{"line":176,"column":16},"end":{"line":176,"column":58}},"71":{"start":{"line":178,"column":12},"end":{"line":178,"column":39}},"72":{"start":{"line":181,"column":8},"end":{"line":181,"column":95}},"73":{"start":{"line":145,"column":0},"end":{"line":183,"column":1}},"74":{"start":{"line":191,"column":1},"end":{"line":202,"column":22}},"75":{"start":{"line":193,"column":19},"end":{"line":201,"column":4}},"76":{"start":{"line":194,"column":3},"end":{"line":200,"column":6}},"77":{"start":{"line":195,"column":4},"end":{"line":199,"column":5}},"78":{"start":{"line":195,"column":14},"end":{"line":195,"column":26}},"79":{"start":{"line":197,"column":5},"end":{"line":197,"column":26}},"80":{"start":{"line":198,"column":5},"end":{"line":198,"column":20}},"81":{"start":{"line":190,"column":0},"end":{"line":203,"column":1}},"82":{"start":{"line":213,"column":1},"end":{"line":220,"column":18}},"83":{"start":{"line":214,"column":17},"end":{"line":214,"column":36}},"84":{"start":{"line":215,"column":2},"end":{"line":218,"column":5}},"85":{"start":{"line":216,"column":12},"end":{"line":217,"column":35}},"86":{"start":{"line":216,"column":23},"end":{"line":216,"column":35}},"87":{"start":{"line":217,"column":19},"end":{"line":217,"column":33}},"88":{"start":{"line":212,"column":0},"end":{"line":221,"column":1}},"89":{"start":{"line":229,"column":1},"end":{"line":230,"column":18}},"90":{"start":{"line":228,"column":0},"end":{"line":231,"column":1}},"91":{"start":{"line":239,"column":4},"end":{"line":241,"column":18}},"92":{"start":{"line":240,"column":21},"end":{"line":240,"column":72}},"93":{"start":{"line":238,"column":0},"end":{"line":242,"column":1}},"94":{"start":{"line":252,"column":1},"end":{"line":259,"column":18}},"95":{"start":{"line":253,"column":27},"end":{"line":253,"column":60}},"96":{"start":{"line":254,"column":8},"end":{"line":257,"column":89}},"97":{"start":{"line":255,"column":20},"end":{"line":256,"column":48}},"98":{"start":{"line":256,"column":12},"end":{"line":256,"column":47}},"99":{"start":{"line":257,"column":23},"end":{"line":257,"column":87}},"100":{"start":{"line":251,"column":0},"end":{"line":260,"column":1}},"101":{"start":{"line":269,"column":1},"end":{"line":275,"column":18}},"102":{"start":{"line":270,"column":16},"end":{"line":270,"column":70}},"103":{"start":{"line":271,"column":8},"end":{"line":271,"column":48}},"104":{"start":{"line":271,"column":35},"end":{"line":271,"column":46}},"105":{"start":{"line":272,"column":8},"end":{"line":272,"column":59}},"106":{"start":{"line":272,"column":41},"end":{"line":272,"column":57}},"107":{"start":{"line":273,"column":8},"end":{"line":273,"column":16}},"108":{"start":{"line":268,"column":0},"end":{"line":276,"column":1}},"109":{"start":{"line":284,"column":1},"end":{"line":285,"column":18}},"110":{"start":{"line":283,"column":0},"end":{"line":286,"column":1}},"111":{"start":{"line":295,"column":4},"end":{"line":298,"column":18}},"112":{"start":{"line":297,"column":15},"end":{"line":297,"column":43}},"113":{"start":{"line":294,"column":0},"end":{"line":299,"column":1}},"114":{"start":{"line":309,"column":1},"end":{"line":314,"column":18}},"115":{"start":{"line":310,"column":21},"end":{"line":310,"column":54}},"116":{"start":{"line":311,"column":8},"end":{"line":311,"column":100}},"117":{"start":{"line":311,"column":63},"end":{"line":311,"column":98}},"118":{"start":{"line":308,"column":0},"end":{"line":315,"column":1}},"119":{"start":{"line":323,"column":1},"end":{"line":329,"column":18}},"120":{"start":{"line":324,"column":8},"end":{"line":327,"column":11}},"121":{"start":{"line":325,"column":12},"end":{"line":326,"column":82}},"122":{"start":{"line":325,"column":47},"end":{"line":325,"column":78}},"123":{"start":{"line":326,"column":48},"end":{"line":326,"column":79}},"124":{"start":{"line":322,"column":0},"end":{"line":330,"column":1}}},"fnMap":{"0":{"name":"stat","decl":{"start":{"line":45,"column":9},"end":{"line":45,"column":13}},"loc":{"start":{"line":45,"column":28},"end":{"line":57,"column":1}}},"1":{"name":"(anonymous_1)","decl":{"start":{"line":48,"column":8},"end":{"line":48,"column":14}},"loc":{"start":{"line":48,"column":19},"end":{"line":56,"column":4}}},"2":{"name":"(anonymous_2)","decl":{"start":{"line":48,"column":31},"end":{"line":48,"column":32}},"loc":{"start":{"line":48,"column":71},"end":{"line":56,"column":3}}},"3":{"name":"(anonymous_3)","decl":{"start":{"line":49,"column":20},"end":{"line":49,"column":21}},"loc":{"start":{"line":49,"column":45},"end":{"line":55,"column":4}}},"4":{"name":"lstat","decl":{"start":{"line":59,"column":9},"end":{"line":59,"column":14}},"loc":{"start":{"line":59,"column":29},"end":{"line":71,"column":1}}},"5":{"name":"(anonymous_5)","decl":{"start":{"line":62,"column":8},"end":{"line":62,"column":14}},"loc":{"start":{"line":62,"column":19},"end":{"line":70,"column":4}}},"6":{"name":"(anonymous_6)","decl":{"start":{"line":62,"column":31},"end":{"line":62,"column":32}},"loc":{"start":{"line":62,"column":51},"end":{"line":70,"column":3}}},"7":{"name":"(anonymous_7)","decl":{"start":{"line":63,"column":21},"end":{"line":63,"column":22}},"loc":{"start":{"line":63,"column":44},"end":{"line":69,"column":4}}},"8":{"name":"error","decl":{"start":{"line":73,"column":9},"end":{"line":73,"column":14}},"loc":{"start":{"line":73,"column":22},"end":{"line":76,"column":1}}},"9":{"name":"realPath","decl":{"start":{"line":86,"column":16},"end":{"line":86,"column":24}},"loc":{"start":{"line":86,"column":39},"end":{"line":91,"column":1}}},"10":{"name":"(anonymous_10)","decl":{"start":{"line":87,"column":20},"end":{"line":87,"column":21}},"loc":{"start":{"line":87,"column":76},"end":{"line":89,"column":5}}},"11":{"name":"(anonymous_11)","decl":{"start":{"line":88,"column":23},"end":{"line":88,"column":24}},"loc":{"start":{"line":88,"column":57},"end":{"line":88,"column":97}}},"12":{"name":"pathExists","decl":{"start":{"line":98,"column":16},"end":{"line":98,"column":26}},"loc":{"start":{"line":98,"column":41},"end":{"line":102,"column":1}}},"13":{"name":"(anonymous_13)","decl":{"start":{"line":99,"column":20},"end":{"line":99,"column":21}},"loc":{"start":{"line":99,"column":32},"end":{"line":101,"column":5}}},"14":{"name":"(anonymous_14)","decl":{"start":{"line":100,"column":27},"end":{"line":100,"column":28}},"loc":{"start":{"line":100,"column":42},"end":{"line":100,"column":55}}},"15":{"name":"(anonymous_15)","decl":{"start":{"line":100,"column":63},"end":{"line":100,"column":65}},"loc":{"start":{"line":100,"column":69},"end":{"line":100,"column":83}}},"16":{"name":"isFile","decl":{"start":{"line":109,"column":16},"end":{"line":109,"column":22}},"loc":{"start":{"line":109,"column":37},"end":{"line":113,"column":1}}},"17":{"name":"(anonymous_17)","decl":{"start":{"line":110,"column":20},"end":{"line":110,"column":21}},"loc":{"start":{"line":110,"column":32},"end":{"line":112,"column":5}}},"18":{"name":"(anonymous_18)","decl":{"start":{"line":111,"column":27},"end":{"line":111,"column":28}},"loc":{"start":{"line":111,"column":42},"end":{"line":111,"column":65}}},"19":{"name":"(anonymous_19)","decl":{"start":{"line":111,"column":73},"end":{"line":111,"column":75}},"loc":{"start":{"line":111,"column":79},"end":{"line":111,"column":93}}},"20":{"name":"isDirectory","decl":{"start":{"line":120,"column":16},"end":{"line":120,"column":27}},"loc":{"start":{"line":120,"column":42},"end":{"line":124,"column":1}}},"21":{"name":"(anonymous_21)","decl":{"start":{"line":121,"column":20},"end":{"line":121,"column":21}},"loc":{"start":{"line":121,"column":32},"end":{"line":123,"column":5}}},"22":{"name":"(anonymous_22)","decl":{"start":{"line":122,"column":27},"end":{"line":122,"column":28}},"loc":{"start":{"line":122,"column":42},"end":{"line":122,"column":70}}},"23":{"name":"(anonymous_23)","decl":{"start":{"line":122,"column":78},"end":{"line":122,"column":80}},"loc":{"start":{"line":122,"column":84},"end":{"line":122,"column":98}}},"24":{"name":"isLink","decl":{"start":{"line":131,"column":16},"end":{"line":131,"column":22}},"loc":{"start":{"line":131,"column":37},"end":{"line":135,"column":1}}},"25":{"name":"(anonymous_25)","decl":{"start":{"line":132,"column":20},"end":{"line":132,"column":21}},"loc":{"start":{"line":132,"column":32},"end":{"line":134,"column":5}}},"26":{"name":"(anonymous_26)","decl":{"start":{"line":133,"column":28},"end":{"line":133,"column":29}},"loc":{"start":{"line":133,"column":43},"end":{"line":133,"column":74}}},"27":{"name":"(anonymous_27)","decl":{"start":{"line":133,"column":82},"end":{"line":133,"column":84}},"loc":{"start":{"line":133,"column":88},"end":{"line":133,"column":102}}},"28":{"name":"mkdirs","decl":{"start":{"line":145,"column":16},"end":{"line":145,"column":22}},"loc":{"start":{"line":145,"column":37},"end":{"line":183,"column":1}}},"29":{"name":"(anonymous_29)","decl":{"start":{"line":151,"column":24},"end":{"line":151,"column":25}},"loc":{"start":{"line":151,"column":36},"end":{"line":151,"column":68}}},"30":{"name":"(anonymous_30)","decl":{"start":{"line":153,"column":31},"end":{"line":153,"column":33}},"loc":{"start":{"line":153,"column":38},"end":{"line":170,"column":15}}},"31":{"name":"(anonymous_31)","decl":{"start":{"line":153,"column":38},"end":{"line":153,"column":40}},"loc":{"start":{"line":153,"column":44},"end":{"line":170,"column":15}}},"32":{"name":"(anonymous_32)","decl":{"start":{"line":154,"column":18},"end":{"line":154,"column":19}},"loc":{"start":{"line":154,"column":30},"end":{"line":170,"column":14}}},"33":{"name":"(anonymous_33)","decl":{"start":{"line":154,"column":42},"end":{"line":154,"column":43}},"loc":{"start":{"line":154,"column":82},"end":{"line":170,"column":13}}},"34":{"name":"(anonymous_34)","decl":{"start":{"line":160,"column":34},"end":{"line":160,"column":35}},"loc":{"start":{"line":160,"column":46},"end":{"line":168,"column":21}}},"35":{"name":"(anonymous_35)","decl":{"start":{"line":173,"column":40},"end":{"line":173,"column":41}},"loc":{"start":{"line":173,"column":58},"end":{"line":179,"column":9}}},"36":{"name":"(anonymous_36)","decl":{"start":{"line":174,"column":20},"end":{"line":174,"column":21}},"loc":{"start":{"line":174,"column":29},"end":{"line":177,"column":13}}},"37":{"name":"readDir","decl":{"start":{"line":190,"column":16},"end":{"line":190,"column":23}},"loc":{"start":{"line":190,"column":38},"end":{"line":203,"column":1}}},"38":{"name":"(anonymous_38)","decl":{"start":{"line":193,"column":8},"end":{"line":193,"column":14}},"loc":{"start":{"line":193,"column":19},"end":{"line":201,"column":4}}},"39":{"name":"(anonymous_39)","decl":{"start":{"line":193,"column":31},"end":{"line":193,"column":32}},"loc":{"start":{"line":193,"column":85},"end":{"line":201,"column":3}}},"40":{"name":"(anonymous_40)","decl":{"start":{"line":194,"column":23},"end":{"line":194,"column":24}},"loc":{"start":{"line":194,"column":46},"end":{"line":200,"column":4}}},"41":{"name":"readFile","decl":{"start":{"line":212,"column":16},"end":{"line":212,"column":24}},"loc":{"start":{"line":212,"column":52},"end":{"line":221,"column":1}}},"42":{"name":"(anonymous_42)","decl":{"start":{"line":213,"column":20},"end":{"line":213,"column":21}},"loc":{"start":{"line":213,"column":73},"end":{"line":219,"column":2}}},"43":{"name":"(anonymous_43)","decl":{"start":{"line":215,"column":33},"end":{"line":215,"column":34}},"loc":{"start":{"line":215,"column":55},"end":{"line":218,"column":3}}},"44":{"name":"readTextFile","decl":{"start":{"line":228,"column":16},"end":{"line":228,"column":28}},"loc":{"start":{"line":228,"column":43},"end":{"line":231,"column":1}}},"45":{"name":"readJsonFile","decl":{"start":{"line":238,"column":16},"end":{"line":238,"column":28}},"loc":{"start":{"line":238,"column":43},"end":{"line":242,"column":1}}},"46":{"name":"(anonymous_46)","decl":{"start":{"line":240,"column":7},"end":{"line":240,"column":8}},"loc":{"start":{"line":240,"column":21},"end":{"line":240,"column":72}}},"47":{"name":"writeFile","decl":{"start":{"line":251,"column":16},"end":{"line":251,"column":25}},"loc":{"start":{"line":251,"column":77},"end":{"line":260,"column":1}}},"48":{"name":"(anonymous_48)","decl":{"start":{"line":252,"column":20},"end":{"line":252,"column":21}},"loc":{"start":{"line":252,"column":40},"end":{"line":258,"column":2}}},"49":{"name":"(anonymous_49)","decl":{"start":{"line":255,"column":14},"end":{"line":255,"column":16}},"loc":{"start":{"line":255,"column":20},"end":{"line":256,"column":48}}},"50":{"name":"(anonymous_50)","decl":{"start":{"line":255,"column":61},"end":{"line":255,"column":62}},"loc":{"start":{"line":256,"column":12},"end":{"line":256,"column":47}}},"51":{"name":"(anonymous_51)","decl":{"start":{"line":257,"column":16},"end":{"line":257,"column":18}},"loc":{"start":{"line":257,"column":23},"end":{"line":257,"column":87}}},"52":{"name":"writeStream","decl":{"start":{"line":268,"column":16},"end":{"line":268,"column":27}},"loc":{"start":{"line":268,"column":58},"end":{"line":276,"column":1}}},"53":{"name":"(anonymous_53)","decl":{"start":{"line":269,"column":20},"end":{"line":269,"column":21}},"loc":{"start":{"line":269,"column":40},"end":{"line":274,"column":2}}},"54":{"name":"(anonymous_54)","decl":{"start":{"line":271,"column":22},"end":{"line":271,"column":23}},"loc":{"start":{"line":271,"column":35},"end":{"line":271,"column":46}}},"55":{"name":"(anonymous_55)","decl":{"start":{"line":272,"column":35},"end":{"line":272,"column":37}},"loc":{"start":{"line":272,"column":41},"end":{"line":272,"column":57}}},"56":{"name":"writeTextFile","decl":{"start":{"line":283,"column":16},"end":{"line":283,"column":29}},"loc":{"start":{"line":283,"column":60},"end":{"line":286,"column":1}}},"57":{"name":"writeJsonFile","decl":{"start":{"line":294,"column":16},"end":{"line":294,"column":29}},"loc":{"start":{"line":294,"column":53},"end":{"line":299,"column":1}}},"58":{"name":"(anonymous_58)","decl":{"start":{"line":297,"column":7},"end":{"line":297,"column":10}},"loc":{"start":{"line":297,"column":15},"end":{"line":297,"column":43}}},"59":{"name":"appendFile","decl":{"start":{"line":308,"column":16},"end":{"line":308,"column":26}},"loc":{"start":{"line":308,"column":78},"end":{"line":315,"column":1}}},"60":{"name":"(anonymous_60)","decl":{"start":{"line":309,"column":20},"end":{"line":309,"column":21}},"loc":{"start":{"line":309,"column":40},"end":{"line":312,"column":5}}},"61":{"name":"(anonymous_61)","decl":{"start":{"line":311,"column":50},"end":{"line":311,"column":51}},"loc":{"start":{"line":311,"column":63},"end":{"line":311,"column":98}}},"62":{"name":"remove","decl":{"start":{"line":322,"column":16},"end":{"line":322,"column":22}},"loc":{"start":{"line":322,"column":37},"end":{"line":330,"column":1}}},"63":{"name":"(anonymous_63)","decl":{"start":{"line":323,"column":20},"end":{"line":323,"column":21}},"loc":{"start":{"line":323,"column":76},"end":{"line":328,"column":2}}},"64":{"name":"(anonymous_64)","decl":{"start":{"line":324,"column":34},"end":{"line":324,"column":35}},"loc":{"start":{"line":324,"column":50},"end":{"line":327,"column":9}}},"65":{"name":"(anonymous_65)","decl":{"start":{"line":325,"column":35},"end":{"line":325,"column":36}},"loc":{"start":{"line":325,"column":47},"end":{"line":325,"column":78}}},"66":{"name":"(anonymous_66)","decl":{"start":{"line":326,"column":36},"end":{"line":326,"column":37}},"loc":{"start":{"line":326,"column":48},"end":{"line":326,"column":79}}}},"branchMap":{"0":{"loc":{"start":{"line":50,"column":4},"end":{"line":54,"column":5}},"type":"if","locations":[{"start":{"line":50,"column":4},"end":{"line":54,"column":5}},{"start":{"line":50,"column":4},"end":{"line":54,"column":5}}]},"1":{"loc":{"start":{"line":64,"column":4},"end":{"line":68,"column":5}},"type":"if","locations":[{"start":{"line":64,"column":4},"end":{"line":68,"column":5}},{"start":{"line":64,"column":4},"end":{"line":68,"column":5}}]},"2":{"loc":{"start":{"line":88,"column":62},"end":{"line":88,"column":73}},"type":"cond-expr","locations":[{"start":{"line":88,"column":62},"end":{"line":88,"column":73}},{"start":{"line":88,"column":76},"end":{"line":88,"column":97}}]},"3":{"loc":{"start":{"line":147,"column":4},"end":{"line":182,"column":5}},"type":"if","locations":[{"start":{"line":147,"column":4},"end":{"line":182,"column":5}},{"start":{"line":147,"column":4},"end":{"line":182,"column":5}}]},"4":{"loc":{"start":{"line":155,"column":16},"end":{"line":169,"column":17}},"type":"if","locations":[{"start":{"line":155,"column":16},"end":{"line":169,"column":17}},{"start":{"line":155,"column":16},"end":{"line":169,"column":17}}]},"5":{"loc":{"start":{"line":161,"column":24},"end":{"line":167,"column":25}},"type":"if","locations":[{"start":{"line":161,"column":24},"end":{"line":167,"column":25}},{"start":{"line":161,"column":24},"end":{"line":167,"column":25}}]},"6":{"loc":{"start":{"line":162,"column":29},"end":{"line":167,"column":25}},"type":"if","locations":[{"start":{"line":162,"column":29},"end":{"line":167,"column":25}},{"start":{"line":162,"column":29},"end":{"line":167,"column":25}}]},"7":{"loc":{"start":{"line":175,"column":16},"end":{"line":175,"column":39}},"type":"if","locations":[{"start":{"line":175,"column":16},"end":{"line":175,"column":39}},{"start":{"line":175,"column":16},"end":{"line":175,"column":39}}]},"8":{"loc":{"start":{"line":195,"column":4},"end":{"line":199,"column":5}},"type":"if","locations":[{"start":{"line":195,"column":4},"end":{"line":199,"column":5}},{"start":{"line":195,"column":4},"end":{"line":199,"column":5}}]},"9":{"loc":{"start":{"line":212,"column":48},"end":{"line":212,"column":52}},"type":"default-arg","locations":[{"start":{"line":212,"column":48},"end":{"line":212,"column":52}}]},"10":{"loc":{"start":{"line":214,"column":25},"end":{"line":214,"column":31}},"type":"cond-expr","locations":[{"start":{"line":214,"column":25},"end":{"line":214,"column":31}},{"start":{"line":214,"column":34},"end":{"line":214,"column":36}}]},"11":{"loc":{"start":{"line":216,"column":12},"end":{"line":217,"column":35}},"type":"if","locations":[{"start":{"line":216,"column":12},"end":{"line":217,"column":35}},{"start":{"line":216,"column":12},"end":{"line":217,"column":35}}]},"12":{"loc":{"start":{"line":240,"column":49},"end":{"line":240,"column":65}},"type":"cond-expr","locations":[{"start":{"line":240,"column":49},"end":{"line":240,"column":65}},{"start":{"line":240,"column":68},"end":{"line":240,"column":72}}]},"13":{"loc":{"start":{"line":251,"column":73},"end":{"line":251,"column":77}},"type":"default-arg","locations":[{"start":{"line":251,"column":73},"end":{"line":251,"column":77}}]},"14":{"loc":{"start":{"line":253,"column":35},"end":{"line":253,"column":41}},"type":"cond-expr","locations":[{"start":{"line":253,"column":35},"end":{"line":253,"column":41}},{"start":{"line":253,"column":44},"end":{"line":253,"column":60}}]},"15":{"loc":{"start":{"line":256,"column":17},"end":{"line":256,"column":28}},"type":"cond-expr","locations":[{"start":{"line":256,"column":17},"end":{"line":256,"column":28}},{"start":{"line":256,"column":31},"end":{"line":256,"column":47}}]},"16":{"loc":{"start":{"line":308,"column":74},"end":{"line":308,"column":78}},"type":"default-arg","locations":[{"start":{"line":308,"column":74},"end":{"line":308,"column":78}}]},"17":{"loc":{"start":{"line":310,"column":29},"end":{"line":310,"column":35}},"type":"cond-expr","locations":[{"start":{"line":310,"column":29},"end":{"line":310,"column":35}},{"start":{"line":310,"column":38},"end":{"line":310,"column":54}}]},"18":{"loc":{"start":{"line":311,"column":68},"end":{"line":311,"column":79}},"type":"cond-expr","locations":[{"start":{"line":311,"column":68},"end":{"line":311,"column":79}},{"start":{"line":311,"column":82},"end":{"line":311,"column":98}}]},"19":{"loc":{"start":{"line":325,"column":17},"end":{"line":325,"column":80}},"type":"cond-expr","locations":[{"start":{"line":325,"column":17},"end":{"line":325,"column":80}},{"start":{"line":326,"column":17},"end":{"line":326,"column":81}}]},"20":{"loc":{"start":{"line":325,"column":50},"end":{"line":325,"column":59}},"type":"cond-expr","locations":[{"start":{"line":325,"column":50},"end":{"line":325,"column":59}},{"start":{"line":325,"column":62},"end":{"line":325,"column":78}}]},"21":{"loc":{"start":{"line":326,"column":51},"end":{"line":326,"column":60}},"type":"cond-expr","locations":[{"start":{"line":326,"column":51},"end":{"line":326,"column":60}},{"start":{"line":326,"column":63},"end":{"line":326,"column":79}}]}},"s":{"0":4,"1":4,"2":4,"3":4,"4":4,"5":55,"6":39,"7":39,"8":39,"9":0,"10":39,"11":39,"12":5,"13":5,"14":5,"15":5,"16":2,"17":3,"18":3,"19":20,"20":20,"21":103,"22":103,"23":103,"24":4,"25":3,"26":3,"27":1,"28":2,"29":4,"30":12,"31":12,"32":9,"33":3,"34":4,"35":40,"36":40,"37":29,"38":11,"39":4,"40":5,"41":5,"42":3,"43":2,"44":4,"45":13,"46":13,"47":12,"48":12,"49":12,"50":20,"51":12,"52":20,"53":20,"54":20,"55":20,"56":11,"57":11,"58":9,"59":9,"60":9,"61":7,"62":2,"63":2,"64":2,"65":0,"66":12,"67":12,"68":20,"69":20,"70":0,"71":12,"72":1,"73":4,"74":2,"75":1,"76":1,"77":1,"78":0,"79":1,"80":1,"81":4,"82":13,"83":13,"84":13,"85":13,"86":1,"87":12,"88":4,"89":3,"90":4,"91":2,"92":2,"93":4,"94":7,"95":7,"96":7,"97":7,"98":7,"99":0,"100":4,"101":1,"102":1,"103":1,"104":0,"105":1,"106":1,"107":1,"108":4,"109":5,"110":4,"111":2,"112":2,"113":4,"114":47,"115":47,"116":47,"117":47,"118":4,"119":13,"120":13,"121":13,"122":5,"123":8,"124":4},"f":{"0":55,"1":39,"2":39,"3":39,"4":5,"5":5,"6":5,"7":5,"8":20,"9":103,"10":103,"11":103,"12":3,"13":3,"14":1,"15":2,"16":12,"17":12,"18":9,"19":3,"20":40,"21":40,"22":29,"23":11,"24":5,"25":5,"26":3,"27":2,"28":13,"29":20,"30":20,"31":20,"32":20,"33":20,"34":9,"35":12,"36":20,"37":2,"38":1,"39":1,"40":1,"41":13,"42":13,"43":13,"44":3,"45":2,"46":2,"47":7,"48":7,"49":7,"50":7,"51":0,"52":1,"53":1,"54":0,"55":1,"56":5,"57":2,"58":2,"59":47,"60":47,"61":47,"62":13,"63":13,"64":13,"65":5,"66":8},"b":{"0":[0,39],"1":[2,3],"2":[17,86],"3":[12,1],"4":[11,9],"5":[7,2],"6":[2,0],"7":[20,0],"8":[0,1],"9":[2],"10":[7,6],"11":[1,12],"12":[2,0],"13":[1],"14":[6,1],"15":[0,7],"16":[44],"17":[44,3],"18":[1,46],"19":[5,8],"20":[0,5],"21":[0,8]}}
,"/Users/sth1pal/Documents/Development/JavaScript/nodejs/ts6/dev/hsLibs/node/hsNode/src/httpUtil.ts": {"path":"/Users/sth1pal/Documents/Development/JavaScript/nodejs/ts6/dev/hsLibs/node/hsNode/src/httpUtil.ts","statementMap":{"0":{"start":{"line":12,"column":0},"end":{"line":12,"column":37}},"1":{"start":{"line":13,"column":0},"end":{"line":13,"column":36}},"2":{"start":{"line":13,"column":52},"end":{"line":13,"column":68}},"3":{"start":{"line":14,"column":0},"end":{"line":14,"column":43}},"4":{"start":{"line":25,"column":4},"end":{"line":46,"column":5}},"5":{"start":{"line":26,"column":22},"end":{"line":26,"column":40}},"6":{"start":{"line":27,"column":8},"end":{"line":45,"column":9}},"7":{"start":{"line":28,"column":12},"end":{"line":28,"column":55}},"8":{"start":{"line":29,"column":12},"end":{"line":29,"column":34}},"9":{"start":{"line":30,"column":12},"end":{"line":30,"column":45}},"10":{"start":{"line":31,"column":24},"end":{"line":31,"column":46}},"11":{"start":{"line":32,"column":23},"end":{"line":32,"column":47}},"12":{"start":{"line":33,"column":12},"end":{"line":41,"column":13}},"13":{"start":{"line":34,"column":30},"end":{"line":34,"column":53}},"14":{"start":{"line":35,"column":30},"end":{"line":35,"column":64}},"15":{"start":{"line":36,"column":16},"end":{"line":36,"column":53}},"16":{"start":{"line":37,"column":16},"end":{"line":37,"column":61}},"17":{"start":{"line":40,"column":16},"end":{"line":40,"column":63}},"18":{"start":{"line":43,"column":12},"end":{"line":43,"column":34}},"19":{"start":{"line":44,"column":12},"end":{"line":44,"column":21}},"20":{"start":{"line":47,"column":4},"end":{"line":47,"column":18}},"21":{"start":{"line":23,"column":0},"end":{"line":48,"column":1}},"22":{"start":{"line":59,"column":18},"end":{"line":68,"column":5}},"23":{"start":{"line":69,"column":4},"end":{"line":69,"column":55}},"24":{"start":{"line":69,"column":19},"end":{"line":69,"column":53}},"25":{"start":{"line":70,"column":4},"end":{"line":70,"column":51}},"26":{"start":{"line":58,"column":0},"end":{"line":71,"column":1}},"27":{"start":{"line":93,"column":23},"end":{"line":93,"column":44}},"28":{"start":{"line":93,"column":53},"end":{"line":93,"column":65}},"29":{"start":{"line":98,"column":25},"end":{"line":98,"column":54}},"30":{"start":{"line":99,"column":8},"end":{"line":99,"column":37}},"31":{"start":{"line":100,"column":8},"end":{"line":100,"column":49}},"32":{"start":{"line":101,"column":8},"end":{"line":101,"column":25}},"33":{"start":{"line":105,"column":8},"end":{"line":105,"column":42}},"34":{"start":{"line":106,"column":8},"end":{"line":106,"column":44}},"35":{"start":{"line":118,"column":22},"end":{"line":118,"column":85}},"36":{"start":{"line":119,"column":23},"end":{"line":119,"column":45}},"37":{"start":{"line":120,"column":8},"end":{"line":121,"column":84}},"38":{"start":{"line":87,"column":0},"end":{"line":123,"column":1}},"39":{"start":{"line":159,"column":4},"end":{"line":159,"column":11}},"40":{"start":{"line":164,"column":8},"end":{"line":164,"column":33}},"41":{"start":{"line":165,"column":8},"end":{"line":165,"column":33}},"42":{"start":{"line":172,"column":18},"end":{"line":172,"column":26}},"43":{"start":{"line":173,"column":22},"end":{"line":173,"column":49}},"44":{"start":{"line":174,"column":8},"end":{"line":174,"column":52}},"45":{"start":{"line":175,"column":17},"end":{"line":175,"column":29}},"46":{"start":{"line":176,"column":8},"end":{"line":176,"column":53}},"47":{"start":{"line":187,"column":8},"end":{"line":192,"column":9}},"48":{"start":{"line":188,"column":29},"end":{"line":188,"column":46}},"49":{"start":{"line":189,"column":12},"end":{"line":189,"column":58}},"50":{"start":{"line":190,"column":12},"end":{"line":190,"column":60}},"51":{"start":{"line":191,"column":12},"end":{"line":191,"column":33}},"52":{"start":{"line":193,"column":8},"end":{"line":193,"column":40}},"53":{"start":{"line":203,"column":8},"end":{"line":203,"column":74}},"54":{"start":{"line":205,"column":28},"end":{"line":205,"column":85}},"55":{"start":{"line":206,"column":18},"end":{"line":206,"column":35}},"56":{"start":{"line":207,"column":19},"end":{"line":207,"column":73}},"57":{"start":{"line":208,"column":8},"end":{"line":208,"column":25}},"58":{"start":{"line":209,"column":18},"end":{"line":209,"column":35}},"59":{"start":{"line":210,"column":8},"end":{"line":210,"column":51}},"60":{"start":{"line":211,"column":8},"end":{"line":211,"column":25}},"61":{"start":{"line":213,"column":27},"end":{"line":213,"column":61}},"62":{"start":{"line":214,"column":19},"end":{"line":214,"column":36}},"63":{"start":{"line":215,"column":8},"end":{"line":215,"column":111}},"64":{"start":{"line":216,"column":8},"end":{"line":216,"column":26}},"65":{"start":{"line":219,"column":29},"end":{"line":227,"column":9}},"66":{"start":{"line":229,"column":8},"end":{"line":229,"column":42}},"67":{"start":{"line":231,"column":8},"end":{"line":234,"column":9}},"68":{"start":{"line":232,"column":12},"end":{"line":232,"column":31}},"69":{"start":{"line":233,"column":12},"end":{"line":233,"column":39}},"70":{"start":{"line":236,"column":8},"end":{"line":236,"column":66}},"71":{"start":{"line":237,"column":8},"end":{"line":237,"column":39}},"72":{"start":{"line":158,"column":0},"end":{"line":239,"column":1}},"73":{"start":{"line":248,"column":20},"end":{"line":248,"column":22}},"74":{"start":{"line":249,"column":4},"end":{"line":251,"column":7}},"75":{"start":{"line":250,"column":8},"end":{"line":250,"column":82}},"76":{"start":{"line":250,"column":57},"end":{"line":250,"column":80}},"77":{"start":{"line":252,"column":4},"end":{"line":252,"column":21}},"78":{"start":{"line":260,"column":16},"end":{"line":260,"column":18}},"79":{"start":{"line":261,"column":4},"end":{"line":266,"column":5}},"80":{"start":{"line":262,"column":8},"end":{"line":265,"column":9}},"81":{"start":{"line":263,"column":24},"end":{"line":263,"column":85}},"82":{"start":{"line":264,"column":12},"end":{"line":264,"column":30}},"83":{"start":{"line":267,"column":4},"end":{"line":267,"column":39}},"84":{"start":{"line":275,"column":4},"end":{"line":275,"column":42}},"85":{"start":{"line":279,"column":4},"end":{"line":279,"column":52}},"86":{"start":{"line":280,"column":19},"end":{"line":280,"column":21}},"87":{"start":{"line":281,"column":4},"end":{"line":284,"column":7}},"88":{"start":{"line":282,"column":19},"end":{"line":282,"column":62}},"89":{"start":{"line":282,"column":53},"end":{"line":282,"column":61}},"90":{"start":{"line":283,"column":8},"end":{"line":283,"column":49}},"91":{"start":{"line":285,"column":4},"end":{"line":285,"column":18}},"92":{"start":{"line":289,"column":19},"end":{"line":294,"column":5}},"93":{"start":{"line":295,"column":19},"end":{"line":295,"column":38}},"94":{"start":{"line":296,"column":4},"end":{"line":296,"column":50}},"95":{"start":{"line":300,"column":17},"end":{"line":300,"column":59}},"96":{"start":{"line":301,"column":4},"end":{"line":301,"column":27}},"97":{"start":{"line":302,"column":4},"end":{"line":302,"column":21}},"98":{"start":{"line":303,"column":4},"end":{"line":311,"column":7}},"99":{"start":{"line":304,"column":8},"end":{"line":310,"column":9}},"100":{"start":{"line":305,"column":24},"end":{"line":305,"column":36}},"101":{"start":{"line":306,"column":12},"end":{"line":306,"column":56}},"102":{"start":{"line":307,"column":12},"end":{"line":309,"column":13}},"103":{"start":{"line":308,"column":16},"end":{"line":308,"column":88}},"104":{"start":{"line":312,"column":4},"end":{"line":312,"column":15}},"105":{"start":{"line":316,"column":21},"end":{"line":319,"column":5}},"106":{"start":{"line":320,"column":16},"end":{"line":320,"column":64}},"107":{"start":{"line":321,"column":4},"end":{"line":321,"column":55}},"108":{"start":{"line":322,"column":4},"end":{"line":344,"column":7}},"109":{"start":{"line":323,"column":19},"end":{"line":323,"column":21}},"110":{"start":{"line":324,"column":8},"end":{"line":324,"column":142}},"111":{"start":{"line":325,"column":20},"end":{"line":331,"column":10}},"112":{"start":{"line":326,"column":29},"end":{"line":326,"column":85}},"113":{"start":{"line":327,"column":12},"end":{"line":327,"column":83}},"114":{"start":{"line":328,"column":12},"end":{"line":328,"column":38}},"115":{"start":{"line":329,"column":12},"end":{"line":329,"column":65}},"116":{"start":{"line":329,"column":47},"end":{"line":329,"column":61}},"117":{"start":{"line":330,"column":12},"end":{"line":330,"column":108}},"118":{"start":{"line":330,"column":34},"end":{"line":330,"column":68}},"119":{"start":{"line":330,"column":69},"end":{"line":330,"column":104}},"120":{"start":{"line":332,"column":8},"end":{"line":332,"column":46}},"121":{"start":{"line":332,"column":35},"end":{"line":332,"column":44}},"122":{"start":{"line":335,"column":8},"end":{"line":335,"column":60}},"123":{"start":{"line":335,"column":38},"end":{"line":335,"column":58}},"124":{"start":{"line":336,"column":8},"end":{"line":336,"column":18}},"125":{"start":{"line":339,"column":8},"end":{"line":343,"column":9}},"126":{"start":{"line":340,"column":12},"end":{"line":340,"column":72}},"127":{"start":{"line":342,"column":12},"end":{"line":342,"column":23}}},"fnMap":{"0":{"name":"xml2json","decl":{"start":{"line":23,"column":16},"end":{"line":23,"column":24}},"loc":{"start":{"line":23,"column":35},"end":{"line":48,"column":1}}},"1":{"name":"request","decl":{"start":{"line":58,"column":16},"end":{"line":58,"column":23}},"loc":{"start":{"line":58,"column":77},"end":{"line":71,"column":1}}},"2":{"name":"(anonymous_8)","decl":{"start":{"line":93,"column":4},"end":{"line":93,"column":22}},"loc":{"start":{"line":93,"column":65},"end":{"line":94,"column":5}}},"3":{"name":"(anonymous_9)","decl":{"start":{"line":97,"column":18},"end":{"line":97,"column":30}},"loc":{"start":{"line":97,"column":53},"end":{"line":102,"column":5}}},"4":{"name":"(anonymous_11)","decl":{"start":{"line":104,"column":18},"end":{"line":104,"column":31}},"loc":{"start":{"line":104,"column":45},"end":{"line":107,"column":5}}},"5":{"name":"(anonymous_13)","decl":{"start":{"line":117,"column":17},"end":{"line":117,"column":23}},"loc":{"start":{"line":117,"column":48},"end":{"line":122,"column":5}}},"6":{"name":"(anonymous_15)","decl":{"start":{"line":163,"column":4},"end":{"line":163,"column":15}},"loc":{"start":{"line":163,"column":48},"end":{"line":166,"column":5}}},"7":{"name":"(anonymous_16)","decl":{"start":{"line":171,"column":4},"end":{"line":171,"column":11}},"loc":{"start":{"line":171,"column":12},"end":{"line":177,"column":5}}},"8":{"name":"(anonymous_17)","decl":{"start":{"line":183,"column":4},"end":{"line":183,"column":17}},"loc":{"start":{"line":183,"column":29},"end":{"line":194,"column":5}}},"9":{"name":"(anonymous_18)","decl":{"start":{"line":202,"column":4},"end":{"line":202,"column":17}},"loc":{"start":{"line":202,"column":69},"end":{"line":238,"column":5}}},"10":{"name":"omitNull","decl":{"start":{"line":243,"column":9},"end":{"line":243,"column":17}},"loc":{"start":{"line":243,"column":26},"end":{"line":253,"column":1}}},"11":{"name":"(anonymous_20)","decl":{"start":{"line":249,"column":30},"end":{"line":249,"column":31}},"loc":{"start":{"line":249,"column":43},"end":{"line":251,"column":5}}},"12":{"name":"compileParams","decl":{"start":{"line":259,"column":9},"end":{"line":259,"column":22}},"loc":{"start":{"line":259,"column":33},"end":{"line":268,"column":1}}},"13":{"name":"putDoubleQuotes","decl":{"start":{"line":274,"column":9},"end":{"line":274,"column":24}},"loc":{"start":{"line":274,"column":37},"end":{"line":276,"column":1}}},"14":{"name":"parseDigestResponse","decl":{"start":{"line":278,"column":9},"end":{"line":278,"column":28}},"loc":{"start":{"line":278,"column":48},"end":{"line":286,"column":1}}},"15":{"name":"(anonymous_24)","decl":{"start":{"line":281,"column":36},"end":{"line":281,"column":37}},"loc":{"start":{"line":281,"column":52},"end":{"line":284,"column":5}}},"16":{"name":"(anonymous_25)","decl":{"start":{"line":282,"column":39},"end":{"line":282,"column":40}},"loc":{"start":{"line":282,"column":53},"end":{"line":282,"column":61}}},"17":{"name":"isBinary","decl":{"start":{"line":288,"column":9},"end":{"line":288,"column":17}},"loc":{"start":{"line":288,"column":36},"end":{"line":297,"column":1}}},"18":{"name":"getAttributes","decl":{"start":{"line":299,"column":9},"end":{"line":299,"column":22}},"loc":{"start":{"line":299,"column":45},"end":{"line":313,"column":1}}},"19":{"name":"(anonymous_28)","decl":{"start":{"line":303,"column":15},"end":{"line":303,"column":16}},"loc":{"start":{"line":303,"column":19},"end":{"line":311,"column":5}}},"20":{"name":"requestOptions","decl":{"start":{"line":315,"column":9},"end":{"line":315,"column":23}},"loc":{"start":{"line":315,"column":64},"end":{"line":345,"column":1}}},"21":{"name":"(anonymous_30)","decl":{"start":{"line":322,"column":23},"end":{"line":322,"column":24}},"loc":{"start":{"line":322,"column":85},"end":{"line":337,"column":5}}},"22":{"name":"(anonymous_31)","decl":{"start":{"line":325,"column":60},"end":{"line":325,"column":61}},"loc":{"start":{"line":325,"column":72},"end":{"line":331,"column":9}}},"23":{"name":"(anonymous_32)","decl":{"start":{"line":329,"column":27},"end":{"line":329,"column":28}},"loc":{"start":{"line":329,"column":44},"end":{"line":329,"column":63}}},"24":{"name":"(anonymous_33)","decl":{"start":{"line":330,"column":26},"end":{"line":330,"column":28}},"loc":{"start":{"line":330,"column":31},"end":{"line":330,"column":106}}},"25":{"name":"(anonymous_34)","decl":{"start":{"line":332,"column":24},"end":{"line":332,"column":25}},"loc":{"start":{"line":332,"column":35},"end":{"line":332,"column":44}}},"26":{"name":"(anonymous_35)","decl":{"start":{"line":338,"column":10},"end":{"line":338,"column":11}},"loc":{"start":{"line":338,"column":31},"end":{"line":344,"column":5}}}},"branchMap":{"0":{"loc":{"start":{"line":27,"column":8},"end":{"line":45,"column":9}},"type":"if","locations":[{"start":{"line":27,"column":8},"end":{"line":45,"column":9}},{"start":{"line":27,"column":8},"end":{"line":45,"column":9}}]},"1":{"loc":{"start":{"line":27,"column":12},"end":{"line":27,"column":15}},"type":"binary-expr","locations":[{"start":{"line":27,"column":12},"end":{"line":27,"column":15}},{"start":{"line":27,"column":19},"end":{"line":27,"column":33}}]},"2":{"loc":{"start":{"line":29,"column":21},"end":{"line":29,"column":27}},"type":"binary-expr","locations":[{"start":{"line":29,"column":21},"end":{"line":29,"column":27}},{"start":{"line":29,"column":31},"end":{"line":29,"column":33}}]},"3":{"loc":{"start":{"line":33,"column":12},"end":{"line":41,"column":13}},"type":"if","locations":[{"start":{"line":33,"column":12},"end":{"line":41,"column":13}},{"start":{"line":33,"column":12},"end":{"line":41,"column":13}}]},"4":{"loc":{"start":{"line":60,"column":30},"end":{"line":60,"column":36}},"type":"cond-expr","locations":[{"start":{"line":60,"column":30},"end":{"line":60,"column":36}},{"start":{"line":60,"column":38},"end":{"line":60,"column":43}}]},"5":{"loc":{"start":{"line":66,"column":36},"end":{"line":66,"column":46}},"type":"binary-expr","locations":[{"start":{"line":66,"column":36},"end":{"line":66,"column":46}},{"start":{"line":66,"column":50},"end":{"line":66,"column":52}}]},"6":{"loc":{"start":{"line":69,"column":4},"end":{"line":69,"column":55}},"type":"if","locations":[{"start":{"line":69,"column":4},"end":{"line":69,"column":55}},{"start":{"line":69,"column":4},"end":{"line":69,"column":55}}]},"7":{"loc":{"start":{"line":117,"column":44},"end":{"line":117,"column":48}},"type":"default-arg","locations":[{"start":{"line":117,"column":44},"end":{"line":117,"column":48}}]},"8":{"loc":{"start":{"line":121,"column":12},"end":{"line":121,"column":44}},"type":"cond-expr","locations":[{"start":{"line":121,"column":12},"end":{"line":121,"column":44}},{"start":{"line":121,"column":47},"end":{"line":121,"column":83}}]},"9":{"loc":{"start":{"line":120,"column":16},"end":{"line":120,"column":22}},"type":"binary-expr","locations":[{"start":{"line":120,"column":16},"end":{"line":120,"column":22}},{"start":{"line":120,"column":26},"end":{"line":120,"column":35}}]},"10":{"loc":{"start":{"line":174,"column":35},"end":{"line":174,"column":36}},"type":"cond-expr","locations":[{"start":{"line":174,"column":35},"end":{"line":174,"column":36}},{"start":{"line":174,"column":39},"end":{"line":174,"column":50}}]},"11":{"loc":{"start":{"line":187,"column":8},"end":{"line":192,"column":9}},"type":"if","locations":[{"start":{"line":187,"column":8},"end":{"line":192,"column":9}},{"start":{"line":187,"column":8},"end":{"line":192,"column":9}}]},"12":{"loc":{"start":{"line":231,"column":8},"end":{"line":234,"column":9}},"type":"if","locations":[{"start":{"line":231,"column":8},"end":{"line":234,"column":9}},{"start":{"line":231,"column":8},"end":{"line":234,"column":9}}]},"13":{"loc":{"start":{"line":250,"column":8},"end":{"line":250,"column":82}},"type":"if","locations":[{"start":{"line":250,"column":8},"end":{"line":250,"column":82}},{"start":{"line":250,"column":8},"end":{"line":250,"column":82}}]},"14":{"loc":{"start":{"line":250,"column":12},"end":{"line":250,"column":28}},"type":"binary-expr","locations":[{"start":{"line":250,"column":12},"end":{"line":250,"column":28}},{"start":{"line":250,"column":32},"end":{"line":250,"column":53}}]},"15":{"loc":{"start":{"line":262,"column":8},"end":{"line":265,"column":9}},"type":"if","locations":[{"start":{"line":262,"column":8},"end":{"line":265,"column":9}},{"start":{"line":262,"column":8},"end":{"line":265,"column":9}}]},"16":{"loc":{"start":{"line":263,"column":56},"end":{"line":263,"column":72}},"type":"cond-expr","locations":[{"start":{"line":263,"column":56},"end":{"line":263,"column":72}},{"start":{"line":263,"column":75},"end":{"line":263,"column":84}}]},"17":{"loc":{"start":{"line":296,"column":35},"end":{"line":296,"column":40}},"type":"cond-expr","locations":[{"start":{"line":296,"column":35},"end":{"line":296,"column":40}},{"start":{"line":296,"column":43},"end":{"line":296,"column":49}}]},"18":{"loc":{"start":{"line":304,"column":8},"end":{"line":310,"column":9}},"type":"if","locations":[{"start":{"line":304,"column":8},"end":{"line":310,"column":9}},{"start":{"line":304,"column":8},"end":{"line":310,"column":9}}]},"19":{"loc":{"start":{"line":306,"column":32},"end":{"line":306,"column":49}},"type":"binary-expr","locations":[{"start":{"line":306,"column":32},"end":{"line":306,"column":49}},{"start":{"line":306,"column":53},"end":{"line":306,"column":55}}]},"20":{"loc":{"start":{"line":307,"column":12},"end":{"line":309,"column":13}},"type":"if","locations":[{"start":{"line":307,"column":12},"end":{"line":309,"column":13}},{"start":{"line":307,"column":12},"end":{"line":309,"column":13}}]},"21":{"loc":{"start":{"line":320,"column":16},"end":{"line":320,"column":31}},"type":"binary-expr","locations":[{"start":{"line":320,"column":16},"end":{"line":320,"column":31}},{"start":{"line":320,"column":35},"end":{"line":320,"column":64}}]},"22":{"loc":{"start":{"line":324,"column":43},"end":{"line":324,"column":64}},"type":"cond-expr","locations":[{"start":{"line":324,"column":43},"end":{"line":324,"column":64}},{"start":{"line":324,"column":65},"end":{"line":324,"column":67}}]},"23":{"loc":{"start":{"line":326,"column":68},"end":{"line":326,"column":76}},"type":"cond-expr","locations":[{"start":{"line":326,"column":68},"end":{"line":326,"column":76}},{"start":{"line":326,"column":79},"end":{"line":326,"column":85}}]},"24":{"loc":{"start":{"line":335,"column":8},"end":{"line":335,"column":60}},"type":"if","locations":[{"start":{"line":335,"column":8},"end":{"line":335,"column":60}},{"start":{"line":335,"column":8},"end":{"line":335,"column":60}}]},"25":{"loc":{"start":{"line":339,"column":8},"end":{"line":343,"column":9}},"type":"if","locations":[{"start":{"line":339,"column":8},"end":{"line":343,"column":9}},{"start":{"line":339,"column":8},"end":{"line":343,"column":9}}]},"26":{"loc":{"start":{"line":339,"column":12},"end":{"line":339,"column":16}},"type":"binary-expr","locations":[{"start":{"line":339,"column":12},"end":{"line":339,"column":16}},{"start":{"line":339,"column":20},"end":{"line":339,"column":60}}]}},"s":{"0":3,"1":3,"2":3,"3":3,"4":4,"5":5,"6":5,"7":4,"8":4,"9":4,"10":4,"11":4,"12":4,"13":3,"14":3,"15":3,"16":3,"17":1,"18":1,"19":1,"20":4,"21":3,"22":5,"23":5,"24":1,"25":5,"26":3,"27":2,"28":2,"29":1,"30":1,"31":1,"32":1,"33":1,"34":1,"35":2,"36":2,"37":2,"38":3,"39":1,"40":1,"41":1,"42":1,"43":1,"44":1,"45":1,"46":1,"47":1,"48":1,"49":1,"50":1,"51":1,"52":1,"53":1,"54":1,"55":1,"56":1,"57":1,"58":1,"59":1,"60":1,"61":1,"62":1,"63":1,"64":1,"65":1,"66":1,"67":1,"68":1,"69":1,"70":1,"71":1,"72":3,"73":1,"74":1,"75":7,"76":7,"77":1,"78":1,"79":1,"80":9,"81":9,"82":9,"83":1,"84":9,"85":1,"86":1,"87":1,"88":3,"89":6,"90":3,"91":1,"92":6,"93":6,"94":6,"95":4,"96":4,"97":4,"98":4,"99":8,"100":7,"101":7,"102":7,"103":3,"104":4,"105":6,"106":6,"107":6,"108":6,"109":6,"110":6,"111":6,"112":6,"113":6,"114":6,"115":6,"116":6,"117":6,"118":6,"119":6,"120":6,"121":0,"122":6,"123":0,"124":6,"125":6,"126":1,"127":5},"f":{"0":4,"1":5,"2":2,"3":1,"4":1,"5":2,"6":1,"7":1,"8":1,"9":1,"10":1,"11":7,"12":1,"13":9,"14":1,"15":3,"16":6,"17":6,"18":4,"19":8,"20":6,"21":6,"22":6,"23":6,"24":6,"25":0,"26":6},"b":{"0":[4,1],"1":[5,4],"2":[4,3],"3":[3,1],"4":[0,5],"5":[5,2],"6":[1,4],"7":[2],"8":[1,1],"9":[2,1],"10":[0,1],"11":[1,0],"12":[1,0],"13":[7,0],"14":[7,7],"15":[9,0],"16":[7,2],"17":[0,6],"18":[7,1],"19":[7,4],"20":[3,4],"21":[6,6],"22":[1,5],"23":[0,6],"24":[0,6],"25":[1,5],"26":[6,1]}}
,"/Users/sth1pal/Documents/Development/JavaScript/nodejs/ts6/dev/hsLibs/node/hsNode/src/index.ts": {"path":"/Users/sth1pal/Documents/Development/JavaScript/nodejs/ts6/dev/hsLibs/node/hsNode/src/index.ts","statementMap":{"0":{"start":{"line":2,"column":0},"end":{"line":2,"column":43}},"1":{"start":{"line":3,"column":0},"end":{"line":3,"column":43}},"2":{"start":{"line":5,"column":13},"end":{"line":8,"column":2}},"3":{"start":{"line":10,"column":0},"end":{"line":10,"column":32}},"4":{"start":{"line":10,"column":9},"end":{"line":10,"column":12}},"5":{"start":{"line":12,"column":0},"end":{"line":12,"column":37}},"6":{"start":{"line":13,"column":9},"end":{"line":13,"column":13}}},"fnMap":{},"branchMap":{},"s":{"0":2,"1":2,"2":2,"3":2,"4":2,"5":2,"6":2},"f":{},"b":{}}
,"/Users/sth1pal/Documents/Development/JavaScript/nodejs/ts6/dev/hsLibs/node/hsNode/src/log.ts": {"path":"/Users/sth1pal/Documents/Development/JavaScript/nodejs/ts6/dev/hsLibs/node/hsNode/src/log.ts","statementMap":{"0":{"start":{"line":19,"column":0},"end":{"line":19,"column":45}},"1":{"start":{"line":20,"column":0},"end":{"line":20,"column":43}},"2":{"start":{"line":21,"column":0},"end":{"line":21,"column":47}},"3":{"start":{"line":22,"column":0},"end":{"line":22,"column":47}},"4":{"start":{"line":24,"column":13},"end":{"line":24,"column":69}},"5":{"start":{"line":27,"column":16},"end":{"line":27,"column":40}},"6":{"start":{"line":28,"column":4},"end":{"line":28,"column":27}},"7":{"start":{"line":32,"column":4},"end":{"line":32,"column":42}}},"fnMap":{"0":{"name":"node_pathExists","decl":{"start":{"line":26,"column":9},"end":{"line":26,"column":24}},"loc":{"start":{"line":26,"column":36},"end":{"line":29,"column":1}}},"1":{"name":"node_logToFile","decl":{"start":{"line":31,"column":9},"end":{"line":31,"column":23}},"loc":{"start":{"line":31,"column":51},"end":{"line":37,"column":1}}}},"branchMap":{},"s":{"0":4,"1":4,"2":4,"3":4,"4":4,"5":1,"6":1,"7":44},"f":{"0":1,"1":44},"b":{}}
}
