{"/Users/sth1pal/Documents/Development/JavaScript/nodejs/ts6/dev/hsLibs/node/hsNode/src/cpUtil.ts": {"path":"/Users/sth1pal/Documents/Development/JavaScript/nodejs/ts6/dev/hsLibs/node/hsNode/src/cpUtil.ts","statementMap":{"0":{"start":{"line":17,"column":0},"end":{"line":17,"column":36}},"1":{"start":{"line":19,"column":13},"end":{"line":38,"column":2}},"2":{"start":{"line":33,"column":8},"end":{"line":37,"column":9}},"3":{"start":{"line":34,"column":12},"end":{"line":36,"column":14}},"4":{"start":{"line":35,"column":16},"end":{"line":35,"column":79}}},"fnMap":{"0":{"name":"(anonymous_0)","decl":{"start":{"line":32,"column":10},"end":{"line":32,"column":11}},"loc":{"start":{"line":33,"column":8},"end":{"line":37,"column":9}}},"1":{"name":"(anonymous_1)","decl":{"start":{"line":33,"column":20},"end":{"line":33,"column":21}},"loc":{"start":{"line":34,"column":12},"end":{"line":36,"column":14}}},"2":{"name":"(anonymous_2)","decl":{"start":{"line":34,"column":38},"end":{"line":34,"column":39}},"loc":{"start":{"line":34,"column":82},"end":{"line":36,"column":13}}}},"branchMap":{"0":{"loc":{"start":{"line":35,"column":23},"end":{"line":35,"column":36}},"type":"cond-expr","locations":[{"start":{"line":35,"column":23},"end":{"line":35,"column":36}},{"start":{"line":35,"column":39},"end":{"line":35,"column":78}}]}},"s":{"0":2,"1":2,"2":3,"3":3,"4":3},"f":{"0":3,"1":3,"2":3},"b":{"0":[1,2]}}
,"/Users/sth1pal/Documents/Development/JavaScript/nodejs/ts6/dev/hsLibs/node/hsNode/src/fsUtil.ts": {"path":"/Users/sth1pal/Documents/Development/JavaScript/nodejs/ts6/dev/hsLibs/node/hsNode/src/fsUtil.ts","statementMap":{"0":{"start":{"line":17,"column":0},"end":{"line":17,"column":24}},"1":{"start":{"line":18,"column":0},"end":{"line":18,"column":35}},"2":{"start":{"line":19,"column":0},"end":{"line":19,"column":37}},"3":{"start":{"line":20,"column":0},"end":{"line":20,"column":37}},"4":{"start":{"line":20,"column":52},"end":{"line":20,"column":66}},"5":{"start":{"line":67,"column":14},"end":{"line":67,"column":37}},"6":{"start":{"line":68,"column":4},"end":{"line":76,"column":7}},"7":{"start":{"line":69,"column":8},"end":{"line":75,"column":11}},"8":{"start":{"line":70,"column":12},"end":{"line":74,"column":36}},"9":{"start":{"line":71,"column":16},"end":{"line":71,"column":72}},"10":{"start":{"line":72,"column":16},"end":{"line":72,"column":28}},"11":{"start":{"line":74,"column":19},"end":{"line":74,"column":34}},"12":{"start":{"line":85,"column":14},"end":{"line":85,"column":37}},"13":{"start":{"line":86,"column":1},"end":{"line":88,"column":3}},"14":{"start":{"line":87,"column":8},"end":{"line":87,"column":78}},"15":{"start":{"line":87,"column":44},"end":{"line":87,"column":77}},"16":{"start":{"line":92,"column":16},"end":{"line":92,"column":67}},"17":{"start":{"line":93,"column":4},"end":{"line":93,"column":25}},"18":{"start":{"line":105,"column":1},"end":{"line":108,"column":18}},"19":{"start":{"line":106,"column":2},"end":{"line":106,"column":100}},"20":{"start":{"line":106,"column":57},"end":{"line":106,"column":97}},"21":{"start":{"line":104,"column":0},"end":{"line":109,"column":1}},"22":{"start":{"line":117,"column":4},"end":{"line":122,"column":5}},"23":{"start":{"line":118,"column":8},"end":{"line":118,"column":28}},"24":{"start":{"line":119,"column":8},"end":{"line":119,"column":20}},"25":{"start":{"line":121,"column":8},"end":{"line":121,"column":21}},"26":{"start":{"line":116,"column":0},"end":{"line":123,"column":1}},"27":{"start":{"line":131,"column":4},"end":{"line":135,"column":5}},"28":{"start":{"line":132,"column":8},"end":{"line":132,"column":46}},"29":{"start":{"line":134,"column":8},"end":{"line":134,"column":21}},"30":{"start":{"line":130,"column":0},"end":{"line":136,"column":1}},"31":{"start":{"line":144,"column":4},"end":{"line":148,"column":5}},"32":{"start":{"line":145,"column":8},"end":{"line":145,"column":51}},"33":{"start":{"line":147,"column":8},"end":{"line":147,"column":21}},"34":{"start":{"line":143,"column":0},"end":{"line":149,"column":1}},"35":{"start":{"line":157,"column":4},"end":{"line":161,"column":5}},"36":{"start":{"line":158,"column":8},"end":{"line":158,"column":55}},"37":{"start":{"line":160,"column":8},"end":{"line":160,"column":21}},"38":{"start":{"line":156,"column":0},"end":{"line":162,"column":1}},"39":{"start":{"line":173,"column":14},"end":{"line":173,"column":65}},"40":{"start":{"line":174,"column":4},"end":{"line":209,"column":5}},"41":{"start":{"line":175,"column":18},"end":{"line":175,"column":50}},"42":{"start":{"line":176,"column":19},"end":{"line":176,"column":31}},"43":{"start":{"line":178,"column":8},"end":{"line":178,"column":70}},"44":{"start":{"line":178,"column":36},"end":{"line":178,"column":68}},"45":{"start":{"line":180,"column":22},"end":{"line":198,"column":9}},"46":{"start":{"line":180,"column":38},"end":{"line":197,"column":15}},"47":{"start":{"line":180,"column":44},"end":{"line":197,"column":15}},"48":{"start":{"line":181,"column":30},"end":{"line":197,"column":14}},"49":{"start":{"line":182,"column":16},"end":{"line":196,"column":17}},"50":{"start":{"line":183,"column":20},"end":{"line":183,"column":54}},"51":{"start":{"line":184,"column":20},"end":{"line":184,"column":34}},"52":{"start":{"line":186,"column":20},"end":{"line":186,"column":56}},"53":{"start":{"line":187,"column":20},"end":{"line":195,"column":23}},"54":{"start":{"line":188,"column":24},"end":{"line":194,"column":25}},"55":{"start":{"line":188,"column":35},"end":{"line":188,"column":49}},"56":{"start":{"line":189,"column":29},"end":{"line":194,"column":25}},"57":{"start":{"line":190,"column":28},"end":{"line":190,"column":82}},"58":{"start":{"line":191,"column":28},"end":{"line":191,"column":42}},"59":{"start":{"line":193,"column":28},"end":{"line":193,"column":40}},"60":{"start":{"line":200,"column":8},"end":{"line":206,"column":11}},"61":{"start":{"line":201,"column":12},"end":{"line":204,"column":15}},"62":{"start":{"line":202,"column":16},"end":{"line":202,"column":39}},"63":{"start":{"line":202,"column":25},"end":{"line":202,"column":37}},"64":{"start":{"line":203,"column":16},"end":{"line":203,"column":58}},"65":{"start":{"line":205,"column":12},"end":{"line":205,"column":39}},"66":{"start":{"line":208,"column":8},"end":{"line":208,"column":95}},"67":{"start":{"line":172,"column":0},"end":{"line":210,"column":1}},"68":{"start":{"line":218,"column":14},"end":{"line":218,"column":37}},"69":{"start":{"line":219,"column":4},"end":{"line":228,"column":18}},"70":{"start":{"line":220,"column":8},"end":{"line":226,"column":11}},"71":{"start":{"line":221,"column":12},"end":{"line":225,"column":13}},"72":{"start":{"line":221,"column":22},"end":{"line":221,"column":34}},"73":{"start":{"line":223,"column":16},"end":{"line":223,"column":31}},"74":{"start":{"line":224,"column":16},"end":{"line":224,"column":31}},"75":{"start":{"line":217,"column":0},"end":{"line":229,"column":1}},"76":{"start":{"line":239,"column":1},"end":{"line":244,"column":18}},"77":{"start":{"line":240,"column":17},"end":{"line":240,"column":36}},"78":{"start":{"line":241,"column":2},"end":{"line":242,"column":46}},"79":{"start":{"line":242,"column":12},"end":{"line":242,"column":44}},"80":{"start":{"line":238,"column":0},"end":{"line":245,"column":1}},"81":{"start":{"line":253,"column":1},"end":{"line":254,"column":30}},"82":{"start":{"line":253,"column":7},"end":{"line":253,"column":44}},"83":{"start":{"line":254,"column":17},"end":{"line":254,"column":28}},"84":{"start":{"line":252,"column":0},"end":{"line":255,"column":1}},"85":{"start":{"line":263,"column":4},"end":{"line":267,"column":30}},"86":{"start":{"line":264,"column":21},"end":{"line":264,"column":50}},"87":{"start":{"line":265,"column":8},"end":{"line":265,"column":67}},"88":{"start":{"line":267,"column":17},"end":{"line":267,"column":28}},"89":{"start":{"line":262,"column":0},"end":{"line":268,"column":1}},"90":{"start":{"line":278,"column":23},"end":{"line":278,"column":56}},"91":{"start":{"line":279,"column":4},"end":{"line":279,"column":40}},"92":{"start":{"line":280,"column":4},"end":{"line":283,"column":7}},"93":{"start":{"line":281,"column":8},"end":{"line":282,"column":99}},"94":{"start":{"line":282,"column":12},"end":{"line":282,"column":97}},"95":{"start":{"line":277,"column":0},"end":{"line":284,"column":1}},"96":{"start":{"line":293,"column":4},"end":{"line":298,"column":7}},"97":{"start":{"line":294,"column":18},"end":{"line":294,"column":72}},"98":{"start":{"line":295,"column":8},"end":{"line":295,"column":95}},"99":{"start":{"line":295,"column":35},"end":{"line":295,"column":93}},"100":{"start":{"line":296,"column":8},"end":{"line":296,"column":59}},"101":{"start":{"line":296,"column":41},"end":{"line":296,"column":57}},"102":{"start":{"line":297,"column":8},"end":{"line":297,"column":16}},"103":{"start":{"line":292,"column":0},"end":{"line":299,"column":1}},"104":{"start":{"line":307,"column":1},"end":{"line":308,"column":18}},"105":{"start":{"line":306,"column":0},"end":{"line":309,"column":1}},"106":{"start":{"line":318,"column":4},"end":{"line":321,"column":18}},"107":{"start":{"line":320,"column":20},"end":{"line":320,"column":55}},"108":{"start":{"line":320,"column":21},"end":{"line":320,"column":55}},"109":{"start":{"line":317,"column":0},"end":{"line":322,"column":1}},"110":{"start":{"line":332,"column":1},"end":{"line":337,"column":18}},"111":{"start":{"line":333,"column":21},"end":{"line":333,"column":54}},"112":{"start":{"line":334,"column":8},"end":{"line":334,"column":100}},"113":{"start":{"line":334,"column":63},"end":{"line":334,"column":98}},"114":{"start":{"line":331,"column":0},"end":{"line":338,"column":1}},"115":{"start":{"line":346,"column":24},"end":{"line":346,"column":50}},"116":{"start":{"line":347,"column":1},"end":{"line":350,"column":4}},"117":{"start":{"line":348,"column":8},"end":{"line":349,"column":78}},"118":{"start":{"line":348,"column":43},"end":{"line":348,"column":74}},"119":{"start":{"line":349,"column":44},"end":{"line":349,"column":75}},"120":{"start":{"line":345,"column":0},"end":{"line":351,"column":1}}},"fnMap":{"0":{"name":"stat","decl":{"start":{"line":66,"column":15},"end":{"line":66,"column":19}},"loc":{"start":{"line":66,"column":34},"end":{"line":77,"column":1}}},"1":{"name":"(anonymous_8)","decl":{"start":{"line":68,"column":29},"end":{"line":68,"column":30}},"loc":{"start":{"line":68,"column":49},"end":{"line":76,"column":5}}},"2":{"name":"(anonymous_9)","decl":{"start":{"line":69,"column":19},"end":{"line":69,"column":20}},"loc":{"start":{"line":69,"column":47},"end":{"line":75,"column":9}}},"3":{"name":"lstat","decl":{"start":{"line":84,"column":15},"end":{"line":84,"column":20}},"loc":{"start":{"line":84,"column":35},"end":{"line":89,"column":1}}},"4":{"name":"(anonymous_12)","decl":{"start":{"line":86,"column":20},"end":{"line":86,"column":21}},"loc":{"start":{"line":87,"column":8},"end":{"line":87,"column":78}}},"5":{"name":"(anonymous_13)","decl":{"start":{"line":87,"column":20},"end":{"line":87,"column":21}},"loc":{"start":{"line":87,"column":44},"end":{"line":87,"column":77}}},"6":{"name":"error","decl":{"start":{"line":91,"column":9},"end":{"line":91,"column":14}},"loc":{"start":{"line":91,"column":22},"end":{"line":94,"column":1}}},"7":{"name":"realPath","decl":{"start":{"line":104,"column":16},"end":{"line":104,"column":24}},"loc":{"start":{"line":104,"column":39},"end":{"line":109,"column":1}}},"8":{"name":"(anonymous_16)","decl":{"start":{"line":105,"column":20},"end":{"line":105,"column":21}},"loc":{"start":{"line":105,"column":76},"end":{"line":107,"column":5}}},"9":{"name":"(anonymous_17)","decl":{"start":{"line":106,"column":23},"end":{"line":106,"column":24}},"loc":{"start":{"line":106,"column":57},"end":{"line":106,"column":97}}},"10":{"name":"pathExists","decl":{"start":{"line":116,"column":22},"end":{"line":116,"column":32}},"loc":{"start":{"line":116,"column":47},"end":{"line":123,"column":1}}},"11":{"name":"isFile","decl":{"start":{"line":130,"column":22},"end":{"line":130,"column":28}},"loc":{"start":{"line":130,"column":43},"end":{"line":136,"column":1}}},"12":{"name":"isDirectory","decl":{"start":{"line":143,"column":22},"end":{"line":143,"column":33}},"loc":{"start":{"line":143,"column":48},"end":{"line":149,"column":1}}},"13":{"name":"isLink","decl":{"start":{"line":156,"column":22},"end":{"line":156,"column":28}},"loc":{"start":{"line":156,"column":43},"end":{"line":162,"column":1}}},"14":{"name":"mkdirs","decl":{"start":{"line":172,"column":16},"end":{"line":172,"column":22}},"loc":{"start":{"line":172,"column":37},"end":{"line":210,"column":1}}},"15":{"name":"(anonymous_27)","decl":{"start":{"line":178,"column":24},"end":{"line":178,"column":25}},"loc":{"start":{"line":178,"column":36},"end":{"line":178,"column":68}}},"16":{"name":"(anonymous_28)","decl":{"start":{"line":180,"column":31},"end":{"line":180,"column":33}},"loc":{"start":{"line":180,"column":38},"end":{"line":197,"column":15}}},"17":{"name":"(anonymous_29)","decl":{"start":{"line":180,"column":38},"end":{"line":180,"column":40}},"loc":{"start":{"line":180,"column":44},"end":{"line":197,"column":15}}},"18":{"name":"(anonymous_30)","decl":{"start":{"line":181,"column":18},"end":{"line":181,"column":19}},"loc":{"start":{"line":181,"column":30},"end":{"line":197,"column":14}}},"19":{"name":"(anonymous_31)","decl":{"start":{"line":181,"column":42},"end":{"line":181,"column":43}},"loc":{"start":{"line":181,"column":82},"end":{"line":197,"column":13}}},"20":{"name":"(anonymous_32)","decl":{"start":{"line":187,"column":34},"end":{"line":187,"column":35}},"loc":{"start":{"line":187,"column":46},"end":{"line":195,"column":21}}},"21":{"name":"(anonymous_33)","decl":{"start":{"line":200,"column":40},"end":{"line":200,"column":41}},"loc":{"start":{"line":200,"column":58},"end":{"line":206,"column":9}}},"22":{"name":"(anonymous_34)","decl":{"start":{"line":201,"column":20},"end":{"line":201,"column":21}},"loc":{"start":{"line":201,"column":29},"end":{"line":204,"column":13}}},"23":{"name":"readDir","decl":{"start":{"line":217,"column":22},"end":{"line":217,"column":29}},"loc":{"start":{"line":217,"column":44},"end":{"line":229,"column":1}}},"24":{"name":"(anonymous_37)","decl":{"start":{"line":219,"column":29},"end":{"line":219,"column":30}},"loc":{"start":{"line":219,"column":83},"end":{"line":227,"column":5}}},"25":{"name":"(anonymous_38)","decl":{"start":{"line":220,"column":22},"end":{"line":220,"column":23}},"loc":{"start":{"line":220,"column":45},"end":{"line":226,"column":9}}},"26":{"name":"readFile","decl":{"start":{"line":238,"column":16},"end":{"line":238,"column":24}},"loc":{"start":{"line":238,"column":52},"end":{"line":245,"column":1}}},"27":{"name":"(anonymous_40)","decl":{"start":{"line":239,"column":20},"end":{"line":239,"column":21}},"loc":{"start":{"line":239,"column":73},"end":{"line":243,"column":2}}},"28":{"name":"(anonymous_41)","decl":{"start":{"line":241,"column":33},"end":{"line":241,"column":34}},"loc":{"start":{"line":242,"column":12},"end":{"line":242,"column":44}}},"29":{"name":"readTextFile","decl":{"start":{"line":252,"column":22},"end":{"line":252,"column":34}},"loc":{"start":{"line":252,"column":49},"end":{"line":255,"column":1}}},"30":{"name":"readJsonFile","decl":{"start":{"line":262,"column":22},"end":{"line":262,"column":34}},"loc":{"start":{"line":262,"column":49},"end":{"line":268,"column":1}}},"31":{"name":"writeFile","decl":{"start":{"line":277,"column":22},"end":{"line":277,"column":31}},"loc":{"start":{"line":277,"column":83},"end":{"line":284,"column":1}}},"32":{"name":"(anonymous_48)","decl":{"start":{"line":280,"column":29},"end":{"line":280,"column":30}},"loc":{"start":{"line":280,"column":49},"end":{"line":283,"column":5}}},"33":{"name":"(anonymous_49)","decl":{"start":{"line":281,"column":49},"end":{"line":281,"column":50}},"loc":{"start":{"line":282,"column":12},"end":{"line":282,"column":97}}},"34":{"name":"writeStream","decl":{"start":{"line":292,"column":22},"end":{"line":292,"column":33}},"loc":{"start":{"line":292,"column":64},"end":{"line":299,"column":1}}},"35":{"name":"(anonymous_52)","decl":{"start":{"line":293,"column":29},"end":{"line":293,"column":30}},"loc":{"start":{"line":293,"column":49},"end":{"line":298,"column":5}}},"36":{"name":"(anonymous_53)","decl":{"start":{"line":295,"column":22},"end":{"line":295,"column":23}},"loc":{"start":{"line":295,"column":35},"end":{"line":295,"column":93}}},"37":{"name":"(anonymous_54)","decl":{"start":{"line":296,"column":35},"end":{"line":296,"column":37}},"loc":{"start":{"line":296,"column":41},"end":{"line":296,"column":57}}},"38":{"name":"writeTextFile","decl":{"start":{"line":306,"column":22},"end":{"line":306,"column":35}},"loc":{"start":{"line":306,"column":66},"end":{"line":309,"column":1}}},"39":{"name":"writeJsonFile","decl":{"start":{"line":317,"column":22},"end":{"line":317,"column":35}},"loc":{"start":{"line":317,"column":59},"end":{"line":322,"column":1}}},"40":{"name":"(anonymous_59)","decl":{"start":{"line":320,"column":7},"end":{"line":320,"column":13}},"loc":{"start":{"line":320,"column":20},"end":{"line":320,"column":55}}},"41":{"name":"(anonymous_60)","decl":{"start":{"line":320,"column":20},"end":{"line":320,"column":20}},"loc":{"start":{"line":320,"column":20},"end":{"line":320,"column":55}}},"42":{"name":"appendFile","decl":{"start":{"line":331,"column":22},"end":{"line":331,"column":32}},"loc":{"start":{"line":331,"column":84},"end":{"line":338,"column":1}}},"43":{"name":"(anonymous_63)","decl":{"start":{"line":332,"column":26},"end":{"line":332,"column":27}},"loc":{"start":{"line":332,"column":46},"end":{"line":335,"column":5}}},"44":{"name":"(anonymous_64)","decl":{"start":{"line":334,"column":50},"end":{"line":334,"column":51}},"loc":{"start":{"line":334,"column":63},"end":{"line":334,"column":98}}},"45":{"name":"remove","decl":{"start":{"line":345,"column":22},"end":{"line":345,"column":28}},"loc":{"start":{"line":345,"column":43},"end":{"line":351,"column":1}}},"46":{"name":"(anonymous_67)","decl":{"start":{"line":347,"column":26},"end":{"line":347,"column":27}},"loc":{"start":{"line":347,"column":46},"end":{"line":350,"column":2}}},"47":{"name":"(anonymous_68)","decl":{"start":{"line":348,"column":31},"end":{"line":348,"column":32}},"loc":{"start":{"line":348,"column":43},"end":{"line":348,"column":74}}},"48":{"name":"(anonymous_69)","decl":{"start":{"line":349,"column":32},"end":{"line":349,"column":33}},"loc":{"start":{"line":349,"column":44},"end":{"line":349,"column":75}}}},"branchMap":{"0":{"loc":{"start":{"line":70,"column":12},"end":{"line":74,"column":36}},"type":"if","locations":[{"start":{"line":70,"column":12},"end":{"line":74,"column":36}},{"start":{"line":70,"column":12},"end":{"line":74,"column":36}}]},"1":{"loc":{"start":{"line":87,"column":49},"end":{"line":87,"column":60}},"type":"cond-expr","locations":[{"start":{"line":87,"column":49},"end":{"line":87,"column":60}},{"start":{"line":87,"column":63},"end":{"line":87,"column":77}}]},"2":{"loc":{"start":{"line":106,"column":62},"end":{"line":106,"column":73}},"type":"cond-expr","locations":[{"start":{"line":106,"column":62},"end":{"line":106,"column":73}},{"start":{"line":106,"column":76},"end":{"line":106,"column":97}}]},"3":{"loc":{"start":{"line":174,"column":4},"end":{"line":209,"column":5}},"type":"if","locations":[{"start":{"line":174,"column":4},"end":{"line":209,"column":5}},{"start":{"line":174,"column":4},"end":{"line":209,"column":5}}]},"4":{"loc":{"start":{"line":182,"column":16},"end":{"line":196,"column":17}},"type":"if","locations":[{"start":{"line":182,"column":16},"end":{"line":196,"column":17}},{"start":{"line":182,"column":16},"end":{"line":196,"column":17}}]},"5":{"loc":{"start":{"line":188,"column":24},"end":{"line":194,"column":25}},"type":"if","locations":[{"start":{"line":188,"column":24},"end":{"line":194,"column":25}},{"start":{"line":188,"column":24},"end":{"line":194,"column":25}}]},"6":{"loc":{"start":{"line":189,"column":29},"end":{"line":194,"column":25}},"type":"if","locations":[{"start":{"line":189,"column":29},"end":{"line":194,"column":25}},{"start":{"line":189,"column":29},"end":{"line":194,"column":25}}]},"7":{"loc":{"start":{"line":202,"column":16},"end":{"line":202,"column":39}},"type":"if","locations":[{"start":{"line":202,"column":16},"end":{"line":202,"column":39}},{"start":{"line":202,"column":16},"end":{"line":202,"column":39}}]},"8":{"loc":{"start":{"line":221,"column":12},"end":{"line":225,"column":13}},"type":"if","locations":[{"start":{"line":221,"column":12},"end":{"line":225,"column":13}},{"start":{"line":221,"column":12},"end":{"line":225,"column":13}}]},"9":{"loc":{"start":{"line":238,"column":48},"end":{"line":238,"column":52}},"type":"default-arg","locations":[{"start":{"line":238,"column":48},"end":{"line":238,"column":52}}]},"10":{"loc":{"start":{"line":240,"column":25},"end":{"line":240,"column":31}},"type":"cond-expr","locations":[{"start":{"line":240,"column":25},"end":{"line":240,"column":31}},{"start":{"line":240,"column":34},"end":{"line":240,"column":36}}]},"11":{"loc":{"start":{"line":242,"column":17},"end":{"line":242,"column":28}},"type":"cond-expr","locations":[{"start":{"line":242,"column":17},"end":{"line":242,"column":28}},{"start":{"line":242,"column":31},"end":{"line":242,"column":44}}]},"12":{"loc":{"start":{"line":265,"column":43},"end":{"line":265,"column":59}},"type":"cond-expr","locations":[{"start":{"line":265,"column":43},"end":{"line":265,"column":59}},{"start":{"line":265,"column":62},"end":{"line":265,"column":66}}]},"13":{"loc":{"start":{"line":277,"column":79},"end":{"line":277,"column":83}},"type":"default-arg","locations":[{"start":{"line":277,"column":79},"end":{"line":277,"column":83}}]},"14":{"loc":{"start":{"line":278,"column":31},"end":{"line":278,"column":37}},"type":"cond-expr","locations":[{"start":{"line":278,"column":31},"end":{"line":278,"column":37}},{"start":{"line":278,"column":40},"end":{"line":278,"column":56}}]},"15":{"loc":{"start":{"line":282,"column":17},"end":{"line":282,"column":78}},"type":"cond-expr","locations":[{"start":{"line":282,"column":17},"end":{"line":282,"column":78}},{"start":{"line":282,"column":81},"end":{"line":282,"column":97}}]},"16":{"loc":{"start":{"line":331,"column":80},"end":{"line":331,"column":84}},"type":"default-arg","locations":[{"start":{"line":331,"column":80},"end":{"line":331,"column":84}}]},"17":{"loc":{"start":{"line":333,"column":29},"end":{"line":333,"column":35}},"type":"cond-expr","locations":[{"start":{"line":333,"column":29},"end":{"line":333,"column":35}},{"start":{"line":333,"column":38},"end":{"line":333,"column":54}}]},"18":{"loc":{"start":{"line":334,"column":68},"end":{"line":334,"column":79}},"type":"cond-expr","locations":[{"start":{"line":334,"column":68},"end":{"line":334,"column":79}},{"start":{"line":334,"column":82},"end":{"line":334,"column":98}}]},"19":{"loc":{"start":{"line":348,"column":13},"end":{"line":348,"column":76}},"type":"cond-expr","locations":[{"start":{"line":348,"column":13},"end":{"line":348,"column":76}},{"start":{"line":349,"column":13},"end":{"line":349,"column":77}}]},"20":{"loc":{"start":{"line":348,"column":46},"end":{"line":348,"column":55}},"type":"cond-expr","locations":[{"start":{"line":348,"column":46},"end":{"line":348,"column":55}},{"start":{"line":348,"column":58},"end":{"line":348,"column":74}}]},"21":{"loc":{"start":{"line":349,"column":47},"end":{"line":349,"column":56}},"type":"cond-expr","locations":[{"start":{"line":349,"column":47},"end":{"line":349,"column":56}},{"start":{"line":349,"column":59},"end":{"line":349,"column":75}}]}},"s":{"0":4,"1":4,"2":4,"3":4,"4":4,"5":55,"6":39,"7":39,"8":39,"9":0,"10":0,"11":39,"12":5,"13":5,"14":5,"15":5,"16":19,"17":19,"18":103,"19":103,"20":103,"21":4,"22":3,"23":3,"24":1,"25":2,"26":4,"27":12,"28":12,"29":3,"30":4,"31":40,"32":40,"33":11,"34":4,"35":5,"36":5,"37":2,"38":4,"39":13,"40":13,"41":12,"42":12,"43":12,"44":20,"45":12,"46":20,"47":20,"48":20,"49":20,"50":11,"51":11,"52":9,"53":9,"54":9,"55":7,"56":2,"57":2,"58":2,"59":0,"60":12,"61":12,"62":20,"63":20,"64":0,"65":12,"66":1,"67":4,"68":2,"69":1,"70":1,"71":1,"72":0,"73":1,"74":1,"75":4,"76":13,"77":13,"78":13,"79":13,"80":4,"81":3,"82":3,"83":0,"84":4,"85":2,"86":2,"87":2,"88":0,"89":4,"90":7,"91":7,"92":7,"93":7,"94":7,"95":4,"96":1,"97":1,"98":1,"99":0,"100":1,"101":1,"102":1,"103":4,"104":5,"105":4,"106":2,"107":2,"108":2,"109":4,"110":47,"111":47,"112":47,"113":47,"114":4,"115":13,"116":13,"117":13,"118":5,"119":8,"120":4},"f":{"0":55,"1":39,"2":39,"3":5,"4":5,"5":5,"6":19,"7":103,"8":103,"9":103,"10":3,"11":12,"12":40,"13":5,"14":13,"15":20,"16":20,"17":20,"18":20,"19":20,"20":9,"21":12,"22":20,"23":2,"24":1,"25":1,"26":13,"27":13,"28":13,"29":3,"30":2,"31":7,"32":7,"33":7,"34":1,"35":1,"36":0,"37":1,"38":5,"39":2,"40":2,"41":2,"42":47,"43":47,"44":47,"45":13,"46":13,"47":5,"48":8},"b":{"0":[0,39],"1":[2,3],"2":[17,86],"3":[12,1],"4":[11,9],"5":[7,2],"6":[2,0],"7":[20,0],"8":[0,1],"9":[2],"10":[7,6],"11":[1,12],"12":[2,0],"13":[1],"14":[6,1],"15":[0,7],"16":[44],"17":[44,3],"18":[1,46],"19":[5,8],"20":[0,5],"21":[0,8]}}
,"/Users/sth1pal/Documents/Development/JavaScript/nodejs/ts6/dev/hsLibs/node/hsNode/src/httpUtil.ts": {"path":"/Users/sth1pal/Documents/Development/JavaScript/nodejs/ts6/dev/hsLibs/node/hsNode/src/httpUtil.ts","statementMap":{"0":{"start":{"line":20,"column":0},"end":{"line":20,"column":37}},"1":{"start":{"line":21,"column":0},"end":{"line":21,"column":36}},"2":{"start":{"line":21,"column":52},"end":{"line":21,"column":68}},"3":{"start":{"line":22,"column":0},"end":{"line":22,"column":43}},"4":{"start":{"line":33,"column":4},"end":{"line":54,"column":5}},"5":{"start":{"line":34,"column":22},"end":{"line":34,"column":40}},"6":{"start":{"line":35,"column":8},"end":{"line":53,"column":9}},"7":{"start":{"line":36,"column":12},"end":{"line":36,"column":55}},"8":{"start":{"line":37,"column":12},"end":{"line":37,"column":34}},"9":{"start":{"line":38,"column":12},"end":{"line":38,"column":45}},"10":{"start":{"line":39,"column":24},"end":{"line":39,"column":46}},"11":{"start":{"line":40,"column":23},"end":{"line":40,"column":47}},"12":{"start":{"line":41,"column":12},"end":{"line":49,"column":13}},"13":{"start":{"line":42,"column":30},"end":{"line":42,"column":53}},"14":{"start":{"line":43,"column":30},"end":{"line":43,"column":64}},"15":{"start":{"line":44,"column":16},"end":{"line":44,"column":53}},"16":{"start":{"line":45,"column":16},"end":{"line":45,"column":61}},"17":{"start":{"line":48,"column":16},"end":{"line":48,"column":63}},"18":{"start":{"line":51,"column":12},"end":{"line":51,"column":34}},"19":{"start":{"line":52,"column":12},"end":{"line":52,"column":21}},"20":{"start":{"line":55,"column":4},"end":{"line":55,"column":18}},"21":{"start":{"line":31,"column":0},"end":{"line":56,"column":1}},"22":{"start":{"line":67,"column":18},"end":{"line":76,"column":5}},"23":{"start":{"line":77,"column":4},"end":{"line":77,"column":55}},"24":{"start":{"line":77,"column":19},"end":{"line":77,"column":53}},"25":{"start":{"line":78,"column":4},"end":{"line":78,"column":51}},"26":{"start":{"line":66,"column":0},"end":{"line":79,"column":1}},"27":{"start":{"line":101,"column":23},"end":{"line":101,"column":44}},"28":{"start":{"line":101,"column":53},"end":{"line":101,"column":65}},"29":{"start":{"line":106,"column":25},"end":{"line":106,"column":54}},"30":{"start":{"line":107,"column":8},"end":{"line":107,"column":37}},"31":{"start":{"line":108,"column":8},"end":{"line":108,"column":49}},"32":{"start":{"line":109,"column":8},"end":{"line":109,"column":25}},"33":{"start":{"line":113,"column":8},"end":{"line":113,"column":42}},"34":{"start":{"line":114,"column":8},"end":{"line":114,"column":44}},"35":{"start":{"line":126,"column":22},"end":{"line":126,"column":85}},"36":{"start":{"line":127,"column":23},"end":{"line":127,"column":45}},"37":{"start":{"line":128,"column":8},"end":{"line":129,"column":84}},"38":{"start":{"line":95,"column":0},"end":{"line":131,"column":1}},"39":{"start":{"line":167,"column":4},"end":{"line":167,"column":11}},"40":{"start":{"line":172,"column":8},"end":{"line":172,"column":33}},"41":{"start":{"line":173,"column":8},"end":{"line":173,"column":33}},"42":{"start":{"line":180,"column":18},"end":{"line":180,"column":26}},"43":{"start":{"line":181,"column":22},"end":{"line":181,"column":49}},"44":{"start":{"line":182,"column":8},"end":{"line":182,"column":52}},"45":{"start":{"line":183,"column":17},"end":{"line":183,"column":29}},"46":{"start":{"line":184,"column":8},"end":{"line":184,"column":53}},"47":{"start":{"line":195,"column":8},"end":{"line":200,"column":9}},"48":{"start":{"line":196,"column":29},"end":{"line":196,"column":46}},"49":{"start":{"line":197,"column":12},"end":{"line":197,"column":58}},"50":{"start":{"line":198,"column":12},"end":{"line":198,"column":60}},"51":{"start":{"line":199,"column":12},"end":{"line":199,"column":33}},"52":{"start":{"line":201,"column":8},"end":{"line":201,"column":40}},"53":{"start":{"line":211,"column":8},"end":{"line":211,"column":74}},"54":{"start":{"line":213,"column":28},"end":{"line":213,"column":85}},"55":{"start":{"line":214,"column":18},"end":{"line":214,"column":35}},"56":{"start":{"line":215,"column":19},"end":{"line":215,"column":73}},"57":{"start":{"line":216,"column":8},"end":{"line":216,"column":25}},"58":{"start":{"line":217,"column":18},"end":{"line":217,"column":35}},"59":{"start":{"line":218,"column":8},"end":{"line":218,"column":51}},"60":{"start":{"line":219,"column":8},"end":{"line":219,"column":25}},"61":{"start":{"line":221,"column":27},"end":{"line":221,"column":61}},"62":{"start":{"line":222,"column":19},"end":{"line":222,"column":36}},"63":{"start":{"line":223,"column":8},"end":{"line":223,"column":111}},"64":{"start":{"line":224,"column":8},"end":{"line":224,"column":26}},"65":{"start":{"line":227,"column":29},"end":{"line":235,"column":9}},"66":{"start":{"line":237,"column":8},"end":{"line":237,"column":42}},"67":{"start":{"line":239,"column":8},"end":{"line":242,"column":9}},"68":{"start":{"line":240,"column":12},"end":{"line":240,"column":31}},"69":{"start":{"line":241,"column":12},"end":{"line":241,"column":39}},"70":{"start":{"line":244,"column":8},"end":{"line":244,"column":66}},"71":{"start":{"line":245,"column":8},"end":{"line":245,"column":39}},"72":{"start":{"line":166,"column":0},"end":{"line":247,"column":1}},"73":{"start":{"line":256,"column":20},"end":{"line":256,"column":22}},"74":{"start":{"line":257,"column":4},"end":{"line":259,"column":7}},"75":{"start":{"line":258,"column":8},"end":{"line":258,"column":82}},"76":{"start":{"line":258,"column":57},"end":{"line":258,"column":80}},"77":{"start":{"line":260,"column":4},"end":{"line":260,"column":21}},"78":{"start":{"line":268,"column":16},"end":{"line":268,"column":18}},"79":{"start":{"line":269,"column":4},"end":{"line":274,"column":5}},"80":{"start":{"line":270,"column":8},"end":{"line":273,"column":9}},"81":{"start":{"line":271,"column":24},"end":{"line":271,"column":85}},"82":{"start":{"line":272,"column":12},"end":{"line":272,"column":30}},"83":{"start":{"line":275,"column":4},"end":{"line":275,"column":39}},"84":{"start":{"line":283,"column":4},"end":{"line":283,"column":42}},"85":{"start":{"line":287,"column":4},"end":{"line":287,"column":52}},"86":{"start":{"line":288,"column":19},"end":{"line":288,"column":21}},"87":{"start":{"line":289,"column":4},"end":{"line":292,"column":7}},"88":{"start":{"line":290,"column":19},"end":{"line":290,"column":62}},"89":{"start":{"line":290,"column":53},"end":{"line":290,"column":61}},"90":{"start":{"line":291,"column":8},"end":{"line":291,"column":49}},"91":{"start":{"line":293,"column":4},"end":{"line":293,"column":18}},"92":{"start":{"line":297,"column":19},"end":{"line":302,"column":5}},"93":{"start":{"line":303,"column":19},"end":{"line":303,"column":38}},"94":{"start":{"line":304,"column":4},"end":{"line":304,"column":50}},"95":{"start":{"line":308,"column":17},"end":{"line":308,"column":59}},"96":{"start":{"line":309,"column":4},"end":{"line":309,"column":27}},"97":{"start":{"line":310,"column":4},"end":{"line":310,"column":21}},"98":{"start":{"line":311,"column":4},"end":{"line":319,"column":7}},"99":{"start":{"line":312,"column":8},"end":{"line":318,"column":9}},"100":{"start":{"line":313,"column":24},"end":{"line":313,"column":36}},"101":{"start":{"line":314,"column":12},"end":{"line":314,"column":56}},"102":{"start":{"line":315,"column":12},"end":{"line":317,"column":13}},"103":{"start":{"line":316,"column":16},"end":{"line":316,"column":88}},"104":{"start":{"line":320,"column":4},"end":{"line":320,"column":15}},"105":{"start":{"line":324,"column":21},"end":{"line":327,"column":5}},"106":{"start":{"line":328,"column":16},"end":{"line":328,"column":64}},"107":{"start":{"line":329,"column":4},"end":{"line":329,"column":55}},"108":{"start":{"line":330,"column":4},"end":{"line":352,"column":7}},"109":{"start":{"line":331,"column":19},"end":{"line":331,"column":21}},"110":{"start":{"line":332,"column":8},"end":{"line":332,"column":142}},"111":{"start":{"line":333,"column":20},"end":{"line":339,"column":10}},"112":{"start":{"line":334,"column":29},"end":{"line":334,"column":85}},"113":{"start":{"line":335,"column":12},"end":{"line":335,"column":83}},"114":{"start":{"line":336,"column":12},"end":{"line":336,"column":38}},"115":{"start":{"line":337,"column":12},"end":{"line":337,"column":65}},"116":{"start":{"line":337,"column":47},"end":{"line":337,"column":61}},"117":{"start":{"line":338,"column":12},"end":{"line":338,"column":108}},"118":{"start":{"line":338,"column":34},"end":{"line":338,"column":68}},"119":{"start":{"line":338,"column":69},"end":{"line":338,"column":104}},"120":{"start":{"line":340,"column":8},"end":{"line":340,"column":46}},"121":{"start":{"line":340,"column":35},"end":{"line":340,"column":44}},"122":{"start":{"line":343,"column":8},"end":{"line":343,"column":60}},"123":{"start":{"line":343,"column":38},"end":{"line":343,"column":58}},"124":{"start":{"line":344,"column":8},"end":{"line":344,"column":18}},"125":{"start":{"line":347,"column":8},"end":{"line":351,"column":9}},"126":{"start":{"line":348,"column":12},"end":{"line":348,"column":72}},"127":{"start":{"line":350,"column":12},"end":{"line":350,"column":23}}},"fnMap":{"0":{"name":"xml2json","decl":{"start":{"line":31,"column":16},"end":{"line":31,"column":24}},"loc":{"start":{"line":31,"column":35},"end":{"line":56,"column":1}}},"1":{"name":"request","decl":{"start":{"line":66,"column":16},"end":{"line":66,"column":23}},"loc":{"start":{"line":66,"column":77},"end":{"line":79,"column":1}}},"2":{"name":"(anonymous_8)","decl":{"start":{"line":101,"column":4},"end":{"line":101,"column":22}},"loc":{"start":{"line":101,"column":65},"end":{"line":102,"column":5}}},"3":{"name":"(anonymous_9)","decl":{"start":{"line":105,"column":18},"end":{"line":105,"column":30}},"loc":{"start":{"line":105,"column":53},"end":{"line":110,"column":5}}},"4":{"name":"(anonymous_11)","decl":{"start":{"line":112,"column":18},"end":{"line":112,"column":31}},"loc":{"start":{"line":112,"column":45},"end":{"line":115,"column":5}}},"5":{"name":"(anonymous_13)","decl":{"start":{"line":125,"column":17},"end":{"line":125,"column":23}},"loc":{"start":{"line":125,"column":48},"end":{"line":130,"column":5}}},"6":{"name":"(anonymous_15)","decl":{"start":{"line":171,"column":4},"end":{"line":171,"column":15}},"loc":{"start":{"line":171,"column":48},"end":{"line":174,"column":5}}},"7":{"name":"(anonymous_16)","decl":{"start":{"line":179,"column":4},"end":{"line":179,"column":11}},"loc":{"start":{"line":179,"column":12},"end":{"line":185,"column":5}}},"8":{"name":"(anonymous_17)","decl":{"start":{"line":191,"column":4},"end":{"line":191,"column":17}},"loc":{"start":{"line":191,"column":29},"end":{"line":202,"column":5}}},"9":{"name":"(anonymous_18)","decl":{"start":{"line":210,"column":4},"end":{"line":210,"column":17}},"loc":{"start":{"line":210,"column":69},"end":{"line":246,"column":5}}},"10":{"name":"omitNull","decl":{"start":{"line":251,"column":9},"end":{"line":251,"column":17}},"loc":{"start":{"line":251,"column":26},"end":{"line":261,"column":1}}},"11":{"name":"(anonymous_20)","decl":{"start":{"line":257,"column":30},"end":{"line":257,"column":31}},"loc":{"start":{"line":257,"column":43},"end":{"line":259,"column":5}}},"12":{"name":"compileParams","decl":{"start":{"line":267,"column":9},"end":{"line":267,"column":22}},"loc":{"start":{"line":267,"column":33},"end":{"line":276,"column":1}}},"13":{"name":"putDoubleQuotes","decl":{"start":{"line":282,"column":9},"end":{"line":282,"column":24}},"loc":{"start":{"line":282,"column":37},"end":{"line":284,"column":1}}},"14":{"name":"parseDigestResponse","decl":{"start":{"line":286,"column":9},"end":{"line":286,"column":28}},"loc":{"start":{"line":286,"column":48},"end":{"line":294,"column":1}}},"15":{"name":"(anonymous_24)","decl":{"start":{"line":289,"column":36},"end":{"line":289,"column":37}},"loc":{"start":{"line":289,"column":52},"end":{"line":292,"column":5}}},"16":{"name":"(anonymous_25)","decl":{"start":{"line":290,"column":39},"end":{"line":290,"column":40}},"loc":{"start":{"line":290,"column":53},"end":{"line":290,"column":61}}},"17":{"name":"isBinary","decl":{"start":{"line":296,"column":9},"end":{"line":296,"column":17}},"loc":{"start":{"line":296,"column":36},"end":{"line":305,"column":1}}},"18":{"name":"getAttributes","decl":{"start":{"line":307,"column":9},"end":{"line":307,"column":22}},"loc":{"start":{"line":307,"column":45},"end":{"line":321,"column":1}}},"19":{"name":"(anonymous_28)","decl":{"start":{"line":311,"column":15},"end":{"line":311,"column":16}},"loc":{"start":{"line":311,"column":19},"end":{"line":319,"column":5}}},"20":{"name":"requestOptions","decl":{"start":{"line":323,"column":9},"end":{"line":323,"column":23}},"loc":{"start":{"line":323,"column":64},"end":{"line":353,"column":1}}},"21":{"name":"(anonymous_30)","decl":{"start":{"line":330,"column":23},"end":{"line":330,"column":24}},"loc":{"start":{"line":330,"column":85},"end":{"line":345,"column":5}}},"22":{"name":"(anonymous_31)","decl":{"start":{"line":333,"column":60},"end":{"line":333,"column":61}},"loc":{"start":{"line":333,"column":72},"end":{"line":339,"column":9}}},"23":{"name":"(anonymous_32)","decl":{"start":{"line":337,"column":27},"end":{"line":337,"column":28}},"loc":{"start":{"line":337,"column":44},"end":{"line":337,"column":63}}},"24":{"name":"(anonymous_33)","decl":{"start":{"line":338,"column":26},"end":{"line":338,"column":28}},"loc":{"start":{"line":338,"column":31},"end":{"line":338,"column":106}}},"25":{"name":"(anonymous_34)","decl":{"start":{"line":340,"column":24},"end":{"line":340,"column":25}},"loc":{"start":{"line":340,"column":35},"end":{"line":340,"column":44}}},"26":{"name":"(anonymous_35)","decl":{"start":{"line":346,"column":10},"end":{"line":346,"column":11}},"loc":{"start":{"line":346,"column":31},"end":{"line":352,"column":5}}}},"branchMap":{"0":{"loc":{"start":{"line":35,"column":8},"end":{"line":53,"column":9}},"type":"if","locations":[{"start":{"line":35,"column":8},"end":{"line":53,"column":9}},{"start":{"line":35,"column":8},"end":{"line":53,"column":9}}]},"1":{"loc":{"start":{"line":35,"column":12},"end":{"line":35,"column":15}},"type":"binary-expr","locations":[{"start":{"line":35,"column":12},"end":{"line":35,"column":15}},{"start":{"line":35,"column":19},"end":{"line":35,"column":33}}]},"2":{"loc":{"start":{"line":37,"column":21},"end":{"line":37,"column":27}},"type":"binary-expr","locations":[{"start":{"line":37,"column":21},"end":{"line":37,"column":27}},{"start":{"line":37,"column":31},"end":{"line":37,"column":33}}]},"3":{"loc":{"start":{"line":41,"column":12},"end":{"line":49,"column":13}},"type":"if","locations":[{"start":{"line":41,"column":12},"end":{"line":49,"column":13}},{"start":{"line":41,"column":12},"end":{"line":49,"column":13}}]},"4":{"loc":{"start":{"line":68,"column":30},"end":{"line":68,"column":36}},"type":"cond-expr","locations":[{"start":{"line":68,"column":30},"end":{"line":68,"column":36}},{"start":{"line":68,"column":38},"end":{"line":68,"column":43}}]},"5":{"loc":{"start":{"line":74,"column":36},"end":{"line":74,"column":46}},"type":"binary-expr","locations":[{"start":{"line":74,"column":36},"end":{"line":74,"column":46}},{"start":{"line":74,"column":50},"end":{"line":74,"column":52}}]},"6":{"loc":{"start":{"line":77,"column":4},"end":{"line":77,"column":55}},"type":"if","locations":[{"start":{"line":77,"column":4},"end":{"line":77,"column":55}},{"start":{"line":77,"column":4},"end":{"line":77,"column":55}}]},"7":{"loc":{"start":{"line":125,"column":44},"end":{"line":125,"column":48}},"type":"default-arg","locations":[{"start":{"line":125,"column":44},"end":{"line":125,"column":48}}]},"8":{"loc":{"start":{"line":129,"column":12},"end":{"line":129,"column":44}},"type":"cond-expr","locations":[{"start":{"line":129,"column":12},"end":{"line":129,"column":44}},{"start":{"line":129,"column":47},"end":{"line":129,"column":83}}]},"9":{"loc":{"start":{"line":128,"column":16},"end":{"line":128,"column":22}},"type":"binary-expr","locations":[{"start":{"line":128,"column":16},"end":{"line":128,"column":22}},{"start":{"line":128,"column":26},"end":{"line":128,"column":35}}]},"10":{"loc":{"start":{"line":182,"column":35},"end":{"line":182,"column":36}},"type":"cond-expr","locations":[{"start":{"line":182,"column":35},"end":{"line":182,"column":36}},{"start":{"line":182,"column":39},"end":{"line":182,"column":50}}]},"11":{"loc":{"start":{"line":195,"column":8},"end":{"line":200,"column":9}},"type":"if","locations":[{"start":{"line":195,"column":8},"end":{"line":200,"column":9}},{"start":{"line":195,"column":8},"end":{"line":200,"column":9}}]},"12":{"loc":{"start":{"line":239,"column":8},"end":{"line":242,"column":9}},"type":"if","locations":[{"start":{"line":239,"column":8},"end":{"line":242,"column":9}},{"start":{"line":239,"column":8},"end":{"line":242,"column":9}}]},"13":{"loc":{"start":{"line":258,"column":8},"end":{"line":258,"column":82}},"type":"if","locations":[{"start":{"line":258,"column":8},"end":{"line":258,"column":82}},{"start":{"line":258,"column":8},"end":{"line":258,"column":82}}]},"14":{"loc":{"start":{"line":258,"column":12},"end":{"line":258,"column":28}},"type":"binary-expr","locations":[{"start":{"line":258,"column":12},"end":{"line":258,"column":28}},{"start":{"line":258,"column":32},"end":{"line":258,"column":53}}]},"15":{"loc":{"start":{"line":270,"column":8},"end":{"line":273,"column":9}},"type":"if","locations":[{"start":{"line":270,"column":8},"end":{"line":273,"column":9}},{"start":{"line":270,"column":8},"end":{"line":273,"column":9}}]},"16":{"loc":{"start":{"line":271,"column":56},"end":{"line":271,"column":72}},"type":"cond-expr","locations":[{"start":{"line":271,"column":56},"end":{"line":271,"column":72}},{"start":{"line":271,"column":75},"end":{"line":271,"column":84}}]},"17":{"loc":{"start":{"line":304,"column":35},"end":{"line":304,"column":40}},"type":"cond-expr","locations":[{"start":{"line":304,"column":35},"end":{"line":304,"column":40}},{"start":{"line":304,"column":43},"end":{"line":304,"column":49}}]},"18":{"loc":{"start":{"line":312,"column":8},"end":{"line":318,"column":9}},"type":"if","locations":[{"start":{"line":312,"column":8},"end":{"line":318,"column":9}},{"start":{"line":312,"column":8},"end":{"line":318,"column":9}}]},"19":{"loc":{"start":{"line":314,"column":32},"end":{"line":314,"column":49}},"type":"binary-expr","locations":[{"start":{"line":314,"column":32},"end":{"line":314,"column":49}},{"start":{"line":314,"column":53},"end":{"line":314,"column":55}}]},"20":{"loc":{"start":{"line":315,"column":12},"end":{"line":317,"column":13}},"type":"if","locations":[{"start":{"line":315,"column":12},"end":{"line":317,"column":13}},{"start":{"line":315,"column":12},"end":{"line":317,"column":13}}]},"21":{"loc":{"start":{"line":328,"column":16},"end":{"line":328,"column":31}},"type":"binary-expr","locations":[{"start":{"line":328,"column":16},"end":{"line":328,"column":31}},{"start":{"line":328,"column":35},"end":{"line":328,"column":64}}]},"22":{"loc":{"start":{"line":332,"column":43},"end":{"line":332,"column":64}},"type":"cond-expr","locations":[{"start":{"line":332,"column":43},"end":{"line":332,"column":64}},{"start":{"line":332,"column":65},"end":{"line":332,"column":67}}]},"23":{"loc":{"start":{"line":334,"column":68},"end":{"line":334,"column":76}},"type":"cond-expr","locations":[{"start":{"line":334,"column":68},"end":{"line":334,"column":76}},{"start":{"line":334,"column":79},"end":{"line":334,"column":85}}]},"24":{"loc":{"start":{"line":343,"column":8},"end":{"line":343,"column":60}},"type":"if","locations":[{"start":{"line":343,"column":8},"end":{"line":343,"column":60}},{"start":{"line":343,"column":8},"end":{"line":343,"column":60}}]},"25":{"loc":{"start":{"line":347,"column":8},"end":{"line":351,"column":9}},"type":"if","locations":[{"start":{"line":347,"column":8},"end":{"line":351,"column":9}},{"start":{"line":347,"column":8},"end":{"line":351,"column":9}}]},"26":{"loc":{"start":{"line":347,"column":12},"end":{"line":347,"column":16}},"type":"binary-expr","locations":[{"start":{"line":347,"column":12},"end":{"line":347,"column":16}},{"start":{"line":347,"column":20},"end":{"line":347,"column":60}}]}},"s":{"0":3,"1":3,"2":3,"3":3,"4":4,"5":5,"6":5,"7":4,"8":4,"9":4,"10":4,"11":4,"12":4,"13":3,"14":3,"15":3,"16":3,"17":1,"18":1,"19":1,"20":4,"21":3,"22":5,"23":5,"24":1,"25":5,"26":3,"27":2,"28":2,"29":1,"30":1,"31":1,"32":1,"33":1,"34":1,"35":2,"36":2,"37":2,"38":3,"39":1,"40":1,"41":1,"42":1,"43":1,"44":1,"45":1,"46":1,"47":1,"48":1,"49":1,"50":1,"51":1,"52":1,"53":1,"54":1,"55":1,"56":1,"57":1,"58":1,"59":1,"60":1,"61":1,"62":1,"63":1,"64":1,"65":1,"66":1,"67":1,"68":1,"69":1,"70":1,"71":1,"72":3,"73":1,"74":1,"75":7,"76":7,"77":1,"78":1,"79":1,"80":9,"81":9,"82":9,"83":1,"84":9,"85":1,"86":1,"87":1,"88":3,"89":6,"90":3,"91":1,"92":6,"93":6,"94":6,"95":4,"96":4,"97":4,"98":4,"99":8,"100":7,"101":7,"102":7,"103":3,"104":4,"105":6,"106":6,"107":6,"108":6,"109":6,"110":6,"111":6,"112":6,"113":6,"114":6,"115":6,"116":6,"117":6,"118":6,"119":6,"120":6,"121":0,"122":6,"123":0,"124":6,"125":6,"126":1,"127":5},"f":{"0":4,"1":5,"2":2,"3":1,"4":1,"5":2,"6":1,"7":1,"8":1,"9":1,"10":1,"11":7,"12":1,"13":9,"14":1,"15":3,"16":6,"17":6,"18":4,"19":8,"20":6,"21":6,"22":6,"23":6,"24":6,"25":0,"26":6},"b":{"0":[4,1],"1":[5,4],"2":[4,3],"3":[3,1],"4":[0,5],"5":[5,2],"6":[1,4],"7":[2],"8":[1,1],"9":[2,1],"10":[0,1],"11":[1,0],"12":[1,0],"13":[7,0],"14":[7,7],"15":[9,0],"16":[7,2],"17":[0,6],"18":[7,1],"19":[7,4],"20":[3,4],"21":[6,6],"22":[1,5],"23":[0,6],"24":[0,6],"25":[1,5],"26":[6,1]}}
,"/Users/sth1pal/Documents/Development/JavaScript/nodejs/ts6/dev/hsLibs/node/hsNode/src/index.ts": {"path":"/Users/sth1pal/Documents/Development/JavaScript/nodejs/ts6/dev/hsLibs/node/hsNode/src/index.ts","statementMap":{"0":{"start":{"line":2,"column":0},"end":{"line":2,"column":43}},"1":{"start":{"line":3,"column":0},"end":{"line":3,"column":43}},"2":{"start":{"line":5,"column":13},"end":{"line":8,"column":2}},"3":{"start":{"line":10,"column":0},"end":{"line":10,"column":32}},"4":{"start":{"line":10,"column":9},"end":{"line":10,"column":12}},"5":{"start":{"line":12,"column":0},"end":{"line":12,"column":37}},"6":{"start":{"line":13,"column":9},"end":{"line":13,"column":13}}},"fnMap":{},"branchMap":{},"s":{"0":2,"1":2,"2":2,"3":2,"4":2,"5":2,"6":2},"f":{},"b":{}}
,"/Users/sth1pal/Documents/Development/JavaScript/nodejs/ts6/dev/hsLibs/node/hsNode/src/log.ts": {"path":"/Users/sth1pal/Documents/Development/JavaScript/nodejs/ts6/dev/hsLibs/node/hsNode/src/log.ts","statementMap":{"0":{"start":{"line":23,"column":0},"end":{"line":23,"column":45}},"1":{"start":{"line":24,"column":0},"end":{"line":24,"column":43}},"2":{"start":{"line":25,"column":0},"end":{"line":25,"column":47}},"3":{"start":{"line":26,"column":0},"end":{"line":26,"column":47}},"4":{"start":{"line":28,"column":13},"end":{"line":28,"column":69}},"5":{"start":{"line":29,"column":0},"end":{"line":29,"column":26}},"6":{"start":{"line":32,"column":16},"end":{"line":32,"column":40}},"7":{"start":{"line":33,"column":4},"end":{"line":33,"column":33}},"8":{"start":{"line":37,"column":4},"end":{"line":37,"column":48}}},"fnMap":{"0":{"name":"node_pathExists","decl":{"start":{"line":31,"column":15},"end":{"line":31,"column":30}},"loc":{"start":{"line":31,"column":42},"end":{"line":34,"column":1}}},"1":{"name":"node_logToFile","decl":{"start":{"line":36,"column":15},"end":{"line":36,"column":29}},"loc":{"start":{"line":36,"column":57},"end":{"line":38,"column":1}}}},"branchMap":{},"s":{"0":4,"1":4,"2":4,"3":4,"4":4,"5":4,"6":1,"7":1,"8":44},"f":{"0":1,"1":44},"b":{}}
}
