TN:
SF:/Users/sth1pal/Documents/Development/JavaScript/nodejs/ts6/dev/hsLibs/node/hsNode/src/cpUtil.ts
FN:32,(anonymous_0)
FN:33,(anonymous_1)
FN:34,(anonymous_2)
FNF:3
FNH:3
FNDA:3,(anonymous_0)
FNDA:3,(anonymous_1)
FNDA:3,(anonymous_2)
DA:17,2
DA:19,2
DA:33,3
DA:34,3
DA:35,3
LF:5
LH:5
BRDA:35,0,0,1
BRDA:35,0,1,2
BRF:2
BRH:2
end_of_record
TN:
SF:/Users/sth1pal/Documents/Development/JavaScript/nodejs/ts6/dev/hsLibs/node/hsNode/src/fsUtil.ts
FN:66,stat
FN:68,(anonymous_8)
FN:69,(anonymous_9)
FN:84,lstat
FN:86,(anonymous_12)
FN:87,(anonymous_13)
FN:91,error
FN:104,realPath
FN:105,(anonymous_16)
FN:106,(anonymous_17)
FN:116,pathExists
FN:130,isFile
FN:143,isDirectory
FN:156,isLink
FN:172,mkdirs
FN:178,(anonymous_27)
FN:180,(anonymous_28)
FN:180,(anonymous_29)
FN:181,(anonymous_30)
FN:181,(anonymous_31)
FN:187,(anonymous_32)
FN:200,(anonymous_33)
FN:201,(anonymous_34)
FN:217,readDir
FN:219,(anonymous_37)
FN:220,(anonymous_38)
FN:238,readFile
FN:239,(anonymous_40)
FN:241,(anonymous_41)
FN:252,readTextFile
FN:262,readJsonFile
FN:277,writeFile
FN:280,(anonymous_48)
FN:281,(anonymous_49)
FN:292,writeStream
FN:293,(anonymous_52)
FN:295,(anonymous_53)
FN:296,(anonymous_54)
FN:306,writeTextFile
FN:317,writeJsonFile
FN:320,(anonymous_59)
FN:320,(anonymous_60)
FN:331,appendFile
FN:332,(anonymous_63)
FN:334,(anonymous_64)
FN:345,remove
FN:347,(anonymous_67)
FN:348,(anonymous_68)
FN:349,(anonymous_69)
FNF:49
FNH:48
FNDA:55,stat
FNDA:39,(anonymous_8)
FNDA:39,(anonymous_9)
FNDA:5,lstat
FNDA:5,(anonymous_12)
FNDA:5,(anonymous_13)
FNDA:19,error
FNDA:103,realPath
FNDA:103,(anonymous_16)
FNDA:103,(anonymous_17)
FNDA:3,pathExists
FNDA:12,isFile
FNDA:40,isDirectory
FNDA:5,isLink
FNDA:13,mkdirs
FNDA:20,(anonymous_27)
FNDA:20,(anonymous_28)
FNDA:20,(anonymous_29)
FNDA:20,(anonymous_30)
FNDA:20,(anonymous_31)
FNDA:9,(anonymous_32)
FNDA:12,(anonymous_33)
FNDA:20,(anonymous_34)
FNDA:2,readDir
FNDA:1,(anonymous_37)
FNDA:1,(anonymous_38)
FNDA:13,readFile
FNDA:13,(anonymous_40)
FNDA:13,(anonymous_41)
FNDA:3,readTextFile
FNDA:2,readJsonFile
FNDA:7,writeFile
FNDA:7,(anonymous_48)
FNDA:7,(anonymous_49)
FNDA:1,writeStream
FNDA:1,(anonymous_52)
FNDA:0,(anonymous_53)
FNDA:1,(anonymous_54)
FNDA:5,writeTextFile
FNDA:2,writeJsonFile
FNDA:2,(anonymous_59)
FNDA:2,(anonymous_60)
FNDA:47,appendFile
FNDA:47,(anonymous_63)
FNDA:47,(anonymous_64)
FNDA:13,remove
FNDA:13,(anonymous_67)
FNDA:5,(anonymous_68)
FNDA:8,(anonymous_69)
DA:17,4
DA:18,4
DA:19,4
DA:20,4
DA:67,55
DA:68,39
DA:69,39
DA:70,39
DA:71,0
DA:72,0
DA:74,39
DA:85,5
DA:86,5
DA:87,5
DA:92,19
DA:93,19
DA:104,4
DA:105,103
DA:106,103
DA:116,4
DA:117,3
DA:118,3
DA:119,1
DA:121,2
DA:130,4
DA:131,12
DA:132,12
DA:134,3
DA:143,4
DA:144,40
DA:145,40
DA:147,11
DA:156,4
DA:157,5
DA:158,5
DA:160,2
DA:172,4
DA:173,13
DA:174,13
DA:175,12
DA:176,12
DA:178,20
DA:180,20
DA:181,20
DA:182,20
DA:183,11
DA:184,11
DA:186,9
DA:187,9
DA:188,9
DA:189,2
DA:190,2
DA:191,2
DA:193,0
DA:200,12
DA:201,12
DA:202,20
DA:203,0
DA:205,12
DA:208,1
DA:217,4
DA:218,2
DA:219,1
DA:220,1
DA:221,1
DA:223,1
DA:224,1
DA:238,4
DA:239,13
DA:240,13
DA:241,13
DA:242,13
DA:252,4
DA:253,3
DA:254,0
DA:262,4
DA:263,2
DA:264,2
DA:265,2
DA:267,0
DA:277,4
DA:278,7
DA:279,7
DA:280,7
DA:281,7
DA:282,7
DA:292,4
DA:293,1
DA:294,1
DA:295,1
DA:296,1
DA:297,1
DA:306,4
DA:307,5
DA:317,4
DA:318,2
DA:320,2
DA:331,4
DA:332,47
DA:333,47
DA:334,47
DA:345,4
DA:346,13
DA:347,13
DA:348,13
DA:349,8
LF:106
LH:100
BRDA:70,0,0,0
BRDA:70,0,1,39
BRDA:87,1,0,2
BRDA:87,1,1,3
BRDA:106,2,0,17
BRDA:106,2,1,86
BRDA:174,3,0,12
BRDA:174,3,1,1
BRDA:182,4,0,11
BRDA:182,4,1,9
BRDA:188,5,0,7
BRDA:188,5,1,2
BRDA:189,6,0,2
BRDA:189,6,1,0
BRDA:202,7,0,20
BRDA:202,7,1,0
BRDA:221,8,0,0
BRDA:221,8,1,1
BRDA:238,9,0,2
BRDA:240,10,0,7
BRDA:240,10,1,6
BRDA:242,11,0,1
BRDA:242,11,1,12
BRDA:265,12,0,2
BRDA:265,12,1,0
BRDA:277,13,0,1
BRDA:278,14,0,6
BRDA:278,14,1,1
BRDA:282,15,0,0
BRDA:282,15,1,7
BRDA:331,16,0,44
BRDA:333,17,0,44
BRDA:333,17,1,3
BRDA:334,18,0,1
BRDA:334,18,1,46
BRDA:348,19,0,5
BRDA:348,19,1,8
BRDA:348,20,0,0
BRDA:348,20,1,5
BRDA:349,21,0,0
BRDA:349,21,1,8
BRF:41
BRH:33
end_of_record
TN:
SF:/Users/sth1pal/Documents/Development/JavaScript/nodejs/ts6/dev/hsLibs/node/hsNode/src/httpUtil.ts
FN:31,xml2json
FN:66,request
FN:101,(anonymous_8)
FN:105,(anonymous_9)
FN:112,(anonymous_11)
FN:125,(anonymous_13)
FN:171,(anonymous_15)
FN:179,(anonymous_16)
FN:191,(anonymous_17)
FN:210,(anonymous_18)
FN:251,omitNull
FN:257,(anonymous_20)
FN:267,compileParams
FN:282,putDoubleQuotes
FN:286,parseDigestResponse
FN:289,(anonymous_24)
FN:290,(anonymous_25)
FN:296,isBinary
FN:307,getAttributes
FN:311,(anonymous_28)
FN:323,requestOptions
FN:330,(anonymous_30)
FN:333,(anonymous_31)
FN:337,(anonymous_32)
FN:338,(anonymous_33)
FN:340,(anonymous_34)
FN:346,(anonymous_35)
FNF:27
FNH:26
FNDA:4,xml2json
FNDA:5,request
FNDA:2,(anonymous_8)
FNDA:1,(anonymous_9)
FNDA:1,(anonymous_11)
FNDA:2,(anonymous_13)
FNDA:1,(anonymous_15)
FNDA:1,(anonymous_16)
FNDA:1,(anonymous_17)
FNDA:1,(anonymous_18)
FNDA:1,omitNull
FNDA:7,(anonymous_20)
FNDA:1,compileParams
FNDA:9,putDoubleQuotes
FNDA:1,parseDigestResponse
FNDA:3,(anonymous_24)
FNDA:6,(anonymous_25)
FNDA:6,isBinary
FNDA:4,getAttributes
FNDA:8,(anonymous_28)
FNDA:6,requestOptions
FNDA:6,(anonymous_30)
FNDA:6,(anonymous_31)
FNDA:6,(anonymous_32)
FNDA:6,(anonymous_33)
FNDA:0,(anonymous_34)
FNDA:6,(anonymous_35)
DA:20,3
DA:21,3
DA:22,3
DA:31,3
DA:33,4
DA:34,5
DA:35,5
DA:36,4
DA:37,4
DA:38,4
DA:39,4
DA:40,4
DA:41,4
DA:42,3
DA:43,3
DA:44,3
DA:45,3
DA:48,1
DA:51,1
DA:52,1
DA:55,4
DA:66,3
DA:67,5
DA:77,5
DA:78,5
DA:95,3
DA:101,2
DA:106,1
DA:107,1
DA:108,1
DA:109,1
DA:113,1
DA:114,1
DA:126,2
DA:127,2
DA:128,2
DA:166,3
DA:167,1
DA:172,1
DA:173,1
DA:180,1
DA:181,1
DA:182,1
DA:183,1
DA:184,1
DA:195,1
DA:196,1
DA:197,1
DA:198,1
DA:199,1
DA:201,1
DA:211,1
DA:213,1
DA:214,1
DA:215,1
DA:216,1
DA:217,1
DA:218,1
DA:219,1
DA:221,1
DA:222,1
DA:223,1
DA:224,1
DA:227,1
DA:237,1
DA:239,1
DA:240,1
DA:241,1
DA:244,1
DA:245,1
DA:256,1
DA:257,1
DA:258,7
DA:260,1
DA:268,1
DA:269,1
DA:270,9
DA:271,9
DA:272,9
DA:275,1
DA:283,9
DA:287,1
DA:288,1
DA:289,1
DA:290,6
DA:291,3
DA:293,1
DA:297,6
DA:303,6
DA:304,6
DA:308,4
DA:309,4
DA:310,4
DA:311,4
DA:312,8
DA:313,7
DA:314,7
DA:315,7
DA:316,3
DA:320,4
DA:324,6
DA:328,6
DA:329,6
DA:330,6
DA:331,6
DA:332,6
DA:333,6
DA:334,6
DA:335,6
DA:336,6
DA:337,6
DA:338,6
DA:340,6
DA:343,6
DA:344,6
DA:347,6
DA:348,1
DA:350,5
LF:118
LH:118
BRDA:35,0,0,4
BRDA:35,0,1,1
BRDA:35,1,0,5
BRDA:35,1,1,4
BRDA:37,2,0,4
BRDA:37,2,1,3
BRDA:41,3,0,3
BRDA:41,3,1,1
BRDA:68,4,0,0
BRDA:68,4,1,5
BRDA:74,5,0,5
BRDA:74,5,1,2
BRDA:77,6,0,1
BRDA:77,6,1,4
BRDA:125,7,0,2
BRDA:129,8,0,1
BRDA:129,8,1,1
BRDA:128,9,0,2
BRDA:128,9,1,1
BRDA:182,10,0,0
BRDA:182,10,1,1
BRDA:195,11,0,1
BRDA:195,11,1,0
BRDA:239,12,0,1
BRDA:239,12,1,0
BRDA:258,13,0,7
BRDA:258,13,1,0
BRDA:258,14,0,7
BRDA:258,14,1,7
BRDA:270,15,0,9
BRDA:270,15,1,0
BRDA:271,16,0,7
BRDA:271,16,1,2
BRDA:304,17,0,0
BRDA:304,17,1,6
BRDA:312,18,0,7
BRDA:312,18,1,1
BRDA:314,19,0,7
BRDA:314,19,1,4
BRDA:315,20,0,3
BRDA:315,20,1,4
BRDA:328,21,0,6
BRDA:328,21,1,6
BRDA:332,22,0,1
BRDA:332,22,1,5
BRDA:334,23,0,0
BRDA:334,23,1,6
BRDA:343,24,0,0
BRDA:343,24,1,6
BRDA:347,25,0,1
BRDA:347,25,1,5
BRDA:347,26,0,6
BRDA:347,26,1,1
BRF:53
BRH:44
end_of_record
TN:
SF:/Users/sth1pal/Documents/Development/JavaScript/nodejs/ts6/dev/hsLibs/node/hsNode/src/index.ts
FNF:0
FNH:0
DA:2,2
DA:3,2
DA:5,2
DA:10,2
DA:12,2
DA:13,2
LF:6
LH:6
BRF:0
BRH:0
end_of_record
TN:
SF:/Users/sth1pal/Documents/Development/JavaScript/nodejs/ts6/dev/hsLibs/node/hsNode/src/log.ts
FN:31,node_pathExists
FN:36,node_logToFile
FNF:2
FNH:2
FNDA:1,node_pathExists
FNDA:44,node_logToFile
DA:23,4
DA:24,4
DA:25,4
DA:26,4
DA:28,4
DA:29,4
DA:32,1
DA:33,1
DA:37,44
LF:9
LH:9
BRF:0
BRH:0
end_of_record
