TN:
SF:/Users/sth1pal/Documents/Development/JavaScript/nodejs/ts6/dev/hsLibs/node/hsNode/src/cpUtil.ts
FN:29,exec
FN:30,(anonymous_1)
FN:31,(anonymous_2)
FNF:3
FNH:3
FNDA:2,exec
FNDA:2,(anonymous_1)
FNDA:2,(anonymous_2)
DA:1,2
DA:30,2
DA:31,2
DA:32,2
DA:37,2
LF:5
LH:5
BRDA:32,0,0,1
BRDA:32,0,1,1
BRF:2
BRH:2
end_of_record
TN:
SF:/Users/sth1pal/Documents/Development/JavaScript/nodejs/ts6/dev/hsLibs/node/hsNode/src/fsUtil.ts
FN:42,stat
FN:45,(anonymous_1)
FN:45,(anonymous_2)
FN:46,(anonymous_3)
FN:56,lstat
FN:59,(anonymous_5)
FN:59,(anonymous_6)
FN:60,(anonymous_7)
FN:70,error
FN:83,realPath
FN:84,(anonymous_10)
FN:85,(anonymous_11)
FN:95,pathExists
FN:96,(anonymous_13)
FN:97,(anonymous_14)
FN:97,(anonymous_15)
FN:106,isFile
FN:107,(anonymous_17)
FN:108,(anonymous_18)
FN:108,(anonymous_19)
FN:117,isDirectory
FN:118,(anonymous_21)
FN:119,(anonymous_22)
FN:119,(anonymous_23)
FN:128,isLink
FN:129,(anonymous_25)
FN:130,(anonymous_26)
FN:130,(anonymous_27)
FN:142,mkdirs
FN:144,checkDir
FN:145,(anonymous_30)
FN:146,(anonymous_31)
FN:147,(anonymous_32)
FN:148,(anonymous_33)
FN:159,(anonymous_34)
FN:161,(anonymous_35)
FN:162,(anonymous_36)
FN:163,(anonymous_37)
FN:179,readDir
FN:182,(anonymous_39)
FN:182,(anonymous_40)
FN:183,(anonymous_41)
FN:201,readFile
FN:202,(anonymous_43)
FN:204,(anonymous_44)
FN:217,readTextFile
FN:227,readJsonFile
FN:229,(anonymous_47)
FN:240,writeFile
FN:241,(anonymous_49)
FN:244,(anonymous_50)
FN:244,(anonymous_51)
FN:257,writeStream
FN:258,(anonymous_53)
FN:260,(anonymous_54)
FN:261,(anonymous_55)
FN:272,writeTextFile
FN:283,writeJsonFile
FN:286,(anonymous_58)
FN:297,appendFile
FN:298,(anonymous_60)
FN:300,(anonymous_61)
FN:311,remove
FN:312,(anonymous_63)
FN:313,(anonymous_64)
FN:314,(anonymous_65)
FN:315,(anonymous_66)
FNF:67
FNH:63
FNDA:37,stat
FNDA:28,(anonymous_1)
FNDA:28,(anonymous_2)
FNDA:28,(anonymous_3)
FNDA:3,lstat
FNDA:3,(anonymous_5)
FNDA:3,(anonymous_6)
FNDA:3,(anonymous_7)
FNDA:12,error
FNDA:83,realPath
FNDA:83,(anonymous_10)
FNDA:83,(anonymous_11)
FNDA:3,pathExists
FNDA:3,(anonymous_13)
FNDA:1,(anonymous_14)
FNDA:2,(anonymous_15)
FNDA:9,isFile
FNDA:9,(anonymous_17)
FNDA:7,(anonymous_18)
FNDA:2,(anonymous_19)
FNDA:25,isDirectory
FNDA:25,(anonymous_21)
FNDA:20,(anonymous_22)
FNDA:5,(anonymous_23)
FNDA:3,isLink
FNDA:3,(anonymous_25)
FNDA:2,(anonymous_26)
FNDA:1,(anonymous_27)
FNDA:8,mkdirs
FNDA:9,checkDir
FNDA:9,(anonymous_30)
FNDA:9,(anonymous_31)
FNDA:3,(anonymous_32)
FNDA:3,(anonymous_33)
FNDA:9,(anonymous_34)
FNDA:9,(anonymous_35)
FNDA:7,(anonymous_36)
FNDA:9,(anonymous_37)
FNDA:2,readDir
FNDA:1,(anonymous_39)
FNDA:1,(anonymous_40)
FNDA:1,(anonymous_41)
FNDA:9,readFile
FNDA:9,(anonymous_43)
FNDA:9,(anonymous_44)
FNDA:2,readTextFile
FNDA:2,readJsonFile
FNDA:2,(anonymous_47)
FNDA:5,writeFile
FNDA:5,(anonymous_49)
FNDA:5,(anonymous_50)
FNDA:5,(anonymous_51)
FNDA:0,writeStream
FNDA:0,(anonymous_53)
FNDA:0,(anonymous_54)
FNDA:0,(anonymous_55)
FNDA:4,writeTextFile
FNDA:2,writeJsonFile
FNDA:2,(anonymous_58)
FNDA:44,appendFile
FNDA:44,(anonymous_60)
FNDA:44,(anonymous_61)
FNDA:9,remove
FNDA:9,(anonymous_63)
FNDA:9,(anonymous_64)
FNDA:3,(anonymous_65)
FNDA:6,(anonymous_66)
DA:1,3
DA:2,3
DA:3,3
DA:43,37
DA:45,28
DA:46,28
DA:47,28
DA:49,28
DA:50,28
DA:57,3
DA:59,3
DA:60,3
DA:61,3
DA:63,2
DA:64,2
DA:71,12
DA:72,12
DA:83,3
DA:84,83
DA:85,83
DA:95,3
DA:96,3
DA:97,3
DA:106,3
DA:107,9
DA:108,9
DA:117,3
DA:118,25
DA:119,25
DA:128,3
DA:129,3
DA:130,3
DA:142,3
DA:145,9
DA:146,9
DA:148,3
DA:153,8
DA:154,8
DA:155,8
DA:156,7
DA:157,7
DA:159,9
DA:161,9
DA:163,7
DA:164,9
DA:165,0
DA:167,7
DA:170,1
DA:179,3
DA:180,2
DA:182,1
DA:183,1
DA:184,1
DA:186,1
DA:187,1
DA:201,3
DA:202,9
DA:203,9
DA:204,9
DA:205,9
DA:206,8
DA:217,3
DA:218,2
DA:227,3
DA:228,2
DA:229,2
DA:240,3
DA:241,5
DA:242,5
DA:243,5
DA:244,5
DA:245,5
DA:257,3
DA:258,0
DA:259,0
DA:260,0
DA:261,0
DA:262,0
DA:272,3
DA:273,4
DA:283,3
DA:284,2
DA:286,2
DA:297,3
DA:298,44
DA:299,44
DA:300,44
DA:311,3
DA:312,9
DA:313,9
DA:314,9
DA:315,6
LF:92
LH:86
BRDA:47,0,0,0
BRDA:47,0,1,28
BRDA:61,1,0,1
BRDA:61,1,1,2
BRDA:85,2,0,10
BRDA:85,2,1,73
BRDA:146,3,0,6
BRDA:146,3,1,3
BRDA:148,4,0,0
BRDA:148,4,1,3
BRDA:155,5,0,7
BRDA:155,5,1,1
BRDA:164,6,0,9
BRDA:164,6,1,0
BRDA:184,7,0,0
BRDA:184,7,1,1
BRDA:201,8,0,0
BRDA:203,9,0,4
BRDA:203,9,1,5
BRDA:205,10,0,1
BRDA:205,10,1,8
BRDA:229,11,0,2
BRDA:229,11,1,0
BRDA:240,12,0,0
BRDA:242,13,0,4
BRDA:242,13,1,1
BRDA:245,14,0,0
BRDA:245,14,1,5
BRDA:297,15,0,42
BRDA:299,16,0,42
BRDA:299,16,1,2
BRDA:300,17,0,0
BRDA:300,17,1,44
BRDA:314,18,0,3
BRDA:314,18,1,6
BRDA:314,19,0,0
BRDA:314,19,1,3
BRDA:315,20,0,0
BRDA:315,20,1,6
BRF:39
BRH:28
end_of_record
TN:
SF:/Users/sth1pal/Documents/Development/JavaScript/nodejs/ts6/dev/hsLibs/node/hsNode/src/httpUtil.ts
FN:39,(anonymous_0)
FN:47,(anonymous_1)
FN:59,(anonymous_2)
FN:78,(anonymous_3)
FN:117,omitNull
FN:123,(anonymous_5)
FN:133,compileParams
FN:148,putDoubleQuotes
FN:152,parseDigestResponse
FN:155,(anonymous_9)
FN:156,(anonymous_10)
FN:162,isBinary
FN:173,getAttributes
FN:199,request
FN:214,requestOptions
FN:217,(anonymous_15)
FN:220,(anonymous_16)
FN:224,(anonymous_17)
FN:225,(anonymous_18)
FN:227,(anonymous_19)
FN:233,(anonymous_20)
FN:248,xml2json
FNF:22
FNH:21
FNDA:1,(anonymous_0)
FNDA:1,(anonymous_1)
FNDA:1,(anonymous_2)
FNDA:1,(anonymous_3)
FNDA:1,omitNull
FNDA:7,(anonymous_5)
FNDA:1,compileParams
FNDA:9,putDoubleQuotes
FNDA:1,parseDigestResponse
FNDA:3,(anonymous_9)
FNDA:6,(anonymous_10)
FNDA:5,isBinary
FNDA:3,getAttributes
FNDA:4,request
FNDA:5,requestOptions
FNDA:5,(anonymous_15)
FNDA:5,(anonymous_16)
FNDA:5,(anonymous_17)
FNDA:5,(anonymous_18)
FNDA:0,(anonymous_19)
FNDA:5,(anonymous_20)
FNDA:4,xml2json
DA:7,2
DA:9,2
DA:10,2
DA:34,2
DA:35,1
DA:40,1
DA:41,1
DA:48,1
DA:49,1
DA:50,1
DA:51,1
DA:52,1
DA:63,1
DA:64,1
DA:65,1
DA:66,1
DA:67,1
DA:69,1
DA:79,1
DA:81,1
DA:82,1
DA:83,1
DA:84,1
DA:85,1
DA:86,1
DA:87,1
DA:89,1
DA:90,1
DA:91,1
DA:92,1
DA:95,1
DA:105,1
DA:107,1
DA:108,1
DA:109,1
DA:112,1
DA:113,1
DA:122,1
DA:123,1
DA:124,7
DA:126,1
DA:134,1
DA:135,1
DA:136,9
DA:137,9
DA:138,9
DA:141,1
DA:149,9
DA:153,1
DA:154,1
DA:155,1
DA:156,6
DA:157,3
DA:159,1
DA:163,5
DA:169,5
DA:170,5
DA:174,3
DA:175,3
DA:176,3
DA:177,3
DA:178,3
DA:179,0
DA:180,0
DA:181,0
DA:184,3
DA:199,2
DA:200,4
DA:210,4
DA:211,4
DA:215,5
DA:216,5
DA:217,5
DA:218,5
DA:219,5
DA:220,5
DA:221,5
DA:222,5
DA:223,5
DA:224,5
DA:225,5
DA:227,5
DA:230,5
DA:231,5
DA:234,5
DA:235,1
DA:237,4
DA:248,2
DA:250,4
DA:251,4
DA:252,4
DA:253,3
DA:254,3
DA:255,3
DA:256,3
DA:257,3
DA:258,3
DA:259,3
DA:260,3
DA:261,3
DA:264,0
DA:267,1
DA:268,1
DA:271,4
LF:104
LH:100
BRDA:50,0,0,0
BRDA:50,0,1,1
BRDA:63,1,0,1
BRDA:63,1,1,0
BRDA:107,2,0,1
BRDA:107,2,1,0
BRDA:124,3,0,7
BRDA:124,3,1,0
BRDA:124,4,0,7
BRDA:124,4,1,7
BRDA:136,5,0,9
BRDA:136,5,1,0
BRDA:137,6,0,7
BRDA:137,6,1,2
BRDA:170,7,0,0
BRDA:170,7,1,5
BRDA:177,8,0,3
BRDA:177,8,1,0
BRDA:180,9,0,0
BRDA:180,9,1,0
BRDA:201,10,0,0
BRDA:201,10,1,4
BRDA:207,11,0,4
BRDA:207,11,1,2
BRDA:210,12,0,1
BRDA:210,12,1,3
BRDA:215,13,0,5
BRDA:215,13,1,5
BRDA:219,14,0,1
BRDA:219,14,1,4
BRDA:221,15,0,0
BRDA:221,15,1,5
BRDA:230,16,0,0
BRDA:230,16,1,5
BRDA:234,17,0,1
BRDA:234,17,1,4
BRDA:234,18,0,5
BRDA:234,18,1,1
BRDA:252,19,0,3
BRDA:252,19,1,1
BRDA:252,20,0,4
BRDA:252,20,1,3
BRDA:254,21,0,3
BRDA:254,21,1,3
BRDA:258,22,0,3
BRDA:258,22,1,0
BRF:46
BRH:33
end_of_record
TN:
SF:/Users/sth1pal/Documents/Development/JavaScript/nodejs/ts6/dev/hsLibs/node/hsNode/src/index.ts
FNF:0
FNH:0
DA:1,1
DA:3,1
DA:4,1
DA:6,1
DA:7,1
DA:9,1
DA:10,1
LF:7
LH:7
BRF:0
BRH:0
end_of_record
TN:
SF:/Users/sth1pal/Documents/Development/JavaScript/nodejs/ts6/dev/hsLibs/node/hsNode/src/log.ts
FN:126,(anonymous_0)
FN:146,(anonymous_1)
FN:171,(anonymous_2)
FN:180,(anonymous_3)
FN:189,(anonymous_4)
FN:197,(anonymous_5)
FN:208,(anonymous_6)
FN:220,(anonymous_7)
FN:235,(anonymous_8)
FN:244,(anonymous_9)
FN:252,(anonymous_10)
FN:271,(anonymous_11)
FN:285,(anonymous_12)
FN:300,(anonymous_13)
FN:310,(anonymous_14)
FNF:15
FNH:13
FNDA:3,(anonymous_0)
FNDA:42,(anonymous_1)
FNDA:22,(anonymous_2)
FNDA:31,(anonymous_3)
FNDA:3,(anonymous_4)
FNDA:1,(anonymous_5)
FNDA:8,(anonymous_6)
FNDA:25,(anonymous_7)
FNDA:24,(anonymous_8)
FNDA:1,(anonymous_9)
FNDA:0,(anonymous_10)
FNDA:87,(anonymous_11)
FNDA:0,(anonymous_12)
FNDA:5,(anonymous_13)
FNDA:1,(anonymous_14)
DA:62,2
DA:63,2
DA:64,2
DA:65,2
DA:75,2
DA:78,2
DA:81,2
DA:84,2
DA:88,2
DA:96,2
DA:99,2
DA:100,2
DA:106,2
DA:109,2
DA:118,2
DA:120,3
DA:121,3
DA:122,3
DA:123,3
DA:124,3
DA:127,3
DA:147,42
DA:148,42
DA:149,42
DA:150,8
DA:151,34
DA:152,4
DA:153,30
DA:154,29
DA:155,25
DA:156,29
DA:157,29
DA:159,1
DA:161,42
DA:171,22
DA:180,31
DA:189,3
DA:197,1
DA:209,8
DA:210,3
DA:211,8
DA:221,25
DA:222,25
DA:236,24
DA:237,1
DA:238,1
DA:239,23
DA:240,1
DA:241,22
DA:242,1
DA:243,1
DA:245,1
DA:246,1
DA:247,1
DA:249,0
DA:250,0
DA:253,0
DA:254,0
DA:256,21
DA:257,21
DA:260,21
DA:261,21
DA:272,87
DA:273,87
DA:274,87
DA:275,87
DA:276,47
DA:277,47
DA:278,47
DA:279,47
DA:280,47
DA:281,47
DA:282,47
DA:283,42
DA:284,42
DA:286,0
DA:287,0
DA:291,45
DA:300,5
DA:311,1
DA:312,1
DA:313,1
DA:314,1
DA:315,1
LF:84
LH:78
BRDA:126,0,0,0
BRDA:146,1,0,38
BRDA:147,2,0,42
BRDA:147,2,1,13
BRDA:148,3,0,42
BRDA:148,3,1,6
BRDA:149,4,0,8
BRDA:149,4,1,34
BRDA:151,5,0,4
BRDA:151,5,1,30
BRDA:153,6,0,29
BRDA:153,6,1,1
BRDA:154,7,0,4
BRDA:154,7,1,25
BRDA:156,8,0,4
BRDA:156,8,1,25
BRDA:157,9,0,15
BRDA:157,9,1,14
BRDA:171,10,0,22
BRDA:180,11,0,31
BRDA:189,12,0,3
BRDA:197,13,0,1
BRDA:209,14,0,5
BRDA:209,14,1,3
BRDA:210,15,0,2
BRDA:210,15,1,1
BRDA:221,16,0,24
BRDA:221,16,1,1
BRDA:236,17,0,1
BRDA:236,17,1,23
BRDA:239,18,0,1
BRDA:239,18,1,22
BRDA:241,19,0,1
BRDA:241,19,1,21
BRDA:245,20,0,1
BRDA:245,20,1,0
BRDA:256,21,0,21
BRDA:256,21,1,0
BRDA:261,22,0,21
BRDA:261,22,1,0
BRDA:271,23,0,30
BRDA:274,24,0,87
BRDA:274,24,1,26
BRDA:275,25,0,47
BRDA:275,25,1,40
BRDA:277,26,0,47
BRDA:277,26,1,0
BRDA:279,27,0,47
BRDA:279,27,1,0
BRDA:280,28,0,47
BRDA:280,28,1,0
BRDA:281,29,0,0
BRDA:281,29,1,47
BRDA:281,30,0,47
BRDA:281,30,1,47
BRDA:282,31,0,42
BRDA:282,31,1,5
BRDA:282,32,0,47
BRDA:282,32,1,42
BRDA:300,33,0,0
BRDA:312,34,0,0
BRDA:312,34,1,1
BRDA:313,35,0,0
BRDA:313,35,1,1
BRDA:314,36,0,1
BRDA:314,36,1,0
BRDA:315,37,0,0
BRDA:315,37,1,1
BRF:68
BRH:55
end_of_record
